
- Starting train <--- 
	 ------ Epoch: 1 ------ 

- Starting train <--- 
	 ------ Epoch: 1 ------ 
[Global iteration 10], [iter 10 / 190], [train loss 3.82240] 
[Global iteration 20], [iter 20 / 190], [train loss 3.82197] 
[Global iteration 30], [iter 30 / 190], [train loss 3.82283] 
[Global iteration 40], [iter 40 / 190], [train loss 3.82261] 
[Global iteration 50], [iter 50 / 190], [train loss 3.82259] 
[Global iteration 60], [iter 60 / 190], [train loss 3.82213] 
[Global iteration 70], [iter 70 / 190], [train loss 3.82211] 
[Global iteration 80], [iter 80 / 190], [train loss 3.82137] 
[Global iteration 90], [iter 90 / 190], [train loss 3.82124] 
[Global iteration 100], [iter 100 / 190], [train loss 3.82131] 
[Global iteration 110], [iter 110 / 190], [train loss 3.82108] 
[Global iteration 120], [iter 120 / 190], [train loss 3.82060] 
[Global iteration 130], [iter 130 / 190], [train loss 3.82042] 
[Global iteration 140], [iter 140 / 190], [train loss 3.82062] 
[Global iteration 150], [iter 150 / 190], [train loss 3.82043] 
[Global iteration 160], [iter 160 / 190], [train loss 3.82032] 
[Global iteration 170], [iter 170 / 190], [train loss 3.82034] 
[Global iteration 180], [iter 180 / 190], [train loss 3.82052] 
[Global iteration 190], [iter 190 / 190], [train loss 3.82044] 
----------------- Epoch scores summary -------------------------
[epoch 1], [val loss 0.05121], [acc 96.51], [precision 0.43], [recall 2.17], [f1score 0.72]
---------------------------------------------------------------- 
	 Epoch step finished: 35s 
	 ------ Epoch: 2 ------ 
[Global iteration 200], [iter 10 / 190], [train loss 3.81869] 
[Global iteration 210], [iter 20 / 190], [train loss 3.81634] 
[Global iteration 220], [iter 30 / 190], [train loss 3.81574] 
[Global iteration 230], [iter 40 / 190], [train loss 3.81609] 
[Global iteration 240], [iter 50 / 190], [train loss 3.81654] 
[Global iteration 250], [iter 60 / 190], [train loss 3.81637] 
[Global iteration 260], [iter 70 / 190], [train loss 3.81590] 
[Global iteration 270], [iter 80 / 190], [train loss 3.81540] 
[Global iteration 280], [iter 90 / 190], [train loss 3.81528] 
[Global iteration 290], [iter 100 / 190], [train loss 3.81491] 
[Global iteration 300], [iter 110 / 190], [train loss 3.81477] 
[Global iteration 310], [iter 120 / 190], [train loss 3.81465] 
[Global iteration 320], [iter 130 / 190], [train loss 3.81438] 
[Global iteration 330], [iter 140 / 190], [train loss 3.81423] 
[Global iteration 340], [iter 150 / 190], [train loss 3.81420] 

- Starting train <--- 
	 ------ Epoch: 1 ------ 
[Global iteration 10], [iter 10 / 190], [train loss 3.82861] 
[Global iteration 20], [iter 20 / 190], [train loss 3.82945] 
[Global iteration 30], [iter 30 / 190], [train loss 3.82880] 
[Global iteration 40], [iter 40 / 190], [train loss 3.82867] 
[Global iteration 50], [iter 50 / 190], [train loss 3.82894] 
[Global iteration 60], [iter 60 / 190], [train loss 3.82831] 
[Global iteration 70], [iter 70 / 190], [train loss 3.82831] 
[Global iteration 80], [iter 80 / 190], [train loss 3.82803] 
[Global iteration 90], [iter 90 / 190], [train loss 3.82781] 
[Global iteration 100], [iter 100 / 190], [train loss 3.82778] 
[Global iteration 110], [iter 110 / 190], [train loss 3.82764] 
[Global iteration 120], [iter 120 / 190], [train loss 3.82748] 
[Global iteration 130], [iter 130 / 190], [train loss 3.82732] 
[Global iteration 140], [iter 140 / 190], [train loss 3.82710] 
[Global iteration 150], [iter 150 / 190], [train loss 3.82692] 
[Global iteration 160], [iter 160 / 190], [train loss 3.82685] 
[Global iteration 170], [iter 170 / 190], [train loss 3.82658] 
[Global iteration 180], [iter 180 / 190], [train loss 3.82633] 
[Global iteration 190], [iter 190 / 190], [train loss 3.82620] 
----------------- Epoch scores summary -------------------------
[epoch 1], [val loss 0.05167], [acc 95.77], [precision 0.06], [recall 2.17], [f1score 0.11]
---------------------------------------------------------------- 
	 Epoch step finished: 30s 
	 ------ Epoch: 2 ------ 
[Global iteration 200], [iter 10 / 190], [train loss 3.82383] 
[Global iteration 210], [iter 20 / 190], [train loss 3.82402] 
[Global iteration 220], [iter 30 / 190], [train loss 3.82311] 
[Global iteration 230], [iter 40 / 190], [train loss 3.82279] 
[Global iteration 240], [iter 50 / 190], [train loss 3.82275] 
[Global iteration 250], [iter 60 / 190], [train loss 3.82240] 
[Global iteration 260], [iter 70 / 190], [train loss 3.82210] 
[Global iteration 270], [iter 80 / 190], [train loss 3.82170] 
[Global iteration 280], [iter 90 / 190], [train loss 3.82092] 
[Global iteration 290], [iter 100 / 190], [train loss 3.82065] 
[Global iteration 300], [iter 110 / 190], [train loss 3.82049] 
[Global iteration 310], [iter 120 / 190], [train loss 3.82049] 
[Global iteration 320], [iter 130 / 190], [train loss 3.82022] 
[Global iteration 330], [iter 140 / 190], [train loss 3.82013] 
[Global iteration 340], [iter 150 / 190], [train loss 3.81992] 
[Global iteration 350], [iter 160 / 190], [train loss 3.81966] 
[Global iteration 360], [iter 170 / 190], [train loss 3.81958] 
[Global iteration 370], [iter 180 / 190], [train loss 3.81934] 
[Global iteration 380], [iter 190 / 190], [train loss 3.81900] 
----------------- Epoch scores summary -------------------------
[epoch 2], [val loss 0.05149], [acc 95.77], [precision 0.06], [recall 2.17], [f1score 0.11]
---------------------------------------------------------------- 
	 Epoch step finished: 40s 
	 ------ Epoch: 3 ------ 
[Global iteration 390], [iter 10 / 190], [train loss 3.81717] 
[Global iteration 400], [iter 20 / 190], [train loss 3.81721] 
[Global iteration 410], [iter 30 / 190], [train loss 3.81570] 
[Global iteration 420], [iter 40 / 190], [train loss 3.81494] 
[Global iteration 430], [iter 50 / 190], [train loss 3.81396] 
[Global iteration 440], [iter 60 / 190], [train loss 3.81332] 
[Global iteration 450], [iter 70 / 190], [train loss 3.81311] 
[Global iteration 460], [iter 80 / 190], [train loss 3.81294] 
[Global iteration 470], [iter 90 / 190], [train loss 3.81264] 
[Global iteration 480], [iter 100 / 190], [train loss 3.81233] 
[Global iteration 490], [iter 110 / 190], [train loss 3.81190] 
[Global iteration 500], [iter 120 / 190], [train loss 3.81177] 
[Global iteration 510], [iter 130 / 190], [train loss 3.81136] 
[Global iteration 520], [iter 140 / 190], [train loss 3.81099] 
[Global iteration 530], [iter 150 / 190], [train loss 3.81069] 
[Global iteration 540], [iter 160 / 190], [train loss 3.81055] 
[Global iteration 550], [iter 170 / 190], [train loss 3.81016] 
[Global iteration 560], [iter 180 / 190], [train loss 3.80980] 
[Global iteration 570], [iter 190 / 190], [train loss 3.80954] 
----------------- Epoch scores summary -------------------------
[epoch 3], [val loss 0.05126], [acc 96.51], [precision 0.43], [recall 2.17], [f1score 0.72]
---------------------------------------------------------------- 

- Starting train <--- 
	 ------ Epoch: 1 ------ 
[Global iteration 10], [iter 10 / 190], [train loss 3.83143] 
[Global iteration 20], [iter 20 / 190], [train loss 3.83031] 
[Global iteration 30], [iter 30 / 190], [train loss 3.82932] 
[Global iteration 40], [iter 40 / 190], [train loss 3.82970] 
[Global iteration 50], [iter 50 / 190], [train loss 3.82933] 
[Global iteration 60], [iter 60 / 190], [train loss 3.82873] 
[Global iteration 70], [iter 70 / 190], [train loss 3.82799] 
[Global iteration 80], [iter 80 / 190], [train loss 3.82833] 
[Global iteration 90], [iter 90 / 190], [train loss 3.82785] 
[Global iteration 100], [iter 100 / 190], [train loss 3.82758] 
[Global iteration 110], [iter 110 / 190], [train loss 3.82743] 
[Global iteration 120], [iter 120 / 190], [train loss 3.82703] 
[Global iteration 130], [iter 130 / 190], [train loss 3.82669] 
[Global iteration 140], [iter 140 / 190], [train loss 3.82595] 
[Global iteration 150], [iter 150 / 190], [train loss 3.82542] 
[Global iteration 160], [iter 160 / 190], [train loss 3.82488] 
[Global iteration 170], [iter 170 / 190], [train loss 3.82427] 
[Global iteration 180], [iter 180 / 190], [train loss 3.82365] 
[Global iteration 190], [iter 190 / 190], [train loss 3.82304] 
----------------- Epoch scores summary -------------------------
[epoch 1], [val loss 0.05149], [acc 95.76], [precision 0.06], [recall 2.17], [f1score 0.11]
---------------------------------------------------------------- 
	 Epoch step finished: 32s 
	 ------ Epoch: 2 ------ 
[Global iteration 200], [iter 10 / 190], [train loss 3.81056] 
[Global iteration 210], [iter 20 / 190], [train loss 3.80951] 
[Global iteration 220], [iter 30 / 190], [train loss 3.80862] 
[Global iteration 230], [iter 40 / 190], [train loss 3.80745] 
[Global iteration 240], [iter 50 / 190], [train loss 3.80688] 
[Global iteration 250], [iter 60 / 190], [train loss 3.80599] 
[Global iteration 260], [iter 70 / 190], [train loss 3.80495] 
[Global iteration 270], [iter 80 / 190], [train loss 3.80376] 
[Global iteration 280], [iter 90 / 190], [train loss 3.80228] 
[Global iteration 290], [iter 100 / 190], [train loss 3.80125] 
[Global iteration 300], [iter 110 / 190], [train loss 3.79973] 
[Global iteration 310], [iter 120 / 190], [train loss 3.79791] 
[Global iteration 320], [iter 130 / 190], [train loss 3.79615] 
[Global iteration 330], [iter 140 / 190], [train loss 3.79464] 
[Global iteration 340], [iter 150 / 190], [train loss 3.79294] 
[Global iteration 350], [iter 160 / 190], [train loss 3.79159] 
[Global iteration 360], [iter 170 / 190], [train loss 3.79042] 
[Global iteration 370], [iter 180 / 190], [train loss 3.78878] 
[Global iteration 380], [iter 190 / 190], [train loss 3.78710] 
----------------- Epoch scores summary -------------------------
[epoch 2], [val loss 0.05020], [acc 96.51], [precision 0.43], [recall 2.17], [f1score 0.72]
---------------------------------------------------------------- 
	 Epoch step finished: 48s 
	 ------ Epoch: 3 ------ 
[Global iteration 390], [iter 10 / 190], [train loss 3.75722] 
[Global iteration 400], [iter 20 / 190], [train loss 3.75290] 
[Global iteration 410], [iter 30 / 190], [train loss 3.75000] 
[Global iteration 420], [iter 40 / 190], [train loss 3.74517] 
[Global iteration 430], [iter 50 / 190], [train loss 3.74218] 
[Global iteration 440], [iter 60 / 190], [train loss 3.73908] 
[Global iteration 450], [iter 70 / 190], [train loss 3.73381] 
[Global iteration 460], [iter 80 / 190], [train loss 3.72970] 
[Global iteration 470], [iter 90 / 190], [train loss 3.72540] 
[Global iteration 480], [iter 100 / 190], [train loss 3.72244] 
[Global iteration 490], [iter 110 / 190], [train loss 3.71833] 
[Global iteration 500], [iter 120 / 190], [train loss 3.71459] 
[Global iteration 510], [iter 130 / 190], [train loss 3.70965] 
[Global iteration 520], [iter 140 / 190], [train loss 3.70383] 
[Global iteration 530], [iter 150 / 190], [train loss 3.69885] 
[Global iteration 540], [iter 160 / 190], [train loss 3.69501] 
[Global iteration 550], [iter 170 / 190], [train loss 3.68978] 
[Global iteration 560], [iter 180 / 190], [train loss 3.68572] 
[Global iteration 570], [iter 190 / 190], [train loss 3.68081] 
----------------- Epoch scores summary -------------------------
[epoch 3], [val loss 0.04632], [acc 96.51], [precision 0.43], [recall 2.17], [f1score 0.72]
---------------------------------------------------------------- 

- Starting train <--- 
	 ------ Epoch: 1 ------ 
[Global iteration 10], [iter 10 / 190], [train loss 3.82578] 
[Global iteration 20], [iter 20 / 190], [train loss 3.82575] 
[Global iteration 30], [iter 30 / 190], [train loss 3.82412] 
[Global iteration 40], [iter 40 / 190], [train loss 3.82101] 
[Global iteration 50], [iter 50 / 190], [train loss 3.81957] 
[Global iteration 60], [iter 60 / 190], [train loss 3.81813] 
[Global iteration 70], [iter 70 / 190], [train loss 3.81608] 
[Global iteration 80], [iter 80 / 190], [train loss 3.81356] 
[Global iteration 90], [iter 90 / 190], [train loss 3.81135] 
[Global iteration 100], [iter 100 / 190], [train loss 3.80840] 
[Global iteration 110], [iter 110 / 190], [train loss 3.80528] 
[Global iteration 120], [iter 120 / 190], [train loss 3.80189] 
[Global iteration 130], [iter 130 / 190], [train loss 3.79797] 
[Global iteration 140], [iter 140 / 190], [train loss 3.79327] 
[Global iteration 150], [iter 150 / 190], [train loss 3.78943] 
[Global iteration 160], [iter 160 / 190], [train loss 3.78411] 
[Global iteration 170], [iter 170 / 190], [train loss 3.77751] 
[Global iteration 180], [iter 180 / 190], [train loss 3.77091] 
[Global iteration 190], [iter 190 / 190], [train loss 3.76418] 
----------------- Epoch scores summary -------------------------
[epoch 1], [val loss 0.04744], [acc 96.51], [precision 0.43], [recall 2.17], [f1score 0.72]
---------------------------------------------------------------- 
	 Epoch step finished: 32s 
	 ------ Epoch: 2 ------ 
[Global iteration 200], [iter 10 / 190], [train loss 3.62183] 
[Global iteration 210], [iter 20 / 190], [train loss 3.60892] 
[Global iteration 220], [iter 30 / 190], [train loss 3.59191] 
[Global iteration 230], [iter 40 / 190], [train loss 3.58224] 
[Global iteration 240], [iter 50 / 190], [train loss 3.56822] 
[Global iteration 250], [iter 60 / 190], [train loss 3.55532] 
[Global iteration 260], [iter 70 / 190], [train loss 3.54213] 
[Global iteration 270], [iter 80 / 190], [train loss 3.52334] 
[Global iteration 280], [iter 90 / 190], [train loss 3.50881] 
[Global iteration 290], [iter 100 / 190], [train loss 3.49567] 
[Global iteration 300], [iter 110 / 190], [train loss 3.48774] 
[Global iteration 310], [iter 120 / 190], [train loss 3.47707] 
[Global iteration 320], [iter 130 / 190], [train loss 3.46912] 
[Global iteration 330], [iter 140 / 190], [train loss 3.46027] 
[Global iteration 340], [iter 150 / 190], [train loss 3.45523] 
[Global iteration 350], [iter 160 / 190], [train loss 3.44693] 
[Global iteration 360], [iter 170 / 190], [train loss 3.44190] 
[Global iteration 370], [iter 180 / 190], [train loss 3.44166] 
[Global iteration 380], [iter 190 / 190], [train loss 3.43782] 
----------------- Epoch scores summary -------------------------
[epoch 2], [val loss 0.04027], [acc 96.89], [precision 0.62], [recall 2.17], [f1score 0.96]
---------------------------------------------------------------- 
	 Epoch step finished: 29s 
	 ------ Epoch: 3 ------ 
[Global iteration 390], [iter 10 / 190], [train loss 3.41621] 
[Global iteration 400], [iter 20 / 190], [train loss 3.37565] 
[Global iteration 410], [iter 30 / 190], [train loss 3.37294] 
[Global iteration 420], [iter 40 / 190], [train loss 3.37085] 
[Global iteration 430], [iter 50 / 190], [train loss 3.36134] 
[Global iteration 440], [iter 60 / 190], [train loss 3.36325] 
[Global iteration 450], [iter 70 / 190], [train loss 3.35859] 
[Global iteration 460], [iter 80 / 190], [train loss 3.36237] 
[Global iteration 470], [iter 90 / 190], [train loss 3.35734] 
[Global iteration 480], [iter 100 / 190], [train loss 3.35612] 
[Global iteration 490], [iter 110 / 190], [train loss 3.35638] 
[Global iteration 500], [iter 120 / 190], [train loss 3.35274] 
[Global iteration 510], [iter 130 / 190], [train loss 3.35121] 
[Global iteration 520], [iter 140 / 190], [train loss 3.35229] 
[Global iteration 530], [iter 150 / 190], [train loss 3.35308] 
[Global iteration 540], [iter 160 / 190], [train loss 3.35133] 
[Global iteration 550], [iter 170 / 190], [train loss 3.34822] 
[Global iteration 560], [iter 180 / 190], [train loss 3.34715] 
[Global iteration 570], [iter 190 / 190], [train loss 3.34553] 
----------------- Epoch scores summary -------------------------
[epoch 3], [val loss 0.04006], [acc 96.51], [precision 0.43], [recall 2.17], [f1score 0.72]
---------------------------------------------------------------- 
	 Epoch step finished: 32s 
	 ------ Epoch: 4 ------ 
[Global iteration 580], [iter 10 / 190], [train loss 3.40194] 
[Global iteration 590], [iter 20 / 190], [train loss 3.35531] 
[Global iteration 600], [iter 30 / 190], [train loss 3.34036] 
[Global iteration 610], [iter 40 / 190], [train loss 3.33815] 
[Global iteration 620], [iter 50 / 190], [train loss 3.33597] 
[Global iteration 630], [iter 60 / 190], [train loss 3.34212] 
[Global iteration 640], [iter 70 / 190], [train loss 3.34449] 
[Global iteration 650], [iter 80 / 190], [train loss 3.34264] 
[Global iteration 660], [iter 90 / 190], [train loss 3.33741] 
[Global iteration 670], [iter 100 / 190], [train loss 3.33935] 
[Global iteration 680], [iter 110 / 190], [train loss 3.33639] 
[Global iteration 690], [iter 120 / 190], [train loss 3.33600] 
[Global iteration 700], [iter 130 / 190], [train loss 3.33622] 
[Global iteration 710], [iter 140 / 190], [train loss 3.33754] 
[Global iteration 720], [iter 150 / 190], [train loss 3.33942] 
[Global iteration 730], [iter 160 / 190], [train loss 3.33853] 
[Global iteration 740], [iter 170 / 190], [train loss 3.33678] 
[Global iteration 750], [iter 180 / 190], [train loss 3.33847] 
[Global iteration 760], [iter 190 / 190], [train loss 3.33947] 
----------------- Epoch scores summary -------------------------
[epoch 4], [val loss 0.04033], [acc 96.51], [precision 0.43], [recall 2.17], [f1score 0.72]
---------------------------------------------------------------- 
	 Epoch step finished: 31s 
	 ------ Epoch: 5 ------ 
[Global iteration 770], [iter 10 / 190], [train loss 3.29707] 
[Global iteration 780], [iter 20 / 190], [train loss 3.32275] 
[Global iteration 790], [iter 30 / 190], [train loss 3.33507] 
[Global iteration 800], [iter 40 / 190], [train loss 3.33196] 
[Global iteration 810], [iter 50 / 190], [train loss 3.32744] 
[Global iteration 820], [iter 60 / 190], [train loss 3.33227] 
[Global iteration 830], [iter 70 / 190], [train loss 3.33074] 
[Global iteration 840], [iter 80 / 190], [train loss 3.33263] 
[Global iteration 850], [iter 90 / 190], [train loss 3.33694] 
[Global iteration 860], [iter 100 / 190], [train loss 3.34060] 
[Global iteration 870], [iter 110 / 190], [train loss 3.34313] 
[Global iteration 880], [iter 120 / 190], [train loss 3.34044] 
[Global iteration 890], [iter 130 / 190], [train loss 3.34061] 
[Global iteration 900], [iter 140 / 190], [train loss 3.33737] 
[Global iteration 910], [iter 150 / 190], [train loss 3.33683] 
[Global iteration 920], [iter 160 / 190], [train loss 3.33674] 
[Global iteration 930], [iter 170 / 190], [train loss 3.33630] 
[Global iteration 940], [iter 180 / 190], [train loss 3.33484] 
[Global iteration 950], [iter 190 / 190], [train loss 3.33732] 
----------------- Epoch scores summary -------------------------
[epoch 5], [val loss 0.04096], [acc 96.51], [precision 0.43], [recall 2.17], [f1score 0.72]
---------------------------------------------------------------- 
	 Epoch step finished: 35s 
	 ------ Epoch: 6 ------ 
[Global iteration 960], [iter 10 / 190], [train loss 3.32818] 
[Global iteration 970], [iter 20 / 190], [train loss 3.31355] 
[Global iteration 980], [iter 30 / 190], [train loss 3.30593] 
[Global iteration 990], [iter 40 / 190], [train loss 3.32055] 
[Global iteration 1000], [iter 50 / 190], [train loss 3.33414] 
[Global iteration 1010], [iter 60 / 190], [train loss 3.33912] 
[Global iteration 1020], [iter 70 / 190], [train loss 3.33356] 
[Global iteration 1030], [iter 80 / 190], [train loss 3.33078] 
[Global iteration 1040], [iter 90 / 190], [train loss 3.32964] 
[Global iteration 1050], [iter 100 / 190], [train loss 3.32967] 
[Global iteration 1060], [iter 110 / 190], [train loss 3.32862] 
[Global iteration 1070], [iter 120 / 190], [train loss 3.33107] 
[Global iteration 1080], [iter 130 / 190], [train loss 3.33512] 
[Global iteration 1090], [iter 140 / 190], [train loss 3.33533] 
[Global iteration 1100], [iter 150 / 190], [train loss 3.33403] 
[Global iteration 1110], [iter 160 / 190], [train loss 3.33047] 
[Global iteration 1120], [iter 170 / 190], [train loss 3.33233] 
[Global iteration 1130], [iter 180 / 190], [train loss 3.33174] 
[Global iteration 1140], [iter 190 / 190], [train loss 3.33544] 
----------------- Epoch scores summary -------------------------
[epoch 6], [val loss 0.04022], [acc 96.51], [precision 0.43], [recall 2.17], [f1score 0.72]
---------------------------------------------------------------- 
	 Epoch step finished: 41s 
	 ------ Epoch: 7 ------ 
[Global iteration 1150], [iter 10 / 190], [train loss 3.34454] 
[Global iteration 1160], [iter 20 / 190], [train loss 3.35211] 
[Global iteration 1170], [iter 30 / 190], [train loss 3.33296] 
[Global iteration 1180], [iter 40 / 190], [train loss 3.33705] 
[Global iteration 1190], [iter 50 / 190], [train loss 3.33650] 
[Global iteration 1200], [iter 60 / 190], [train loss 3.33668] 
[Global iteration 1210], [iter 70 / 190], [train loss 3.34166] 
[Global iteration 1220], [iter 80 / 190], [train loss 3.34344] 
[Global iteration 1230], [iter 90 / 190], [train loss 3.33932] 
[Global iteration 1240], [iter 100 / 190], [train loss 3.34443] 
[Global iteration 1250], [iter 110 / 190], [train loss 3.34014] 
[Global iteration 1260], [iter 120 / 190], [train loss 3.33725] 
[Global iteration 1270], [iter 130 / 190], [train loss 3.33759] 
[Global iteration 1280], [iter 140 / 190], [train loss 3.33668] 
[Global iteration 1290], [iter 150 / 190], [train loss 3.33412] 
[Global iteration 1300], [iter 160 / 190], [train loss 3.33672] 
[Global iteration 1310], [iter 170 / 190], [train loss 3.33368] 
[Global iteration 1320], [iter 180 / 190], [train loss 3.33292] 
[Global iteration 1330], [iter 190 / 190], [train loss 3.33302] 
----------------- Epoch scores summary -------------------------
[epoch 7], [val loss 0.04038], [acc 96.51], [precision 0.43], [recall 2.17], [f1score 0.72]
---------------------------------------------------------------- 
	 Epoch step finished: 42s 
	 ------ Epoch: 8 ------ 
[Global iteration 1340], [iter 10 / 190], [train loss 3.39690] 
[Global iteration 1350], [iter 20 / 190], [train loss 3.37684] 
[Global iteration 1360], [iter 30 / 190], [train loss 3.35485] 
[Global iteration 1370], [iter 40 / 190], [train loss 3.34868] 
[Global iteration 1380], [iter 50 / 190], [train loss 3.34591] 
[Global iteration 1390], [iter 60 / 190], [train loss 3.34271] 
[Global iteration 1400], [iter 70 / 190], [train loss 3.33513] 
[Global iteration 1410], [iter 80 / 190], [train loss 3.33872] 
[Global iteration 1420], [iter 90 / 190], [train loss 3.33642] 
[Global iteration 1430], [iter 100 / 190], [train loss 3.33083] 
[Global iteration 1440], [iter 110 / 190], [train loss 3.33266] 
[Global iteration 1450], [iter 120 / 190], [train loss 3.33274] 
[Global iteration 1460], [iter 130 / 190], [train loss 3.33347] 
[Global iteration 1470], [iter 140 / 190], [train loss 3.33577] 
[Global iteration 1480], [iter 150 / 190], [train loss 3.33647] 
[Global iteration 1490], [iter 160 / 190], [train loss 3.33513] 
[Global iteration 1500], [iter 170 / 190], [train loss 3.33400] 
[Global iteration 1510], [iter 180 / 190], [train loss 3.33515] 
[Global iteration 1520], [iter 190 / 190], [train loss 3.33370] 
----------------- Epoch scores summary -------------------------
[epoch 8], [val loss 0.04054], [acc 96.51], [precision 0.43], [recall 2.17], [f1score 0.72]
---------------------------------------------------------------- 
	 Epoch step finished: 32s 
	 ------ Epoch: 9 ------ 
[Global iteration 1530], [iter 10 / 190], [train loss 3.30284] 
[Global iteration 1540], [iter 20 / 190], [train loss 3.33171] 
[Global iteration 1550], [iter 30 / 190], [train loss 3.33450] 
[Global iteration 1560], [iter 40 / 190], [train loss 3.33923] 
[Global iteration 1570], [iter 50 / 190], [train loss 3.34438] 
[Global iteration 1580], [iter 60 / 190], [train loss 3.33745] 
[Global iteration 1590], [iter 70 / 190], [train loss 3.33660] 
[Global iteration 1600], [iter 80 / 190], [train loss 3.33927] 
[Global iteration 1610], [iter 90 / 190], [train loss 3.34200] 
[Global iteration 1620], [iter 100 / 190], [train loss 3.33675] 
[Global iteration 1630], [iter 110 / 190], [train loss 3.34119] 
[Global iteration 1640], [iter 120 / 190], [train loss 3.33757] 
[Global iteration 1650], [iter 130 / 190], [train loss 3.33364] 
[Global iteration 1660], [iter 140 / 190], [train loss 3.33545] 
[Global iteration 1670], [iter 150 / 190], [train loss 3.33079] 
[Global iteration 1680], [iter 160 / 190], [train loss 3.33175] 
[Global iteration 1690], [iter 170 / 190], [train loss 3.33029] 
[Global iteration 1700], [iter 180 / 190], [train loss 3.33375] 
[Global iteration 1710], [iter 190 / 190], [train loss 3.33137] 
----------------- Epoch scores summary -------------------------
[epoch 9], [val loss 0.04038], [acc 96.89], [precision 0.62], [recall 2.17], [f1score 0.96]
---------------------------------------------------------------- 
	 Epoch step finished: 33s 
	 ------ Epoch: 10 ------ 
[Global iteration 1720], [iter 10 / 190], [train loss 3.29138] 
[Global iteration 1730], [iter 20 / 190], [train loss 3.28377] 
[Global iteration 1740], [iter 30 / 190], [train loss 3.30510] 
[Global iteration 1750], [iter 40 / 190], [train loss 3.31167] 
[Global iteration 1760], [iter 50 / 190], [train loss 3.30737] 
[Global iteration 1770], [iter 60 / 190], [train loss 3.31645] 
[Global iteration 1780], [iter 70 / 190], [train loss 3.31756] 
[Global iteration 1790], [iter 80 / 190], [train loss 3.32466] 
[Global iteration 1800], [iter 90 / 190], [train loss 3.32135] 
[Global iteration 1810], [iter 100 / 190], [train loss 3.32629] 
[Global iteration 1820], [iter 110 / 190], [train loss 3.32966] 
[Global iteration 1830], [iter 120 / 190], [train loss 3.33171] 
[Global iteration 1840], [iter 130 / 190], [train loss 3.32946] 
[Global iteration 1850], [iter 140 / 190], [train loss 3.32997] 
[Global iteration 1860], [iter 150 / 190], [train loss 3.33074] 
[Global iteration 1870], [iter 160 / 190], [train loss 3.33358] 
[Global iteration 1880], [iter 170 / 190], [train loss 3.33148] 
[Global iteration 1890], [iter 180 / 190], [train loss 3.33236] 
[Global iteration 1900], [iter 190 / 190], [train loss 3.33401] 
----------------- Epoch scores summary -------------------------
[epoch 10], [val loss 0.04084], [acc 96.51], [precision 0.43], [recall 2.17], [f1score 0.72]
---------------------------------------------------------------- 
	 Epoch step finished: 29s 
	 ------ Epoch: 11 ------ 
[Global iteration 1910], [iter 10 / 190], [train loss 3.38113] 
[Global iteration 1920], [iter 20 / 190], [train loss 3.36523] 
[Global iteration 1930], [iter 30 / 190], [train loss 3.35385] 
[Global iteration 1940], [iter 40 / 190], [train loss 3.35028] 
[Global iteration 1950], [iter 50 / 190], [train loss 3.35399] 
[Global iteration 1960], [iter 60 / 190], [train loss 3.35740] 
[Global iteration 1970], [iter 70 / 190], [train loss 3.35927] 
[Global iteration 1980], [iter 80 / 190], [train loss 3.36050] 
[Global iteration 1990], [iter 90 / 190], [train loss 3.35840] 
[Global iteration 2000], [iter 100 / 190], [train loss 3.35024] 
[Global iteration 2010], [iter 110 / 190], [train loss 3.35030] 
[Global iteration 2020], [iter 120 / 190], [train loss 3.35057] 
[Global iteration 2030], [iter 130 / 190], [train loss 3.34705] 
[Global iteration 2040], [iter 140 / 190], [train loss 3.34280] 
[Global iteration 2050], [iter 150 / 190], [train loss 3.34299] 
[Global iteration 2060], [iter 160 / 190], [train loss 3.33926] 
[Global iteration 2070], [iter 170 / 190], [train loss 3.33834] 
[Global iteration 2080], [iter 180 / 190], [train loss 3.33669] 
[Global iteration 2090], [iter 190 / 190], [train loss 3.33304] 
----------------- Epoch scores summary -------------------------
[epoch 11], [val loss 0.03958], [acc 96.51], [precision 0.43], [recall 2.17], [f1score 0.72]
---------------------------------------------------------------- 
	 Epoch step finished: 31s 
	 ------ Epoch: 12 ------ 
[Global iteration 2100], [iter 10 / 190], [train loss 3.30887] 
[Global iteration 2110], [iter 20 / 190], [train loss 3.30453] 
[Global iteration 2120], [iter 30 / 190], [train loss 3.30685] 
[Global iteration 2130], [iter 40 / 190], [train loss 3.31877] 
[Global iteration 2140], [iter 50 / 190], [train loss 3.32321] 
[Global iteration 2150], [iter 60 / 190], [train loss 3.32405] 
[Global iteration 2160], [iter 70 / 190], [train loss 3.32408] 
[Global iteration 2170], [iter 80 / 190], [train loss 3.33157] 
[Global iteration 2180], [iter 90 / 190], [train loss 3.33379] 
[Global iteration 2190], [iter 100 / 190], [train loss 3.33491] 
[Global iteration 2200], [iter 110 / 190], [train loss 3.33680] 
[Global iteration 2210], [iter 120 / 190], [train loss 3.33641] 
[Global iteration 2220], [iter 130 / 190], [train loss 3.33910] 
[Global iteration 2230], [iter 140 / 190], [train loss 3.33662] 
[Global iteration 2240], [iter 150 / 190], [train loss 3.33995] 
[Global iteration 2250], [iter 160 / 190], [train loss 3.33595] 
[Global iteration 2260], [iter 170 / 190], [train loss 3.33623] 
[Global iteration 2270], [iter 180 / 190], [train loss 3.33600] 
[Global iteration 2280], [iter 190 / 190], [train loss 3.33394] 
----------------- Epoch scores summary -------------------------
[epoch 12], [val loss 0.04026], [acc 96.51], [precision 0.43], [recall 2.17], [f1score 0.72]
---------------------------------------------------------------- 
	 Epoch step finished: 34s 
	 ------ Epoch: 13 ------ 
[Global iteration 2290], [iter 10 / 190], [train loss 3.33621] 
[Global iteration 2300], [iter 20 / 190], [train loss 3.32352] 
[Global iteration 2310], [iter 30 / 190], [train loss 3.32092] 
[Global iteration 2320], [iter 40 / 190], [train loss 3.32863] 
[Global iteration 2330], [iter 50 / 190], [train loss 3.32816] 
[Global iteration 2340], [iter 60 / 190], [train loss 3.33232] 
[Global iteration 2350], [iter 70 / 190], [train loss 3.33085] 
[Global iteration 2360], [iter 80 / 190], [train loss 3.33137] 
[Global iteration 2370], [iter 90 / 190], [train loss 3.33337] 
[Global iteration 2380], [iter 100 / 190], [train loss 3.33847] 
[Global iteration 2390], [iter 110 / 190], [train loss 3.33677] 
[Global iteration 2400], [iter 120 / 190], [train loss 3.33279] 
[Global iteration 2410], [iter 130 / 190], [train loss 3.33475] 
[Global iteration 2420], [iter 140 / 190], [train loss 3.33495] 
[Global iteration 2430], [iter 150 / 190], [train loss 3.33597] 
[Global iteration 2440], [iter 160 / 190], [train loss 3.33516] 
[Global iteration 2450], [iter 170 / 190], [train loss 3.33321] 
[Global iteration 2460], [iter 180 / 190], [train loss 3.33614] 
[Global iteration 2470], [iter 190 / 190], [train loss 3.33375] 
----------------- Epoch scores summary -------------------------
[epoch 13], [val loss 0.03975], [acc 96.51], [precision 0.43], [recall 2.17], [f1score 0.72]
---------------------------------------------------------------- 
	 Epoch step finished: 32s 
	 ------ Epoch: 14 ------ 
[Global iteration 2480], [iter 10 / 190], [train loss 3.35268] 
[Global iteration 2490], [iter 20 / 190], [train loss 3.35040] 
[Global iteration 2500], [iter 30 / 190], [train loss 3.36785] 
[Global iteration 2510], [iter 40 / 190], [train loss 3.35119] 
[Global iteration 2520], [iter 50 / 190], [train loss 3.34646] 
[Global iteration 2530], [iter 60 / 190], [train loss 3.35438] 
[Global iteration 2540], [iter 70 / 190], [train loss 3.34789] 
[Global iteration 2550], [iter 80 / 190], [train loss 3.34667] 
[Global iteration 2560], [iter 90 / 190], [train loss 3.34039] 
[Global iteration 2570], [iter 100 / 190], [train loss 3.34205] 
[Global iteration 2580], [iter 110 / 190], [train loss 3.34031] 
[Global iteration 2590], [iter 120 / 190], [train loss 3.33753] 
[Global iteration 2600], [iter 130 / 190], [train loss 3.33864] 
[Global iteration 2610], [iter 140 / 190], [train loss 3.33732] 
[Global iteration 2620], [iter 150 / 190], [train loss 3.33829] 
[Global iteration 2630], [iter 160 / 190], [train loss 3.33981] 
[Global iteration 2640], [iter 170 / 190], [train loss 3.33744] 
[Global iteration 2650], [iter 180 / 190], [train loss 3.33385] 
[Global iteration 2660], [iter 190 / 190], [train loss 3.33501] 
----------------- Epoch scores summary -------------------------
[epoch 14], [val loss 0.03941], [acc 96.51], [precision 0.43], [recall 2.17], [f1score 0.72]
---------------------------------------------------------------- 
	 Epoch step finished: 37s 
	 ------ Epoch: 15 ------ 
[Global iteration 2670], [iter 10 / 190], [train loss 3.35123] 
[Global iteration 2680], [iter 20 / 190], [train loss 3.34039] 
[Global iteration 2690], [iter 30 / 190], [train loss 3.33769] 
[Global iteration 2700], [iter 40 / 190], [train loss 3.34455] 
[Global iteration 2710], [iter 50 / 190], [train loss 3.34799] 
[Global iteration 2720], [iter 60 / 190], [train loss 3.34384] 
[Global iteration 2730], [iter 70 / 190], [train loss 3.34288] 
[Global iteration 2740], [iter 80 / 190], [train loss 3.34444] 
[Global iteration 2750], [iter 90 / 190], [train loss 3.34157] 
[Global iteration 2760], [iter 100 / 190], [train loss 3.34023] 
[Global iteration 2770], [iter 110 / 190], [train loss 3.33732] 
[Global iteration 2780], [iter 120 / 190], [train loss 3.33507] 
[Global iteration 2790], [iter 130 / 190], [train loss 3.33525] 
[Global iteration 2800], [iter 140 / 190], [train loss 3.33502] 
[Global iteration 2810], [iter 150 / 190], [train loss 3.33393] 
[Global iteration 2820], [iter 160 / 190], [train loss 3.33314] 
[Global iteration 2830], [iter 170 / 190], [train loss 3.33326] 
[Global iteration 2840], [iter 180 / 190], [train loss 3.33221] 
[Global iteration 2850], [iter 190 / 190], [train loss 3.33368] 
----------------- Epoch scores summary -------------------------
[epoch 15], [val loss 0.04109], [acc 96.51], [precision 0.43], [recall 2.17], [f1score 0.72]
---------------------------------------------------------------- 
	 Epoch step finished: 36s 
	 ------ Epoch: 16 ------ 
[Global iteration 2860], [iter 10 / 190], [train loss 3.35007] 
[Global iteration 2870], [iter 20 / 190], [train loss 3.32676] 
[Global iteration 2880], [iter 30 / 190], [train loss 3.30906] 
[Global iteration 2890], [iter 40 / 190], [train loss 3.32281] 
[Global iteration 2900], [iter 50 / 190], [train loss 3.33384] 
[Global iteration 2910], [iter 60 / 190], [train loss 3.33846] 
[Global iteration 2920], [iter 70 / 190], [train loss 3.33853] 
[Global iteration 2930], [iter 80 / 190], [train loss 3.34290] 
[Global iteration 2940], [iter 90 / 190], [train loss 3.33317] 
[Global iteration 2950], [iter 100 / 190], [train loss 3.33196] 
[Global iteration 2960], [iter 110 / 190], [train loss 3.33133] 
[Global iteration 2970], [iter 120 / 190], [train loss 3.33490] 
[Global iteration 2980], [iter 130 / 190], [train loss 3.33417] 
[Global iteration 2990], [iter 140 / 190], [train loss 3.33963] 
[Global iteration 3000], [iter 150 / 190], [train loss 3.33990] 
[Global iteration 3010], [iter 160 / 190], [train loss 3.33991] 
[Global iteration 3020], [iter 170 / 190], [train loss 3.34006] 
[Global iteration 3030], [iter 180 / 190], [train loss 3.33874] 
[Global iteration 3040], [iter 190 / 190], [train loss 3.33614] 
----------------- Epoch scores summary -------------------------
[epoch 16], [val loss 0.04002], [acc 96.51], [precision 0.43], [recall 2.17], [f1score 0.72]
---------------------------------------------------------------- 
	 Epoch step finished: 35s 
	 ------ Epoch: 17 ------ 
[Global iteration 3050], [iter 10 / 190], [train loss 3.35010] 
[Global iteration 3060], [iter 20 / 190], [train loss 3.35676] 
[Global iteration 3070], [iter 30 / 190], [train loss 3.34731] 
[Global iteration 3080], [iter 40 / 190], [train loss 3.34447] 
[Global iteration 3090], [iter 50 / 190], [train loss 3.34000] 
[Global iteration 3100], [iter 60 / 190], [train loss 3.34178] 
[Global iteration 3110], [iter 70 / 190], [train loss 3.33471] 
[Global iteration 3120], [iter 80 / 190], [train loss 3.33251] 
[Global iteration 3130], [iter 90 / 190], [train loss 3.33307] 
[Global iteration 3140], [iter 100 / 190], [train loss 3.33013] 
[Global iteration 3150], [iter 110 / 190], [train loss 3.33394] 
[Global iteration 3160], [iter 120 / 190], [train loss 3.33384] 
[Global iteration 3170], [iter 130 / 190], [train loss 3.33126] 
[Global iteration 3180], [iter 140 / 190], [train loss 3.33273] 
[Global iteration 3190], [iter 150 / 190], [train loss 3.33093] 
[Global iteration 3200], [iter 160 / 190], [train loss 3.33289] 
[Global iteration 3210], [iter 170 / 190], [train loss 3.33323] 
[Global iteration 3220], [iter 180 / 190], [train loss 3.33284] 
[Global iteration 3230], [iter 190 / 190], [train loss 3.33490] 
----------------- Epoch scores summary -------------------------
[epoch 17], [val loss 0.04053], [acc 96.51], [precision 0.43], [recall 2.17], [f1score 0.72]
---------------------------------------------------------------- 
	 Epoch step finished: 34s 
	 ------ Epoch: 18 ------ 
[Global iteration 3240], [iter 10 / 190], [train loss 3.33897] 
[Global iteration 3250], [iter 20 / 190], [train loss 3.32557] 
[Global iteration 3260], [iter 30 / 190], [train loss 3.31446] 
[Global iteration 3270], [iter 40 / 190], [train loss 3.31450] 
[Global iteration 3280], [iter 50 / 190], [train loss 3.32482] 
[Global iteration 3290], [iter 60 / 190], [train loss 3.31713] 
[Global iteration 3300], [iter 70 / 190], [train loss 3.31919] 
[Global iteration 3310], [iter 80 / 190], [train loss 3.32932] 
[Global iteration 3320], [iter 90 / 190], [train loss 3.32854] 
[Global iteration 3330], [iter 100 / 190], [train loss 3.33294] 
[Global iteration 3340], [iter 110 / 190], [train loss 3.33367] 
[Global iteration 3350], [iter 120 / 190], [train loss 3.33775] 
[Global iteration 3360], [iter 130 / 190], [train loss 3.33865] 
[Global iteration 3370], [iter 140 / 190], [train loss 3.33557] 
[Global iteration 3380], [iter 150 / 190], [train loss 3.33794] 
[Global iteration 3390], [iter 160 / 190], [train loss 3.33848] 
[Global iteration 3400], [iter 170 / 190], [train loss 3.33823] 
[Global iteration 3410], [iter 180 / 190], [train loss 3.33483] 
[Global iteration 3420], [iter 190 / 190], [train loss 3.33420] 
----------------- Epoch scores summary -------------------------
[epoch 18], [val loss 0.04036], [acc 96.51], [precision 0.43], [recall 2.17], [f1score 0.72]
---------------------------------------------------------------- 
	 Epoch step finished: 43s 
	 ------ Epoch: 19 ------ 
[Global iteration 3430], [iter 10 / 190], [train loss 3.34540] 
[Global iteration 3440], [iter 20 / 190], [train loss 3.32932] 
[Global iteration 3450], [iter 30 / 190], [train loss 3.33074] 
[Global iteration 3460], [iter 40 / 190], [train loss 3.32350] 
[Global iteration 3470], [iter 50 / 190], [train loss 3.33021] 
[Global iteration 3480], [iter 60 / 190], [train loss 3.32882] 
[Global iteration 3490], [iter 70 / 190], [train loss 3.33177] 
[Global iteration 3500], [iter 80 / 190], [train loss 3.33462] 
[Global iteration 3510], [iter 90 / 190], [train loss 3.33232] 
[Global iteration 3520], [iter 100 / 190], [train loss 3.32997] 
[Global iteration 3530], [iter 110 / 190], [train loss 3.32964] 
[Global iteration 3540], [iter 120 / 190], [train loss 3.33357] 
[Global iteration 3550], [iter 130 / 190], [train loss 3.33402] 
[Global iteration 3560], [iter 140 / 190], [train loss 3.33221] 
[Global iteration 3570], [iter 150 / 190], [train loss 3.33215] 
[Global iteration 3580], [iter 160 / 190], [train loss 3.33318] 
[Global iteration 3590], [iter 170 / 190], [train loss 3.33547] 
[Global iteration 3600], [iter 180 / 190], [train loss 3.33603] 
[Global iteration 3610], [iter 190 / 190], [train loss 3.33625] 
----------------- Epoch scores summary -------------------------
[epoch 19], [val loss 0.04011], [acc 96.89], [precision 0.62], [recall 2.17], [f1score 0.96]
---------------------------------------------------------------- 
	 Epoch step finished: 40s 
	 ------ Epoch: 20 ------ 
[Global iteration 3620], [iter 10 / 190], [train loss 3.35479] 
[Global iteration 3630], [iter 20 / 190], [train loss 3.35067] 
[Global iteration 3640], [iter 30 / 190], [train loss 3.34843] 
[Global iteration 3650], [iter 40 / 190], [train loss 3.34913] 
[Global iteration 3660], [iter 50 / 190], [train loss 3.34246] 
[Global iteration 3670], [iter 60 / 190], [train loss 3.33739] 
[Global iteration 3680], [iter 70 / 190], [train loss 3.33452] 
[Global iteration 3690], [iter 80 / 190], [train loss 3.33954] 
[Global iteration 3700], [iter 90 / 190], [train loss 3.34357] 
[Global iteration 3710], [iter 100 / 190], [train loss 3.34405] 
[Global iteration 3720], [iter 110 / 190], [train loss 3.34018] 
[Global iteration 3730], [iter 120 / 190], [train loss 3.33877] 
[Global iteration 3740], [iter 130 / 190], [train loss 3.34258] 
[Global iteration 3750], [iter 140 / 190], [train loss 3.34448] 
[Global iteration 3760], [iter 150 / 190], [train loss 3.34243] 
[Global iteration 3770], [iter 160 / 190], [train loss 3.34194] 
[Global iteration 3780], [iter 170 / 190], [train loss 3.33976] 
[Global iteration 3790], [iter 180 / 190], [train loss 3.33925] 
[Global iteration 3800], [iter 190 / 190], [train loss 3.33844] 
----------------- Epoch scores summary -------------------------
[epoch 20], [val loss 0.04040], [acc 96.51], [precision 0.43], [recall 2.17], [f1score 0.72]
---------------------------------------------------------------- 
	 Epoch step finished: 40s 
	 ------ Epoch: 21 ------ 
[Global iteration 3810], [iter 10 / 190], [train loss 3.32439] 
[Global iteration 3820], [iter 20 / 190], [train loss 3.34431] 
[Global iteration 3830], [iter 30 / 190], [train loss 3.34348] 
[Global iteration 3840], [iter 40 / 190], [train loss 3.35004] 
[Global iteration 3850], [iter 50 / 190], [train loss 3.34890] 
[Global iteration 3860], [iter 60 / 190], [train loss 3.34095] 
[Global iteration 3870], [iter 70 / 190], [train loss 3.33675] 
[Global iteration 3880], [iter 80 / 190], [train loss 3.33233] 
[Global iteration 3890], [iter 90 / 190], [train loss 3.33515] 
[Global iteration 3900], [iter 100 / 190], [train loss 3.33276] 
[Global iteration 3910], [iter 110 / 190], [train loss 3.33076] 
[Global iteration 3920], [iter 120 / 190], [train loss 3.32902] 
[Global iteration 3930], [iter 130 / 190], [train loss 3.33384] 
[Global iteration 3940], [iter 140 / 190], [train loss 3.33225] 
[Global iteration 3950], [iter 150 / 190], [train loss 3.33415] 
[Global iteration 3960], [iter 160 / 190], [train loss 3.33691] 
[Global iteration 3970], [iter 170 / 190], [train loss 3.33841] 
[Global iteration 3980], [iter 180 / 190], [train loss 3.33863] 
[Global iteration 3990], [iter 190 / 190], [train loss 3.33827] 
----------------- Epoch scores summary -------------------------
[epoch 21], [val loss 0.04086], [acc 96.51], [precision 0.43], [recall 2.17], [f1score 0.72]
---------------------------------------------------------------- 
	 Epoch step finished: 29s 
	 ------ Epoch: 22 ------ 
[Global iteration 4000], [iter 10 / 190], [train loss 3.33207] 
[Global iteration 4010], [iter 20 / 190], [train loss 3.31934] 
[Global iteration 4020], [iter 30 / 190], [train loss 3.32275] 
[Global iteration 4030], [iter 40 / 190], [train loss 3.32487] 
[Global iteration 4040], [iter 50 / 190], [train loss 3.32527] 
[Global iteration 4050], [iter 60 / 190], [train loss 3.32532] 
[Global iteration 4060], [iter 70 / 190], [train loss 3.33086] 
[Global iteration 4070], [iter 80 / 190], [train loss 3.32832] 
[Global iteration 4080], [iter 90 / 190], [train loss 3.32141] 
[Global iteration 4090], [iter 100 / 190], [train loss 3.32015] 
[Global iteration 4100], [iter 110 / 190], [train loss 3.32702] 
[Global iteration 4110], [iter 120 / 190], [train loss 3.32484] 
[Global iteration 4120], [iter 130 / 190], [train loss 3.32701] 
[Global iteration 4130], [iter 140 / 190], [train loss 3.32877] 
[Global iteration 4140], [iter 150 / 190], [train loss 3.33057] 
[Global iteration 4150], [iter 160 / 190], [train loss 3.33251] 
[Global iteration 4160], [iter 170 / 190], [train loss 3.33256] 
[Global iteration 4170], [iter 180 / 190], [train loss 3.33263] 
[Global iteration 4180], [iter 190 / 190], [train loss 3.33429] 
----------------- Epoch scores summary -------------------------
[epoch 22], [val loss 0.04049], [acc 96.51], [precision 0.43], [recall 2.17], [f1score 0.72]
---------------------------------------------------------------- 
	 Epoch step finished: 29s 
	 ------ Epoch: 23 ------ 
[Global iteration 4190], [iter 10 / 190], [train loss 3.33524] 
[Global iteration 4200], [iter 20 / 190], [train loss 3.32753] 
[Global iteration 4210], [iter 30 / 190], [train loss 3.34180] 
[Global iteration 4220], [iter 40 / 190], [train loss 3.34619] 
[Global iteration 4230], [iter 50 / 190], [train loss 3.34322] 
[Global iteration 4240], [iter 60 / 190], [train loss 3.34642] 
[Global iteration 4250], [iter 70 / 190], [train loss 3.35429] 
[Global iteration 4260], [iter 80 / 190], [train loss 3.34447] 
[Global iteration 4270], [iter 90 / 190], [train loss 3.33790] 
[Global iteration 4280], [iter 100 / 190], [train loss 3.33436] 
[Global iteration 4290], [iter 110 / 190], [train loss 3.33542] 
[Global iteration 4300], [iter 120 / 190], [train loss 3.33481] 
[Global iteration 4310], [iter 130 / 190], [train loss 3.33702] 
[Global iteration 4320], [iter 140 / 190], [train loss 3.33885] 
[Global iteration 4330], [iter 150 / 190], [train loss 3.33563] 
[Global iteration 4340], [iter 160 / 190], [train loss 3.33894] 
[Global iteration 4350], [iter 170 / 190], [train loss 3.34017] 
[Global iteration 4360], [iter 180 / 190], [train loss 3.34104] 
[Global iteration 4370], [iter 190 / 190], [train loss 3.33822] 
----------------- Epoch scores summary -------------------------
[epoch 23], [val loss 0.04109], [acc 96.51], [precision 0.43], [recall 2.17], [f1score 0.72]
---------------------------------------------------------------- 
	 Epoch step finished: 29s 
	 ------ Epoch: 24 ------ 
[Global iteration 4380], [iter 10 / 190], [train loss 3.34116] 
[Global iteration 4390], [iter 20 / 190], [train loss 3.34224] 
[Global iteration 4400], [iter 30 / 190], [train loss 3.32647] 
[Global iteration 4410], [iter 40 / 190], [train loss 3.31847] 
[Global iteration 4420], [iter 50 / 190], [train loss 3.32831] 
[Global iteration 4430], [iter 60 / 190], [train loss 3.32661] 
[Global iteration 4440], [iter 70 / 190], [train loss 3.33048] 
[Global iteration 4450], [iter 80 / 190], [train loss 3.33517] 
[Global iteration 4460], [iter 90 / 190], [train loss 3.33186] 
[Global iteration 4470], [iter 100 / 190], [train loss 3.33178] 
[Global iteration 4480], [iter 110 / 190], [train loss 3.33664] 
[Global iteration 4490], [iter 120 / 190], [train loss 3.33085] 
[Global iteration 4500], [iter 130 / 190], [train loss 3.33345] 
[Global iteration 4510], [iter 140 / 190], [train loss 3.33428] 
[Global iteration 4520], [iter 150 / 190], [train loss 3.33178] 
[Global iteration 4530], [iter 160 / 190], [train loss 3.33039] 
[Global iteration 4540], [iter 170 / 190], [train loss 3.33517] 
[Global iteration 4550], [iter 180 / 190], [train loss 3.33660] 
[Global iteration 4560], [iter 190 / 190], [train loss 3.33675] 
----------------- Epoch scores summary -------------------------
[epoch 24], [val loss 0.04042], [acc 96.51], [precision 0.43], [recall 2.17], [f1score 0.72]
---------------------------------------------------------------- 
	 Epoch step finished: 28s 
	 ------ Epoch: 25 ------ 
[Global iteration 4570], [iter 10 / 190], [train loss 3.30143] 
[Global iteration 4580], [iter 20 / 190], [train loss 3.30041] 
[Global iteration 4590], [iter 30 / 190], [train loss 3.30911] 
[Global iteration 4600], [iter 40 / 190], [train loss 3.34017] 
[Global iteration 4610], [iter 50 / 190], [train loss 3.33471] 
[Global iteration 4620], [iter 60 / 190], [train loss 3.33608] 
[Global iteration 4630], [iter 70 / 190], [train loss 3.33858] 
[Global iteration 4640], [iter 80 / 190], [train loss 3.34112] 
[Global iteration 4650], [iter 90 / 190], [train loss 3.33672] 
[Global iteration 4660], [iter 100 / 190], [train loss 3.33591] 
[Global iteration 4670], [iter 110 / 190], [train loss 3.33558] 
[Global iteration 4680], [iter 120 / 190], [train loss 3.33513] 
[Global iteration 4690], [iter 130 / 190], [train loss 3.33607] 
[Global iteration 4700], [iter 140 / 190], [train loss 3.33657] 
[Global iteration 4710], [iter 150 / 190], [train loss 3.33623] 
[Global iteration 4720], [iter 160 / 190], [train loss 3.33690] 
[Global iteration 4730], [iter 170 / 190], [train loss 3.33509] 
[Global iteration 4740], [iter 180 / 190], [train loss 3.33525] 
[Global iteration 4750], [iter 190 / 190], [train loss 3.33529] 
----------------- Epoch scores summary -------------------------
[epoch 25], [val loss 0.04088], [acc 96.51], [precision 0.43], [recall 2.17], [f1score 0.72]
---------------------------------------------------------------- 
	 Epoch step finished: 29s 
----------------- Scores summary --------------------
[val loss 0.04088], [acc 96.51], [precision 0.43], [recall 2.17], [f1score 0.72]
---------------------------------------------------------------- 
----------------- Scores summary --------------------
[val loss 0.04192], [acc 96.21], [precision 0.28], [recall 2.17], [f1score 0.49]
---------------------------------------------------------------- 

- Starting train <--- 
	 ------ Epoch: 1 ------ 
[Global iteration 10], [iter 10 / 190], [train loss 3.82465] 
[Global iteration 20], [iter 20 / 190], [train loss 3.82137] 
[Global iteration 30], [iter 30 / 190], [train loss 3.81927] 
[Global iteration 40], [iter 40 / 190], [train loss 3.81679] 
[Global iteration 50], [iter 50 / 190], [train loss 3.81423] 
[Global iteration 60], [iter 60 / 190], [train loss 3.81168] 
[Global iteration 70], [iter 70 / 190], [train loss 3.80901] 
[Global iteration 80], [iter 80 / 190], [train loss 3.80582] 
[Global iteration 90], [iter 90 / 190], [train loss 3.80198] 
[Global iteration 100], [iter 100 / 190], [train loss 3.79805] 
[Global iteration 110], [iter 110 / 190], [train loss 3.79324] 
[Global iteration 120], [iter 120 / 190], [train loss 3.78823] 
[Global iteration 130], [iter 130 / 190], [train loss 3.78344] 
[Global iteration 140], [iter 140 / 190], [train loss 3.77762] 
[Global iteration 150], [iter 150 / 190], [train loss 3.77258] 
[Global iteration 160], [iter 160 / 190], [train loss 3.76720] 
[Global iteration 170], [iter 170 / 190], [train loss 3.76025] 
[Global iteration 180], [iter 180 / 190], [train loss 3.75183] 
[Global iteration 190], [iter 190 / 190], [train loss 3.74340] 
----------------- Epoch scores summary -------------------------
[epoch 1], [val loss 0.04605], [acc 96.51], [precision 0.43], [recall 2.17], [f1score 0.72]
---------------------------------------------------------------- 
	 Epoch step finished: 32s 
	 ------ Epoch: 2 ------ 
[Global iteration 200], [iter 10 / 190], [train loss 3.58051] 
[Global iteration 210], [iter 20 / 190], [train loss 3.55684] 
[Global iteration 220], [iter 30 / 190], [train loss 3.54871] 
[Global iteration 230], [iter 40 / 190], [train loss 3.53333] 
[Global iteration 240], [iter 50 / 190], [train loss 3.51641] 
[Global iteration 250], [iter 60 / 190], [train loss 3.49935] 
[Global iteration 260], [iter 70 / 190], [train loss 3.49192] 
[Global iteration 270], [iter 80 / 190], [train loss 3.47851] 
[Global iteration 280], [iter 90 / 190], [train loss 3.47082] 
[Global iteration 290], [iter 100 / 190], [train loss 3.45674] 
[Global iteration 300], [iter 110 / 190], [train loss 3.44797] 
[Global iteration 310], [iter 120 / 190], [train loss 3.44312] 
[Global iteration 320], [iter 130 / 190], [train loss 3.43828] 
[Global iteration 330], [iter 140 / 190], [train loss 3.42912] 
[Global iteration 340], [iter 150 / 190], [train loss 3.42858] 
[Global iteration 350], [iter 160 / 190], [train loss 3.42609] 
[Global iteration 360], [iter 170 / 190], [train loss 3.41979] 
[Global iteration 370], [iter 180 / 190], [train loss 3.41601] 
[Global iteration 380], [iter 190 / 190], [train loss 3.41123] 
----------------- Epoch scores summary -------------------------
[epoch 2], [val loss 0.04078], [acc 96.51], [precision 0.43], [recall 2.17], [f1score 0.72]
---------------------------------------------------------------- 
	 Epoch step finished: 39s 
	 ------ Epoch: 3 ------ 
[Global iteration 390], [iter 10 / 190], [train loss 3.35405] 
[Global iteration 400], [iter 20 / 190], [train loss 3.35543] 
[Global iteration 410], [iter 30 / 190], [train loss 3.35570] 
[Global iteration 420], [iter 40 / 190], [train loss 3.34889] 
[Global iteration 430], [iter 50 / 190], [train loss 3.34852] 
[Global iteration 440], [iter 60 / 190], [train loss 3.34869] 
[Global iteration 450], [iter 70 / 190], [train loss 3.33809] 
[Global iteration 460], [iter 80 / 190], [train loss 3.33736] 
[Global iteration 470], [iter 90 / 190], [train loss 3.33948] 
[Global iteration 480], [iter 100 / 190], [train loss 3.33974] 
[Global iteration 490], [iter 110 / 190], [train loss 3.33669] 
[Global iteration 500], [iter 120 / 190], [train loss 3.33739] 
[Global iteration 510], [iter 130 / 190], [train loss 3.33599] 
[Global iteration 520], [iter 140 / 190], [train loss 3.33941] 
[Global iteration 530], [iter 150 / 190], [train loss 3.34218] 
[Global iteration 540], [iter 160 / 190], [train loss 3.34367] 
[Global iteration 550], [iter 170 / 190], [train loss 3.34689] 
[Global iteration 560], [iter 180 / 190], [train loss 3.34701] 
[Global iteration 570], [iter 190 / 190], [train loss 3.34600] 
----------------- Epoch scores summary -------------------------
[epoch 3], [val loss 0.04022], [acc 96.89], [precision 0.62], [recall 2.17], [f1score 0.96]
---------------------------------------------------------------- 
	 Epoch step finished: 34s 
	 ------ Epoch: 4 ------ 

- Starting train <--- 
	 ------ Epoch: 1 ------ 
[Global iteration 10], [iter 10 / 190], [train loss 3.82129] 
[Global iteration 20], [iter 20 / 190], [train loss 3.81663] 
[Global iteration 30], [iter 30 / 190], [train loss 3.80821] 
[Global iteration 40], [iter 40 / 190], [train loss 3.79552] 
[Global iteration 50], [iter 50 / 190], [train loss 3.78354] 
[Global iteration 60], [iter 60 / 190], [train loss 3.76956] 
[Global iteration 70], [iter 70 / 190], [train loss 3.75055] 
[Global iteration 80], [iter 80 / 190], [train loss 3.73103] 
[Global iteration 90], [iter 90 / 190], [train loss 3.71046] 
[Global iteration 100], [iter 100 / 190], [train loss 3.68689] 
[Global iteration 110], [iter 110 / 190], [train loss 3.66805] 
[Global iteration 120], [iter 120 / 190], [train loss 3.64950] 
[Global iteration 130], [iter 130 / 190], [train loss 3.62999] 
[Global iteration 140], [iter 140 / 190], [train loss 3.61162] 
[Global iteration 150], [iter 150 / 190], [train loss 3.59659] 
[Global iteration 160], [iter 160 / 190], [train loss 3.58341] 
[Global iteration 170], [iter 170 / 190], [train loss 3.57051] 
[Global iteration 180], [iter 180 / 190], [train loss 3.56137] 
[Global iteration 190], [iter 190 / 190], [train loss 3.55462] 
----------------- Epoch scores summary -------------------------
[epoch 1], [val loss 0.04300], [acc 96.89], [precision 0.62], [recall 2.17], [f1score 0.96]
---------------------------------------------------------------- 
	 Epoch step finished: 34s 
	 ------ Epoch: 2 ------ 
[Global iteration 200], [iter 10 / 190], [train loss 3.39406] 
[Global iteration 210], [iter 20 / 190], [train loss 3.40399] 
[Global iteration 220], [iter 30 / 190], [train loss 3.39286] 
[Global iteration 230], [iter 40 / 190], [train loss 3.39866] 
[Global iteration 240], [iter 50 / 190], [train loss 3.39248] 
[Global iteration 250], [iter 60 / 190], [train loss 3.39649] 
[Global iteration 260], [iter 70 / 190], [train loss 3.39406] 
[Global iteration 270], [iter 80 / 190], [train loss 3.39421] 
[Global iteration 280], [iter 90 / 190], [train loss 3.39143] 
[Global iteration 290], [iter 100 / 190], [train loss 3.38500] 
[Global iteration 300], [iter 110 / 190], [train loss 3.38782] 
[Global iteration 310], [iter 120 / 190], [train loss 3.39174] 
[Global iteration 320], [iter 130 / 190], [train loss 3.38363] 
[Global iteration 330], [iter 140 / 190], [train loss 3.38520] 
[Global iteration 340], [iter 150 / 190], [train loss 3.38259] 
[Global iteration 350], [iter 160 / 190], [train loss 3.37918] 
[Global iteration 360], [iter 170 / 190], [train loss 3.37692] 
[Global iteration 370], [iter 180 / 190], [train loss 3.37803] 
[Global iteration 380], [iter 190 / 190], [train loss 3.37814] 
----------------- Epoch scores summary -------------------------
[epoch 2], [val loss 0.04152], [acc 96.51], [precision 0.43], [recall 2.17], [f1score 0.72]
---------------------------------------------------------------- 
	 Epoch step finished: 35s 
	 ------ Epoch: 3 ------ 
[Global iteration 390], [iter 10 / 190], [train loss 3.39558] 
[Global iteration 400], [iter 20 / 190], [train loss 3.37753] 
[Global iteration 410], [iter 30 / 190], [train loss 3.37055] 
[Global iteration 420], [iter 40 / 190], [train loss 3.36972] 
[Global iteration 430], [iter 50 / 190], [train loss 3.37601] 
[Global iteration 440], [iter 60 / 190], [train loss 3.38063] 
[Global iteration 450], [iter 70 / 190], [train loss 3.37735] 
[Global iteration 460], [iter 80 / 190], [train loss 3.38020] 

- Starting train <--- 
	 ------ Epoch: 1 ------ 
[Global iteration 10], [iter 10 / 190], [train loss 3.82200] 
[Global iteration 20], [iter 20 / 190], [train loss 3.82142] 
[Global iteration 30], [iter 30 / 190], [train loss 3.81983] 
[Global iteration 40], [iter 40 / 190], [train loss 3.81806] 
[Global iteration 50], [iter 50 / 190], [train loss 3.81654] 
[Global iteration 60], [iter 60 / 190], [train loss 3.81444] 
[Global iteration 70], [iter 70 / 190], [train loss 3.81207] 
[Global iteration 80], [iter 80 / 190], [train loss 3.80995] 
[Global iteration 90], [iter 90 / 190], [train loss 3.80795] 
[Global iteration 100], [iter 100 / 190], [train loss 3.80572] 
[Global iteration 110], [iter 110 / 190], [train loss 3.80373] 
[Global iteration 120], [iter 120 / 190], [train loss 3.80147] 
[Global iteration 130], [iter 130 / 190], [train loss 3.79941] 
[Global iteration 140], [iter 140 / 190], [train loss 3.79717] 
[Global iteration 150], [iter 150 / 190], [train loss 3.79509] 
[Global iteration 160], [iter 160 / 190], [train loss 3.79324] 
[Global iteration 170], [iter 170 / 190], [train loss 3.79125] 
[Global iteration 180], [iter 180 / 190], [train loss 3.78895] 
[Global iteration 190], [iter 190 / 190], [train loss 3.78665] 
----------------- Epoch scores summary -------------------------
[epoch 1], [val loss 0.05031], [acc 95.76], [precision 0.06], [recall 2.17], [f1score 0.11]
---------------------------------------------------------------- 
	 Epoch step finished: 33s 
	 ------ Epoch: 2 ------ 
[Global iteration 200], [iter 10 / 190], [train loss 3.74715] 
[Global iteration 210], [iter 20 / 190], [train loss 3.74082] 
[Global iteration 220], [iter 30 / 190], [train loss 3.73874] 
[Global iteration 230], [iter 40 / 190], [train loss 3.73627] 
[Global iteration 240], [iter 50 / 190], [train loss 3.73288] 
[Global iteration 250], [iter 60 / 190], [train loss 3.73134] 
[Global iteration 260], [iter 70 / 190], [train loss 3.73065] 
[Global iteration 270], [iter 80 / 190], [train loss 3.72899] 
[Global iteration 280], [iter 90 / 190], [train loss 3.72606] 
[Global iteration 290], [iter 100 / 190], [train loss 3.72330] 
[Global iteration 300], [iter 110 / 190], [train loss 3.72142] 
[Global iteration 310], [iter 120 / 190], [train loss 3.71951] 
[Global iteration 320], [iter 130 / 190], [train loss 3.71718] 
[Global iteration 330], [iter 140 / 190], [train loss 3.71471] 
[Global iteration 340], [iter 150 / 190], [train loss 3.71291] 
[Global iteration 350], [iter 160 / 190], [train loss 3.71102] 
[Global iteration 360], [iter 170 / 190], [train loss 3.70876] 
[Global iteration 370], [iter 180 / 190], [train loss 3.70662] 
[Global iteration 380], [iter 190 / 190], [train loss 3.70427] 
----------------- Epoch scores summary -------------------------
[epoch 2], [val loss 0.04873], [acc 96.89], [precision 0.62], [recall 2.17], [f1score 0.96]
---------------------------------------------------------------- 
	 Epoch step finished: 46s 
	 ------ Epoch: 3 ------ 
[Global iteration 390], [iter 10 / 190], [train loss 3.66709] 
[Global iteration 400], [iter 20 / 190], [train loss 3.66062] 
[Global iteration 410], [iter 30 / 190], [train loss 3.66082] 
[Global iteration 420], [iter 40 / 190], [train loss 3.65975] 
[Global iteration 430], [iter 50 / 190], [train loss 3.65755] 
[Global iteration 440], [iter 60 / 190], [train loss 3.65621] 
[Global iteration 450], [iter 70 / 190], [train loss 3.65148] 
[Global iteration 460], [iter 80 / 190], [train loss 3.64905] 
[Global iteration 470], [iter 90 / 190], [train loss 3.64615] 
[Global iteration 480], [iter 100 / 190], [train loss 3.64241] 
[Global iteration 490], [iter 110 / 190], [train loss 3.64120] 
[Global iteration 500], [iter 120 / 190], [train loss 3.63787] 
[Global iteration 510], [iter 130 / 190], [train loss 3.63589] 
[Global iteration 520], [iter 140 / 190], [train loss 3.63414] 
[Global iteration 530], [iter 150 / 190], [train loss 3.63278] 
[Global iteration 540], [iter 160 / 190], [train loss 3.63159] 
[Global iteration 550], [iter 170 / 190], [train loss 3.62960] 
[Global iteration 560], [iter 180 / 190], [train loss 3.62693] 
[Global iteration 570], [iter 190 / 190], [train loss 3.62524] 
----------------- Epoch scores summary -------------------------
[epoch 3], [val loss 0.04715], [acc 96.51], [precision 0.43], [recall 2.17], [f1score 0.72]
---------------------------------------------------------------- 
	 Epoch step finished: 35s 
	 ------ Epoch: 4 ------ 
[Global iteration 580], [iter 10 / 190], [train loss 3.59785] 
[Global iteration 590], [iter 20 / 190], [train loss 3.58916] 
[Global iteration 600], [iter 30 / 190], [train loss 3.58994] 
[Global iteration 610], [iter 40 / 190], [train loss 3.59211] 
[Global iteration 620], [iter 50 / 190], [train loss 3.58907] 
[Global iteration 630], [iter 60 / 190], [train loss 3.58687] 
[Global iteration 640], [iter 70 / 190], [train loss 3.58319] 
[Global iteration 650], [iter 80 / 190], [train loss 3.57938] 
[Global iteration 660], [iter 90 / 190], [train loss 3.57477] 
[Global iteration 670], [iter 100 / 190], [train loss 3.57194] 
[Global iteration 680], [iter 110 / 190], [train loss 3.57061] 
[Global iteration 690], [iter 120 / 190], [train loss 3.56866] 
[Global iteration 700], [iter 130 / 190], [train loss 3.56672] 
[Global iteration 710], [iter 140 / 190], [train loss 3.56483] 
[Global iteration 720], [iter 150 / 190], [train loss 3.56348] 
[Global iteration 730], [iter 160 / 190], [train loss 3.56195] 
[Global iteration 740], [iter 170 / 190], [train loss 3.55967] 
[Global iteration 750], [iter 180 / 190], [train loss 3.55882] 
[Global iteration 760], [iter 190 / 190], [train loss 3.55683] 
----------------- Epoch scores summary -------------------------
[epoch 4], [val loss 0.04563], [acc 96.51], [precision 0.43], [recall 2.17], [f1score 0.72]
---------------------------------------------------------------- 
	 Epoch step finished: 32s 
	 ------ Epoch: 5 ------ 
[Global iteration 770], [iter 10 / 190], [train loss 3.53992] 
[Global iteration 780], [iter 20 / 190], [train loss 3.52966] 
[Global iteration 790], [iter 30 / 190], [train loss 3.52561] 
[Global iteration 800], [iter 40 / 190], [train loss 3.52333] 
[Global iteration 810], [iter 50 / 190], [train loss 3.52133] 
[Global iteration 820], [iter 60 / 190], [train loss 3.51601] 
[Global iteration 830], [iter 70 / 190], [train loss 3.51774] 
[Global iteration 840], [iter 80 / 190], [train loss 3.51556] 
[Global iteration 850], [iter 90 / 190], [train loss 3.51438] 
[Global iteration 860], [iter 100 / 190], [train loss 3.51472] 
[Global iteration 870], [iter 110 / 190], [train loss 3.51374] 
[Global iteration 880], [iter 120 / 190], [train loss 3.51305] 
[Global iteration 890], [iter 130 / 190], [train loss 3.50960] 
[Global iteration 900], [iter 140 / 190], [train loss 3.50640] 
[Global iteration 910], [iter 150 / 190], [train loss 3.50638] 
[Global iteration 920], [iter 160 / 190], [train loss 3.50402] 
[Global iteration 930], [iter 170 / 190], [train loss 3.50092] 
[Global iteration 940], [iter 180 / 190], [train loss 3.49975] 
[Global iteration 950], [iter 190 / 190], [train loss 3.49916] 
----------------- Epoch scores summary -------------------------
[epoch 5], [val loss 0.04422], [acc 96.51], [precision 0.43], [recall 2.17], [f1score 0.72]
---------------------------------------------------------------- 
	 Epoch step finished: 36s 
	 ------ Epoch: 6 ------ 
[Global iteration 960], [iter 10 / 190], [train loss 3.48038] 
[Global iteration 970], [iter 20 / 190], [train loss 3.49198] 
[Global iteration 980], [iter 30 / 190], [train loss 3.48306] 
[Global iteration 990], [iter 40 / 190], [train loss 3.47564] 
[Global iteration 1000], [iter 50 / 190], [train loss 3.47016] 
[Global iteration 1010], [iter 60 / 190], [train loss 3.47024] 
[Global iteration 1020], [iter 70 / 190], [train loss 3.46793] 
[Global iteration 1030], [iter 80 / 190], [train loss 3.46604] 
[Global iteration 1040], [iter 90 / 190], [train loss 3.46170] 
[Global iteration 1050], [iter 100 / 190], [train loss 3.45902] 
[Global iteration 1060], [iter 110 / 190], [train loss 3.45922] 
[Global iteration 1070], [iter 120 / 190], [train loss 3.45940] 
[Global iteration 1080], [iter 130 / 190], [train loss 3.45893] 
[Global iteration 1090], [iter 140 / 190], [train loss 3.45775] 
[Global iteration 1100], [iter 150 / 190], [train loss 3.45679] 
[Global iteration 1110], [iter 160 / 190], [train loss 3.45619] 
[Global iteration 1120], [iter 170 / 190], [train loss 3.45509] 
[Global iteration 1130], [iter 180 / 190], [train loss 3.45355] 
[Global iteration 1140], [iter 190 / 190], [train loss 3.45168] 
----------------- Epoch scores summary -------------------------
[epoch 6], [val loss 0.04296], [acc 96.51], [precision 0.43], [recall 2.17], [f1score 0.72]
---------------------------------------------------------------- 
	 Epoch step finished: 36s 
	 ------ Epoch: 7 ------ 
[Global iteration 1150], [iter 10 / 190], [train loss 3.48435] 
[Global iteration 1160], [iter 20 / 190], [train loss 3.46540] 
[Global iteration 1170], [iter 30 / 190], [train loss 3.45253] 
[Global iteration 1180], [iter 40 / 190], [train loss 3.43630] 
[Global iteration 1190], [iter 50 / 190], [train loss 3.43731] 
[Global iteration 1200], [iter 60 / 190], [train loss 3.43362] 
[Global iteration 1210], [iter 70 / 190], [train loss 3.43157] 
[Global iteration 1220], [iter 80 / 190], [train loss 3.42602] 
[Global iteration 1230], [iter 90 / 190], [train loss 3.42285] 
[Global iteration 1240], [iter 100 / 190], [train loss 3.42339] 
[Global iteration 1250], [iter 110 / 190], [train loss 3.42335] 
[Global iteration 1260], [iter 120 / 190], [train loss 3.42203] 
[Global iteration 1270], [iter 130 / 190], [train loss 3.42040] 
[Global iteration 1280], [iter 140 / 190], [train loss 3.41907] 
[Global iteration 1290], [iter 150 / 190], [train loss 3.41730] 
[Global iteration 1300], [iter 160 / 190], [train loss 3.41511] 
[Global iteration 1310], [iter 170 / 190], [train loss 3.41665] 
[Global iteration 1320], [iter 180 / 190], [train loss 3.41672] 
[Global iteration 1330], [iter 190 / 190], [train loss 3.41692] 
----------------- Epoch scores summary -------------------------
[epoch 7], [val loss 0.04207], [acc 96.51], [precision 0.43], [recall 2.17], [f1score 0.72]
---------------------------------------------------------------- 
	 Epoch step finished: 35s 
	 ------ Epoch: 8 ------ 
[Global iteration 1340], [iter 10 / 190], [train loss 3.41082] 
[Global iteration 1350], [iter 20 / 190], [train loss 3.40252] 
[Global iteration 1360], [iter 30 / 190], [train loss 3.40410] 
[Global iteration 1370], [iter 40 / 190], [train loss 3.40797] 
[Global iteration 1380], [iter 50 / 190], [train loss 3.39787] 
[Global iteration 1390], [iter 60 / 190], [train loss 3.39977] 
[Global iteration 1400], [iter 70 / 190], [train loss 3.39543] 
[Global iteration 1410], [iter 80 / 190], [train loss 3.39122] 
[Global iteration 1420], [iter 90 / 190], [train loss 3.39024] 
[Global iteration 1430], [iter 100 / 190], [train loss 3.39303] 
[Global iteration 1440], [iter 110 / 190], [train loss 3.39461] 
[Global iteration 1450], [iter 120 / 190], [train loss 3.39425] 
[Global iteration 1460], [iter 130 / 190], [train loss 3.39327] 
[Global iteration 1470], [iter 140 / 190], [train loss 3.39231] 
[Global iteration 1480], [iter 150 / 190], [train loss 3.39161] 
[Global iteration 1490], [iter 160 / 190], [train loss 3.39353] 
[Global iteration 1500], [iter 170 / 190], [train loss 3.39569] 
[Global iteration 1510], [iter 180 / 190], [train loss 3.39503] 
[Global iteration 1520], [iter 190 / 190], [train loss 3.39525] 
----------------- Epoch scores summary -------------------------
[epoch 8], [val loss 0.04155], [acc 96.51], [precision 0.43], [recall 2.17], [f1score 0.72]
---------------------------------------------------------------- 
	 Epoch step finished: 42s 
	 ------ Epoch: 9 ------ 
[Global iteration 1530], [iter 10 / 190], [train loss 3.38743] 
[Global iteration 1540], [iter 20 / 190], [train loss 3.39870] 
[Global iteration 1550], [iter 30 / 190], [train loss 3.39078] 
[Global iteration 1560], [iter 40 / 190], [train loss 3.38812] 
[Global iteration 1570], [iter 50 / 190], [train loss 3.39109] 
[Global iteration 1580], [iter 60 / 190], [train loss 3.39079] 
[Global iteration 1590], [iter 70 / 190], [train loss 3.38273] 
[Global iteration 1600], [iter 80 / 190], [train loss 3.38237] 
[Global iteration 1610], [iter 90 / 190], [train loss 3.37997] 
[Global iteration 1620], [iter 100 / 190], [train loss 3.37912] 
[Global iteration 1630], [iter 110 / 190], [train loss 3.37957] 
[Global iteration 1640], [iter 120 / 190], [train loss 3.38005] 
[Global iteration 1650], [iter 130 / 190], [train loss 3.38156] 
[Global iteration 1660], [iter 140 / 190], [train loss 3.38216] 
[Global iteration 1670], [iter 150 / 190], [train loss 3.37945] 
[Global iteration 1680], [iter 160 / 190], [train loss 3.37724] 
[Global iteration 1690], [iter 170 / 190], [train loss 3.37964] 
[Global iteration 1700], [iter 180 / 190], [train loss 3.37982] 
[Global iteration 1710], [iter 190 / 190], [train loss 3.38107] 
----------------- Epoch scores summary -------------------------
[epoch 9], [val loss 0.04125], [acc 96.51], [precision 0.43], [recall 2.17], [f1score 0.72]
---------------------------------------------------------------- 
	 Epoch step finished: 44s 
	 ------ Epoch: 10 ------ 
[Global iteration 1720], [iter 10 / 190], [train loss 3.42160] 
[Global iteration 1730], [iter 20 / 190], [train loss 3.41606] 
[Global iteration 1740], [iter 30 / 190], [train loss 3.41240] 
[Global iteration 1750], [iter 40 / 190], [train loss 3.39817] 
[Global iteration 1760], [iter 50 / 190], [train loss 3.39042] 
[Global iteration 1770], [iter 60 / 190], [train loss 3.38596] 
[Global iteration 1780], [iter 70 / 190], [train loss 3.37864] 
[Global iteration 1790], [iter 80 / 190], [train loss 3.37524] 
[Global iteration 1800], [iter 90 / 190], [train loss 3.37392] 
[Global iteration 1810], [iter 100 / 190], [train loss 3.37248] 
[Global iteration 1820], [iter 110 / 190], [train loss 3.37349] 
[Global iteration 1830], [iter 120 / 190], [train loss 3.37255] 
[Global iteration 1840], [iter 130 / 190], [train loss 3.37177] 
[Global iteration 1850], [iter 140 / 190], [train loss 3.37265] 
[Global iteration 1860], [iter 150 / 190], [train loss 3.37307] 
[Global iteration 1870], [iter 160 / 190], [train loss 3.37155] 
[Global iteration 1880], [iter 170 / 190], [train loss 3.37087] 
[Global iteration 1890], [iter 180 / 190], [train loss 3.37150] 
[Global iteration 1900], [iter 190 / 190], [train loss 3.37125] 
----------------- Epoch scores summary -------------------------
[epoch 10], [val loss 0.04106], [acc 96.51], [precision 0.43], [recall 2.17], [f1score 0.72]
---------------------------------------------------------------- 
	 Epoch step finished: 44s 
	 ------ Epoch: 11 ------ 
[Global iteration 1910], [iter 10 / 190], [train loss 3.39932] 
[Global iteration 1920], [iter 20 / 190], [train loss 3.38457] 
[Global iteration 1930], [iter 30 / 190], [train loss 3.37477] 
[Global iteration 1940], [iter 40 / 190], [train loss 3.37061] 
[Global iteration 1950], [iter 50 / 190], [train loss 3.36907] 
[Global iteration 1960], [iter 60 / 190], [train loss 3.36603] 
[Global iteration 1970], [iter 70 / 190], [train loss 3.36530] 
[Global iteration 1980], [iter 80 / 190], [train loss 3.36766] 
[Global iteration 1990], [iter 90 / 190], [train loss 3.36879] 
[Global iteration 2000], [iter 100 / 190], [train loss 3.36656] 
[Global iteration 2010], [iter 110 / 190], [train loss 3.36510] 
[Global iteration 2020], [iter 120 / 190], [train loss 3.36466] 
[Global iteration 2030], [iter 130 / 190], [train loss 3.36490] 
[Global iteration 2040], [iter 140 / 190], [train loss 3.36573] 
[Global iteration 2050], [iter 150 / 190], [train loss 3.36402] 
[Global iteration 2060], [iter 160 / 190], [train loss 3.36509] 
[Global iteration 2070], [iter 170 / 190], [train loss 3.36373] 
[Global iteration 2080], [iter 180 / 190], [train loss 3.36225] 
[Global iteration 2090], [iter 190 / 190], [train loss 3.36350] 
----------------- Epoch scores summary -------------------------
[epoch 11], [val loss 0.04093], [acc 96.51], [precision 0.43], [recall 2.17], [f1score 0.72]
---------------------------------------------------------------- 
	 Epoch step finished: 36s 
	 ------ Epoch: 12 ------ 
[Global iteration 2100], [iter 10 / 190], [train loss 3.38780] 
[Global iteration 2110], [iter 20 / 190], [train loss 3.36539] 
[Global iteration 2120], [iter 30 / 190], [train loss 3.34499] 
[Global iteration 2130], [iter 40 / 190], [train loss 3.35369] 
[Global iteration 2140], [iter 50 / 190], [train loss 3.35811] 
[Global iteration 2150], [iter 60 / 190], [train loss 3.35217] 
[Global iteration 2160], [iter 70 / 190], [train loss 3.35545] 
[Global iteration 2170], [iter 80 / 190], [train loss 3.35571] 
[Global iteration 2180], [iter 90 / 190], [train loss 3.35666] 
[Global iteration 2190], [iter 100 / 190], [train loss 3.35659] 
[Global iteration 2200], [iter 110 / 190], [train loss 3.35605] 
[Global iteration 2210], [iter 120 / 190], [train loss 3.35632] 
[Global iteration 2220], [iter 130 / 190], [train loss 3.35735] 
[Global iteration 2230], [iter 140 / 190], [train loss 3.35876] 
[Global iteration 2240], [iter 150 / 190], [train loss 3.35624] 
[Global iteration 2250], [iter 160 / 190], [train loss 3.35587] 
[Global iteration 2260], [iter 170 / 190], [train loss 3.35483] 
[Global iteration 2270], [iter 180 / 190], [train loss 3.35662] 
[Global iteration 2280], [iter 190 / 190], [train loss 3.35751] 
----------------- Epoch scores summary -------------------------
[epoch 12], [val loss 0.04085], [acc 96.51], [precision 0.43], [recall 2.17], [f1score 0.72]
---------------------------------------------------------------- 
	 Epoch step finished: 54s 
	 ------ Epoch: 13 ------ 
[Global iteration 2290], [iter 10 / 190], [train loss 3.36296] 
[Global iteration 2300], [iter 20 / 190], [train loss 3.35622] 
[Global iteration 2310], [iter 30 / 190], [train loss 3.38298] 
[Global iteration 2320], [iter 40 / 190], [train loss 3.37316] 
[Global iteration 2330], [iter 50 / 190], [train loss 3.37030] 
[Global iteration 2340], [iter 60 / 190], [train loss 3.36951] 
[Global iteration 2350], [iter 70 / 190], [train loss 3.36252] 
[Global iteration 2360], [iter 80 / 190], [train loss 3.36139] 
[Global iteration 2370], [iter 90 / 190], [train loss 3.35794] 
[Global iteration 2380], [iter 100 / 190], [train loss 3.36088] 
[Global iteration 2390], [iter 110 / 190], [train loss 3.36059] 
[Global iteration 2400], [iter 120 / 190], [train loss 3.35722] 
[Global iteration 2410], [iter 130 / 190], [train loss 3.35544] 
[Global iteration 2420], [iter 140 / 190], [train loss 3.35687] 
[Global iteration 2430], [iter 150 / 190], [train loss 3.35631] 
[Global iteration 2440], [iter 160 / 190], [train loss 3.35444] 
[Global iteration 2450], [iter 170 / 190], [train loss 3.35431] 
[Global iteration 2460], [iter 180 / 190], [train loss 3.35387] 
[Global iteration 2470], [iter 190 / 190], [train loss 3.35282] 
----------------- Epoch scores summary -------------------------
[epoch 13], [val loss 0.04077], [acc 96.51], [precision 0.43], [recall 2.17], [f1score 0.72]
---------------------------------------------------------------- 
	 Epoch step finished: 54s 
	 ------ Epoch: 14 ------ 
[Global iteration 2480], [iter 10 / 190], [train loss 3.30228] 
[Global iteration 2490], [iter 20 / 190], [train loss 3.32310] 
[Global iteration 2500], [iter 30 / 190], [train loss 3.34276] 
[Global iteration 2510], [iter 40 / 190], [train loss 3.34511] 
[Global iteration 2520], [iter 50 / 190], [train loss 3.34027] 
[Global iteration 2530], [iter 60 / 190], [train loss 3.34340] 
[Global iteration 2540], [iter 70 / 190], [train loss 3.34602] 
[Global iteration 2550], [iter 80 / 190], [train loss 3.34248] 
[Global iteration 2560], [iter 90 / 190], [train loss 3.34123] 
[Global iteration 2570], [iter 100 / 190], [train loss 3.34683] 
[Global iteration 2580], [iter 110 / 190], [train loss 3.34735] 
[Global iteration 2590], [iter 120 / 190], [train loss 3.35138] 
[Global iteration 2600], [iter 130 / 190], [train loss 3.35118] 
[Global iteration 2610], [iter 140 / 190], [train loss 3.34940] 
[Global iteration 2620], [iter 150 / 190], [train loss 3.34750] 
[Global iteration 2630], [iter 160 / 190], [train loss 3.34802] 
[Global iteration 2640], [iter 170 / 190], [train loss 3.34751] 
[Global iteration 2650], [iter 180 / 190], [train loss 3.34798] 
[Global iteration 2660], [iter 190 / 190], [train loss 3.34879] 
----------------- Epoch scores summary -------------------------
[epoch 14], [val loss 0.04070], [acc 96.51], [precision 0.43], [recall 2.17], [f1score 0.72]
---------------------------------------------------------------- 
	 Epoch step finished: 51s 
	 ------ Epoch: 15 ------ 
[Global iteration 2670], [iter 10 / 190], [train loss 3.34567] 
[Global iteration 2680], [iter 20 / 190], [train loss 3.32794] 
[Global iteration 2690], [iter 30 / 190], [train loss 3.33328] 
[Global iteration 2700], [iter 40 / 190], [train loss 3.34777] 
[Global iteration 2710], [iter 50 / 190], [train loss 3.34891] 
[Global iteration 2720], [iter 60 / 190], [train loss 3.35114] 
[Global iteration 2730], [iter 70 / 190], [train loss 3.35230] 
[Global iteration 2740], [iter 80 / 190], [train loss 3.35331] 
[Global iteration 2750], [iter 90 / 190], [train loss 3.35226] 
[Global iteration 2760], [iter 100 / 190], [train loss 3.35007] 
[Global iteration 2770], [iter 110 / 190], [train loss 3.34435] 
[Global iteration 2780], [iter 120 / 190], [train loss 3.34758] 
[Global iteration 2790], [iter 130 / 190], [train loss 3.34743] 
[Global iteration 2800], [iter 140 / 190], [train loss 3.34768] 
[Global iteration 2810], [iter 150 / 190], [train loss 3.34610] 
[Global iteration 2820], [iter 160 / 190], [train loss 3.34824] 
[Global iteration 2830], [iter 170 / 190], [train loss 3.34905] 
[Global iteration 2840], [iter 180 / 190], [train loss 3.34670] 
[Global iteration 2850], [iter 190 / 190], [train loss 3.34553] 
----------------- Epoch scores summary -------------------------
[epoch 15], [val loss 0.04061], [acc 96.51], [precision 0.43], [recall 2.17], [f1score 0.72]
---------------------------------------------------------------- 
	 Epoch step finished: 41s 
	 ------ Epoch: 16 ------ 
[Global iteration 2860], [iter 10 / 190], [train loss 3.31026] 
[Global iteration 2870], [iter 20 / 190], [train loss 3.32301] 
[Global iteration 2880], [iter 30 / 190], [train loss 3.34390] 
[Global iteration 2890], [iter 40 / 190], [train loss 3.34958] 
[Global iteration 2900], [iter 50 / 190], [train loss 3.34634] 
[Global iteration 2910], [iter 60 / 190], [train loss 3.33819] 
[Global iteration 2920], [iter 70 / 190], [train loss 3.34495] 
[Global iteration 2930], [iter 80 / 190], [train loss 3.34669] 
[Global iteration 2940], [iter 90 / 190], [train loss 3.34781] 
[Global iteration 2950], [iter 100 / 190], [train loss 3.34504] 
[Global iteration 2960], [iter 110 / 190], [train loss 3.34442] 
[Global iteration 2970], [iter 120 / 190], [train loss 3.34470] 
[Global iteration 2980], [iter 130 / 190], [train loss 3.34561] 
[Global iteration 2990], [iter 140 / 190], [train loss 3.34755] 
[Global iteration 3000], [iter 150 / 190], [train loss 3.34752] 
[Global iteration 3010], [iter 160 / 190], [train loss 3.34681] 
[Global iteration 3020], [iter 170 / 190], [train loss 3.34506] 
[Global iteration 3030], [iter 180 / 190], [train loss 3.34441] 
[Global iteration 3040], [iter 190 / 190], [train loss 3.34319] 
----------------- Epoch scores summary -------------------------
[epoch 16], [val loss 0.04058], [acc 96.51], [precision 0.43], [recall 2.17], [f1score 0.72]
---------------------------------------------------------------- 
	 Epoch step finished: 38s 
	 ------ Epoch: 17 ------ 
[Global iteration 3050], [iter 10 / 190], [train loss 3.36621] 
[Global iteration 3060], [iter 20 / 190], [train loss 3.35914] 
[Global iteration 3070], [iter 30 / 190], [train loss 3.35424] 
[Global iteration 3080], [iter 40 / 190], [train loss 3.34894] 
[Global iteration 3090], [iter 50 / 190], [train loss 3.35047] 
[Global iteration 3100], [iter 60 / 190], [train loss 3.34996] 
[Global iteration 3110], [iter 70 / 190], [train loss 3.34198] 
[Global iteration 3120], [iter 80 / 190], [train loss 3.34409] 
[Global iteration 3130], [iter 90 / 190], [train loss 3.33936] 
[Global iteration 3140], [iter 100 / 190], [train loss 3.34284] 
[Global iteration 3150], [iter 110 / 190], [train loss 3.33824] 
[Global iteration 3160], [iter 120 / 190], [train loss 3.33828] 
[Global iteration 3170], [iter 130 / 190], [train loss 3.34111] 
[Global iteration 3180], [iter 140 / 190], [train loss 3.33922] 
[Global iteration 3190], [iter 150 / 190], [train loss 3.34179] 
[Global iteration 3200], [iter 160 / 190], [train loss 3.34330] 
[Global iteration 3210], [iter 170 / 190], [train loss 3.34308] 
[Global iteration 3220], [iter 180 / 190], [train loss 3.34159] 
[Global iteration 3230], [iter 190 / 190], [train loss 3.34098] 
----------------- Epoch scores summary -------------------------
[epoch 17], [val loss 0.04054], [acc 96.51], [precision 0.43], [recall 2.17], [f1score 0.72]
---------------------------------------------------------------- 
	 Epoch step finished: 47s 
	 ------ Epoch: 18 ------ 
[Global iteration 3240], [iter 10 / 190], [train loss 3.36883] 
[Global iteration 3250], [iter 20 / 190], [train loss 3.36177] 
[Global iteration 3260], [iter 30 / 190], [train loss 3.35876] 
[Global iteration 3270], [iter 40 / 190], [train loss 3.34964] 
[Global iteration 3280], [iter 50 / 190], [train loss 3.34576] 
[Global iteration 3290], [iter 60 / 190], [train loss 3.33790] 
[Global iteration 3300], [iter 70 / 190], [train loss 3.33282] 
[Global iteration 3310], [iter 80 / 190], [train loss 3.33574] 
[Global iteration 3320], [iter 90 / 190], [train loss 3.33712] 
[Global iteration 3330], [iter 100 / 190], [train loss 3.33369] 
[Global iteration 3340], [iter 110 / 190], [train loss 3.33187] 
[Global iteration 3350], [iter 120 / 190], [train loss 3.33726] 
[Global iteration 3360], [iter 130 / 190], [train loss 3.33845] 
[Global iteration 3370], [iter 140 / 190], [train loss 3.33919] 
[Global iteration 3380], [iter 150 / 190], [train loss 3.33895] 
[Global iteration 3390], [iter 160 / 190], [train loss 3.34054] 
[Global iteration 3400], [iter 170 / 190], [train loss 3.34311] 
[Global iteration 3410], [iter 180 / 190], [train loss 3.34304] 
[Global iteration 3420], [iter 190 / 190], [train loss 3.33904] 
----------------- Epoch scores summary -------------------------
[epoch 18], [val loss 0.04047], [acc 96.51], [precision 0.43], [recall 2.17], [f1score 0.72]
---------------------------------------------------------------- 
	 Epoch step finished: 50s 
	 ------ Epoch: 19 ------ 
[Global iteration 3430], [iter 10 / 190], [train loss 3.35429] 
[Global iteration 3440], [iter 20 / 190], [train loss 3.36193] 
[Global iteration 3450], [iter 30 / 190], [train loss 3.35588] 
[Global iteration 3460], [iter 40 / 190], [train loss 3.35936] 
[Global iteration 3470], [iter 50 / 190], [train loss 3.35653] 
[Global iteration 3480], [iter 60 / 190], [train loss 3.35263] 
[Global iteration 3490], [iter 70 / 190], [train loss 3.35507] 
[Global iteration 3500], [iter 80 / 190], [train loss 3.35162] 
[Global iteration 3510], [iter 90 / 190], [train loss 3.34918] 
[Global iteration 3520], [iter 100 / 190], [train loss 3.34935] 
[Global iteration 3530], [iter 110 / 190], [train loss 3.34535] 
[Global iteration 3540], [iter 120 / 190], [train loss 3.34753] 
[Global iteration 3550], [iter 130 / 190], [train loss 3.34225] 
[Global iteration 3560], [iter 140 / 190], [train loss 3.34168] 
[Global iteration 3570], [iter 150 / 190], [train loss 3.34157] 
[Global iteration 3580], [iter 160 / 190], [train loss 3.34071] 
[Global iteration 3590], [iter 170 / 190], [train loss 3.33673] 
[Global iteration 3600], [iter 180 / 190], [train loss 3.33560] 
[Global iteration 3610], [iter 190 / 190], [train loss 3.33772] 
----------------- Epoch scores summary -------------------------
[epoch 19], [val loss 0.04048], [acc 96.51], [precision 0.43], [recall 2.17], [f1score 0.72]
---------------------------------------------------------------- 
	 Epoch step finished: 44s 
	 ------ Epoch: 20 ------ 
[Global iteration 3620], [iter 10 / 190], [train loss 3.29929] 
[Global iteration 3630], [iter 20 / 190], [train loss 3.32656] 
[Global iteration 3640], [iter 30 / 190], [train loss 3.30919] 
[Global iteration 3650], [iter 40 / 190], [train loss 3.31640] 
[Global iteration 3660], [iter 50 / 190], [train loss 3.30582] 
[Global iteration 3670], [iter 60 / 190], [train loss 3.32033] 
[Global iteration 3680], [iter 70 / 190], [train loss 3.32710] 
[Global iteration 3690], [iter 80 / 190], [train loss 3.32649] 
[Global iteration 3700], [iter 90 / 190], [train loss 3.32851] 
[Global iteration 3710], [iter 100 / 190], [train loss 3.32466] 
[Global iteration 3720], [iter 110 / 190], [train loss 3.32849] 
[Global iteration 3730], [iter 120 / 190], [train loss 3.32928] 
[Global iteration 3740], [iter 130 / 190], [train loss 3.33111] 
[Global iteration 3750], [iter 140 / 190], [train loss 3.33378] 
[Global iteration 3760], [iter 150 / 190], [train loss 3.33541] 
[Global iteration 3770], [iter 160 / 190], [train loss 3.33776] 
[Global iteration 3780], [iter 170 / 190], [train loss 3.33697] 
[Global iteration 3790], [iter 180 / 190], [train loss 3.33408] 
[Global iteration 3800], [iter 190 / 190], [train loss 3.33606] 
----------------- Epoch scores summary -------------------------
[epoch 20], [val loss 0.04041], [acc 96.51], [precision 0.43], [recall 2.17], [f1score 0.72]
---------------------------------------------------------------- 
	 Epoch step finished: 41s 
	 ------ Epoch: 21 ------ 
[Global iteration 3810], [iter 10 / 190], [train loss 3.30768] 
[Global iteration 3820], [iter 20 / 190], [train loss 3.31657] 
[Global iteration 3830], [iter 30 / 190], [train loss 3.31153] 
[Global iteration 3840], [iter 40 / 190], [train loss 3.31437] 
[Global iteration 3850], [iter 50 / 190], [train loss 3.31725] 
[Global iteration 3860], [iter 60 / 190], [train loss 3.32195] 
[Global iteration 3870], [iter 70 / 190], [train loss 3.31826] 
[Global iteration 3880], [iter 80 / 190], [train loss 3.31450] 
[Global iteration 3890], [iter 90 / 190], [train loss 3.31534] 
[Global iteration 3900], [iter 100 / 190], [train loss 3.32010] 
[Global iteration 3910], [iter 110 / 190], [train loss 3.32003] 
[Global iteration 3920], [iter 120 / 190], [train loss 3.32462] 
[Global iteration 3930], [iter 130 / 190], [train loss 3.32525] 
[Global iteration 3940], [iter 140 / 190], [train loss 3.32686] 
[Global iteration 3950], [iter 150 / 190], [train loss 3.33038] 
[Global iteration 3960], [iter 160 / 190], [train loss 3.33316] 
[Global iteration 3970], [iter 170 / 190], [train loss 3.33412] 
[Global iteration 3980], [iter 180 / 190], [train loss 3.33462] 
[Global iteration 3990], [iter 190 / 190], [train loss 3.33498] 
----------------- Epoch scores summary -------------------------
[epoch 21], [val loss 0.04041], [acc 96.51], [precision 0.43], [recall 2.17], [f1score 0.72]
---------------------------------------------------------------- 
	 Epoch step finished: 49s 
	 ------ Epoch: 22 ------ 
[Global iteration 4000], [iter 10 / 190], [train loss 3.32144] 
[Global iteration 4010], [iter 20 / 190], [train loss 3.32471] 
[Global iteration 4020], [iter 30 / 190], [train loss 3.31228] 
[Global iteration 4030], [iter 40 / 190], [train loss 3.30844] 
[Global iteration 4040], [iter 50 / 190], [train loss 3.31130] 
[Global iteration 4050], [iter 60 / 190], [train loss 3.31397] 
[Global iteration 4060], [iter 70 / 190], [train loss 3.32822] 
[Global iteration 4070], [iter 80 / 190], [train loss 3.32965] 
[Global iteration 4080], [iter 90 / 190], [train loss 3.33794] 
[Global iteration 4090], [iter 100 / 190], [train loss 3.33334] 
[Global iteration 4100], [iter 110 / 190], [train loss 3.33567] 
[Global iteration 4110], [iter 120 / 190], [train loss 3.33653] 
[Global iteration 4120], [iter 130 / 190], [train loss 3.33803] 
[Global iteration 4130], [iter 140 / 190], [train loss 3.33566] 
[Global iteration 4140], [iter 150 / 190], [train loss 3.33449] 
[Global iteration 4150], [iter 160 / 190], [train loss 3.33759] 
[Global iteration 4160], [iter 170 / 190], [train loss 3.33868] 
[Global iteration 4170], [iter 180 / 190], [train loss 3.33776] 
[Global iteration 4180], [iter 190 / 190], [train loss 3.33416] 
----------------- Epoch scores summary -------------------------
[epoch 22], [val loss 0.04046], [acc 96.51], [precision 0.43], [recall 2.17], [f1score 0.72]
---------------------------------------------------------------- 
	 Epoch step finished: 41s 
	 ------ Epoch: 23 ------ 
[Global iteration 4190], [iter 10 / 190], [train loss 3.31524] 
[Global iteration 4200], [iter 20 / 190], [train loss 3.29742] 
[Global iteration 4210], [iter 30 / 190], [train loss 3.30713] 
[Global iteration 4220], [iter 40 / 190], [train loss 3.29979] 
[Global iteration 4230], [iter 50 / 190], [train loss 3.31405] 
[Global iteration 4240], [iter 60 / 190], [train loss 3.31547] 
[Global iteration 4250], [iter 70 / 190], [train loss 3.32464] 
[Global iteration 4260], [iter 80 / 190], [train loss 3.32463] 
[Global iteration 4270], [iter 90 / 190], [train loss 3.32740] 
[Global iteration 4280], [iter 100 / 190], [train loss 3.32924] 
[Global iteration 4290], [iter 110 / 190], [train loss 3.32823] 
[Global iteration 4300], [iter 120 / 190], [train loss 3.32441] 
[Global iteration 4310], [iter 130 / 190], [train loss 3.32444] 
[Global iteration 4320], [iter 140 / 190], [train loss 3.32895] 
[Global iteration 4330], [iter 150 / 190], [train loss 3.32816] 
[Global iteration 4340], [iter 160 / 190], [train loss 3.33194] 
[Global iteration 4350], [iter 170 / 190], [train loss 3.33030] 
[Global iteration 4360], [iter 180 / 190], [train loss 3.33196] 
[Global iteration 4370], [iter 190 / 190], [train loss 3.33327] 
----------------- Epoch scores summary -------------------------
[epoch 23], [val loss 0.04037], [acc 96.51], [precision 0.43], [recall 2.17], [f1score 0.72]
---------------------------------------------------------------- 
	 Epoch step finished: 45s 
	 ------ Epoch: 24 ------ 
[Global iteration 4380], [iter 10 / 190], [train loss 3.32022] 
[Global iteration 4390], [iter 20 / 190], [train loss 3.31887] 
[Global iteration 4400], [iter 30 / 190], [train loss 3.32688] 
[Global iteration 4410], [iter 40 / 190], [train loss 3.32175] 
[Global iteration 4420], [iter 50 / 190], [train loss 3.31776] 
[Global iteration 4430], [iter 60 / 190], [train loss 3.31786] 
[Global iteration 4440], [iter 70 / 190], [train loss 3.32382] 
[Global iteration 4450], [iter 80 / 190], [train loss 3.33034] 
[Global iteration 4460], [iter 90 / 190], [train loss 3.33033] 
[Global iteration 4470], [iter 100 / 190], [train loss 3.33178] 
[Global iteration 4480], [iter 110 / 190], [train loss 3.33351] 
[Global iteration 4490], [iter 120 / 190], [train loss 3.33411] 
[Global iteration 4500], [iter 130 / 190], [train loss 3.33189] 
[Global iteration 4510], [iter 140 / 190], [train loss 3.33047] 
[Global iteration 4520], [iter 150 / 190], [train loss 3.33242] 
[Global iteration 4530], [iter 160 / 190], [train loss 3.32989] 
[Global iteration 4540], [iter 170 / 190], [train loss 3.32931] 
[Global iteration 4550], [iter 180 / 190], [train loss 3.32917] 
[Global iteration 4560], [iter 190 / 190], [train loss 3.33242] 
----------------- Epoch scores summary -------------------------
[epoch 24], [val loss 0.04034], [acc 96.51], [precision 0.43], [recall 2.17], [f1score 0.72]
---------------------------------------------------------------- 
	 Epoch step finished: 38s 
	 ------ Epoch: 25 ------ 
[Global iteration 4570], [iter 10 / 190], [train loss 3.35315] 
[Global iteration 4580], [iter 20 / 190], [train loss 3.33675] 
[Global iteration 4590], [iter 30 / 190], [train loss 3.33767] 
[Global iteration 4600], [iter 40 / 190], [train loss 3.32203] 
[Global iteration 4610], [iter 50 / 190], [train loss 3.33090] 
[Global iteration 4620], [iter 60 / 190], [train loss 3.33115] 
[Global iteration 4630], [iter 70 / 190], [train loss 3.32915] 
[Global iteration 4640], [iter 80 / 190], [train loss 3.33565] 
[Global iteration 4650], [iter 90 / 190], [train loss 3.34087] 
[Global iteration 4660], [iter 100 / 190], [train loss 3.34000] 
[Global iteration 4670], [iter 110 / 190], [train loss 3.33821] 
[Global iteration 4680], [iter 120 / 190], [train loss 3.33922] 
[Global iteration 4690], [iter 130 / 190], [train loss 3.33726] 
[Global iteration 4700], [iter 140 / 190], [train loss 3.33371] 
[Global iteration 4710], [iter 150 / 190], [train loss 3.33588] 
[Global iteration 4720], [iter 160 / 190], [train loss 3.33476] 
[Global iteration 4730], [iter 170 / 190], [train loss 3.33496] 
[Global iteration 4740], [iter 180 / 190], [train loss 3.33462] 
[Global iteration 4750], [iter 190 / 190], [train loss 3.33195] 
----------------- Epoch scores summary -------------------------
[epoch 25], [val loss 0.04039], [acc 96.51], [precision 0.43], [recall 2.17], [f1score 0.72]
---------------------------------------------------------------- 
	 Epoch step finished: 34s 
----------------- Scores summary --------------------
[val loss 0.04039], [acc 96.51], [precision 0.43], [recall 2.17], [f1score 0.72]
---------------------------------------------------------------- 
----------------- Scores summary --------------------
[val loss 0.04187], [acc 96.21], [precision 0.28], [recall 2.17], [f1score 0.49]
---------------------------------------------------------------- 
