
- Starting train <--- 
	 ------ Epoch: 1 ------ 
[Global iteration 10], [iter 10 / 190], [train loss 3.82488] 
[Global iteration 20], [iter 20 / 190], [train loss 3.82431] 
[Global iteration 30], [iter 30 / 190], [train loss 3.82417] 
[Global iteration 40], [iter 40 / 190], [train loss 3.82431] 
[Global iteration 50], [iter 50 / 190], [train loss 3.82428] 
[Global iteration 60], [iter 60 / 190], [train loss 3.82441] 
[Global iteration 70], [iter 70 / 190], [train loss 3.82423] 
[Global iteration 80], [iter 80 / 190], [train loss 3.82414] 
[Global iteration 90], [iter 90 / 190], [train loss 3.82389] 
[Global iteration 100], [iter 100 / 190], [train loss 3.82390] 
[Global iteration 110], [iter 110 / 190], [train loss 3.82377] 
[Global iteration 120], [iter 120 / 190], [train loss 3.82369] 
[Global iteration 130], [iter 130 / 190], [train loss 3.82366] 
[Global iteration 140], [iter 140 / 190], [train loss 3.82367] 
[Global iteration 150], [iter 150 / 190], [train loss 3.82364] 
[Global iteration 160], [iter 160 / 190], [train loss 3.82355] 
[Global iteration 170], [iter 170 / 190], [train loss 3.82347] 
[Global iteration 180], [iter 180 / 190], [train loss 3.82329] 
[Global iteration 190], [iter 190 / 190], [train loss 3.82316] 
----------------- Epoch scores summary -------------------------
[epoch 1], [val loss 0.05153], [acc 96.51], [precision 0.43], [recall 2.17], [f1score 0.72]
---------------------------------------------------------------- 
	 Epoch step finished: 89s 
	 ------ Epoch: 2 ------ 
[Global iteration 200], [iter 10 / 190], [train loss 3.82051] 
[Global iteration 210], [iter 20 / 190], [train loss 3.82122] 
[Global iteration 220], [iter 30 / 190], [train loss 3.82096] 
[Global iteration 230], [iter 40 / 190], [train loss 3.82073] 
[Global iteration 240], [iter 50 / 190], [train loss 3.82039] 
[Global iteration 250], [iter 60 / 190], [train loss 3.82011] 
[Global iteration 260], [iter 70 / 190], [train loss 3.81999] 
[Global iteration 270], [iter 80 / 190], [train loss 3.81999] 
[Global iteration 280], [iter 90 / 190], [train loss 3.82004] 
[Global iteration 290], [iter 100 / 190], [train loss 3.82005] 
[Global iteration 300], [iter 110 / 190], [train loss 3.81993] 
[Global iteration 310], [iter 120 / 190], [train loss 3.81981] 
[Global iteration 320], [iter 130 / 190], [train loss 3.81973] 
[Global iteration 330], [iter 140 / 190], [train loss 3.81962] 
[Global iteration 340], [iter 150 / 190], [train loss 3.81950] 
[Global iteration 350], [iter 160 / 190], [train loss 3.81939] 
[Global iteration 360], [iter 170 / 190], [train loss 3.81913] 
[Global iteration 370], [iter 180 / 190], [train loss 3.81902] 
[Global iteration 380], [iter 190 / 190], [train loss 3.81878] 
----------------- Epoch scores summary -------------------------
[epoch 2], [val loss 0.05142], [acc 96.51], [precision 0.43], [recall 2.17], [f1score 0.72]
---------------------------------------------------------------- 
	 Epoch step finished: 89s 
	 ------ Epoch: 3 ------ 
[Global iteration 390], [iter 10 / 190], [train loss 3.81640] 
[Global iteration 400], [iter 20 / 190], [train loss 3.81683] 
[Global iteration 410], [iter 30 / 190], [train loss 3.81572] 
[Global iteration 420], [iter 40 / 190], [train loss 3.81572] 
[Global iteration 430], [iter 50 / 190], [train loss 3.81521] 
[Global iteration 440], [iter 60 / 190], [train loss 3.81531] 
[Global iteration 450], [iter 70 / 190], [train loss 3.81529] 
[Global iteration 460], [iter 80 / 190], [train loss 3.81498] 
[Global iteration 470], [iter 90 / 190], [train loss 3.81491] 
[Global iteration 480], [iter 100 / 190], [train loss 3.81483] 
[Global iteration 490], [iter 110 / 190], [train loss 3.81472] 
[Global iteration 500], [iter 120 / 190], [train loss 3.81460] 
[Global iteration 510], [iter 130 / 190], [train loss 3.81453] 
[Global iteration 520], [iter 140 / 190], [train loss 3.81428] 
[Global iteration 530], [iter 150 / 190], [train loss 3.81413] 
[Global iteration 540], [iter 160 / 190], [train loss 3.81392] 
[Global iteration 550], [iter 170 / 190], [train loss 3.81388] 
[Global iteration 560], [iter 180 / 190], [train loss 3.81365] 
[Global iteration 570], [iter 190 / 190], [train loss 3.81350] 
----------------- Epoch scores summary -------------------------
[epoch 3], [val loss 0.05131], [acc 96.51], [precision 0.43], [recall 2.17], [f1score 0.72]
---------------------------------------------------------------- 
	 Epoch step finished: 90s 
	 ------ Epoch: 4 ------ 
[Global iteration 580], [iter 10 / 190], [train loss 3.81226] 
[Global iteration 590], [iter 20 / 190], [train loss 3.81227] 
[Global iteration 600], [iter 30 / 190], [train loss 3.81135] 
[Global iteration 610], [iter 40 / 190], [train loss 3.81079] 
[Global iteration 620], [iter 50 / 190], [train loss 3.81058] 
[Global iteration 630], [iter 60 / 190], [train loss 3.81036] 
[Global iteration 640], [iter 70 / 190], [train loss 3.81051] 
[Global iteration 650], [iter 80 / 190], [train loss 3.81016] 
[Global iteration 660], [iter 90 / 190], [train loss 3.80997] 
[Global iteration 670], [iter 100 / 190], [train loss 3.80970] 
[Global iteration 680], [iter 110 / 190], [train loss 3.80937] 
[Global iteration 690], [iter 120 / 190], [train loss 3.80920] 
[Global iteration 700], [iter 130 / 190], [train loss 3.80890] 
[Global iteration 710], [iter 140 / 190], [train loss 3.80870] 
[Global iteration 720], [iter 150 / 190], [train loss 3.80870] 
[Global iteration 730], [iter 160 / 190], [train loss 3.80848] 
[Global iteration 740], [iter 170 / 190], [train loss 3.80829] 
[Global iteration 750], [iter 180 / 190], [train loss 3.80816] 
[Global iteration 760], [iter 190 / 190], [train loss 3.80813] 
----------------- Epoch scores summary -------------------------
[epoch 4], [val loss 0.05119], [acc 96.51], [precision 0.43], [recall 2.17], [f1score 0.72]
---------------------------------------------------------------- 
	 Epoch step finished: 90s 
	 ------ Epoch: 5 ------ 
[Global iteration 770], [iter 10 / 190], [train loss 3.80134] 
[Global iteration 780], [iter 20 / 190], [train loss 3.80378] 
[Global iteration 790], [iter 30 / 190], [train loss 3.80359] 
[Global iteration 800], [iter 40 / 190], [train loss 3.80346] 
[Global iteration 810], [iter 50 / 190], [train loss 3.80366] 
[Global iteration 820], [iter 60 / 190], [train loss 3.80341] 
[Global iteration 830], [iter 70 / 190], [train loss 3.80363] 
[Global iteration 840], [iter 80 / 190], [train loss 3.80390] 
[Global iteration 850], [iter 90 / 190], [train loss 3.80393] 
[Global iteration 860], [iter 100 / 190], [train loss 3.80396] 
[Global iteration 870], [iter 110 / 190], [train loss 3.80406] 
[Global iteration 880], [iter 120 / 190], [train loss 3.80401] 
[Global iteration 890], [iter 130 / 190], [train loss 3.80388] 
[Global iteration 900], [iter 140 / 190], [train loss 3.80358] 
[Global iteration 910], [iter 150 / 190], [train loss 3.80346] 
[Global iteration 920], [iter 160 / 190], [train loss 3.80337] 
[Global iteration 930], [iter 170 / 190], [train loss 3.80318] 
[Global iteration 940], [iter 180 / 190], [train loss 3.80300] 
[Global iteration 950], [iter 190 / 190], [train loss 3.80279] 
----------------- Epoch scores summary -------------------------
[epoch 5], [val loss 0.05108], [acc 96.51], [precision 0.43], [recall 2.17], [f1score 0.72]
---------------------------------------------------------------- 
	 Epoch step finished: 91s 
	 ------ Epoch: 6 ------ 
[Global iteration 960], [iter 10 / 190], [train loss 3.79833] 
[Global iteration 970], [iter 20 / 190], [train loss 3.79928] 
[Global iteration 980], [iter 30 / 190], [train loss 3.79944] 
[Global iteration 990], [iter 40 / 190], [train loss 3.79938] 
[Global iteration 1000], [iter 50 / 190], [train loss 3.79934] 
[Global iteration 1010], [iter 60 / 190], [train loss 3.79914] 
[Global iteration 1020], [iter 70 / 190], [train loss 3.79903] 
[Global iteration 1030], [iter 80 / 190], [train loss 3.79888] 
[Global iteration 1040], [iter 90 / 190], [train loss 3.79857] 
[Global iteration 1050], [iter 100 / 190], [train loss 3.79821] 
[Global iteration 1060], [iter 110 / 190], [train loss 3.79806] 
[Global iteration 1070], [iter 120 / 190], [train loss 3.79815] 
[Global iteration 1080], [iter 130 / 190], [train loss 3.79815] 
[Global iteration 1090], [iter 140 / 190], [train loss 3.79821] 
[Global iteration 1100], [iter 150 / 190], [train loss 3.79833] 
[Global iteration 1110], [iter 160 / 190], [train loss 3.79804] 
[Global iteration 1120], [iter 170 / 190], [train loss 3.79788] 
[Global iteration 1130], [iter 180 / 190], [train loss 3.79766] 
[Global iteration 1140], [iter 190 / 190], [train loss 3.79749] 
----------------- Epoch scores summary -------------------------
[epoch 6], [val loss 0.05096], [acc 96.51], [precision 0.43], [recall 2.17], [f1score 0.72]
---------------------------------------------------------------- 
	 Epoch step finished: 91s 
	 ------ Epoch: 7 ------ 
[Global iteration 1150], [iter 10 / 190], [train loss 3.79805] 
[Global iteration 1160], [iter 20 / 190], [train loss 3.79640] 
[Global iteration 1170], [iter 30 / 190], [train loss 3.79554] 
[Global iteration 1180], [iter 40 / 190], [train loss 3.79507] 
[Global iteration 1190], [iter 50 / 190], [train loss 3.79461] 
[Global iteration 1200], [iter 60 / 190], [train loss 3.79421] 
[Global iteration 1210], [iter 70 / 190], [train loss 3.79439] 
[Global iteration 1220], [iter 80 / 190], [train loss 3.79425] 
[Global iteration 1230], [iter 90 / 190], [train loss 3.79417] 
[Global iteration 1240], [iter 100 / 190], [train loss 3.79428] 
[Global iteration 1250], [iter 110 / 190], [train loss 3.79399] 
[Global iteration 1260], [iter 120 / 190], [train loss 3.79353] 
[Global iteration 1270], [iter 130 / 190], [train loss 3.79313] 
[Global iteration 1280], [iter 140 / 190], [train loss 3.79306] 
[Global iteration 1290], [iter 150 / 190], [train loss 3.79276] 
[Global iteration 1300], [iter 160 / 190], [train loss 3.79270] 
[Global iteration 1310], [iter 170 / 190], [train loss 3.79256] 
[Global iteration 1320], [iter 180 / 190], [train loss 3.79239] 
[Global iteration 1330], [iter 190 / 190], [train loss 3.79223] 
----------------- Epoch scores summary -------------------------
[epoch 7], [val loss 0.05085], [acc 96.51], [precision 0.43], [recall 2.17], [f1score 0.72]
---------------------------------------------------------------- 
	 Epoch step finished: 92s 
	 ------ Epoch: 8 ------ 
[Global iteration 1340], [iter 10 / 190], [train loss 3.78689] 
[Global iteration 1350], [iter 20 / 190], [train loss 3.78768] 
[Global iteration 1360], [iter 30 / 190], [train loss 3.78872] 
[Global iteration 1370], [iter 40 / 190], [train loss 3.78809] 
[Global iteration 1380], [iter 50 / 190], [train loss 3.78825] 
[Global iteration 1390], [iter 60 / 190], [train loss 3.78837] 
[Global iteration 1400], [iter 70 / 190], [train loss 3.78835] 
[Global iteration 1410], [iter 80 / 190], [train loss 3.78798] 
[Global iteration 1420], [iter 90 / 190], [train loss 3.78763] 
[Global iteration 1430], [iter 100 / 190], [train loss 3.78792] 
[Global iteration 1440], [iter 110 / 190], [train loss 3.78754] 
[Global iteration 1450], [iter 120 / 190], [train loss 3.78746] 

- Starting train <--- 
	 ------ Epoch: 1 ------ 
[Global iteration 10], [iter 10 / 190], [train loss 3.83204] 
[Global iteration 20], [iter 20 / 190], [train loss 3.83252] 
[Global iteration 30], [iter 30 / 190], [train loss 3.83229] 
[Global iteration 40], [iter 40 / 190], [train loss 3.83230] 
[Global iteration 50], [iter 50 / 190], [train loss 3.83217] 
[Global iteration 60], [iter 60 / 190], [train loss 3.83198] 
[Global iteration 70], [iter 70 / 190], [train loss 3.83204] 
[Global iteration 80], [iter 80 / 190], [train loss 3.83195] 
[Global iteration 90], [iter 90 / 190], [train loss 3.83178] 
[Global iteration 100], [iter 100 / 190], [train loss 3.83169] 
[Global iteration 110], [iter 110 / 190], [train loss 3.83166] 
[Global iteration 120], [iter 120 / 190], [train loss 3.83164] 
[Global iteration 130], [iter 130 / 190], [train loss 3.83160] 
[Global iteration 140], [iter 140 / 190], [train loss 3.83157] 
[Global iteration 150], [iter 150 / 190], [train loss 3.83145] 
[Global iteration 160], [iter 160 / 190], [train loss 3.83139] 
[Global iteration 170], [iter 170 / 190], [train loss 3.83126] 
[Global iteration 180], [iter 180 / 190], [train loss 3.83112] 
[Global iteration 190], [iter 190 / 190], [train loss 3.83100] 
----------------- Epoch scores summary -------------------------
[epoch 1], [val loss 0.05174], [acc 95.66], [precision 0.01], [recall 2.17], [f1score 0.01]
---------------------------------------------------------------- 
	 Epoch step finished: 91s 
	 ------ Epoch: 2 ------ 
[Global iteration 200], [iter 10 / 190], [train loss 3.82968] 
[Global iteration 210], [iter 20 / 190], [train loss 3.82919] 
[Global iteration 220], [iter 30 / 190], [train loss 3.82911] 
[Global iteration 230], [iter 40 / 190], [train loss 3.82895] 
[Global iteration 240], [iter 50 / 190], [train loss 3.82882] 
[Global iteration 250], [iter 60 / 190], [train loss 3.82852] 
[Global iteration 260], [iter 70 / 190], [train loss 3.82827] 
[Global iteration 270], [iter 80 / 190], [train loss 3.82810] 
[Global iteration 280], [iter 90 / 190], [train loss 3.82808] 
[Global iteration 290], [iter 100 / 190], [train loss 3.82795] 
[Global iteration 300], [iter 110 / 190], [train loss 3.82774] 
[Global iteration 310], [iter 120 / 190], [train loss 3.82761] 
[Global iteration 320], [iter 130 / 190], [train loss 3.82747] 
[Global iteration 330], [iter 140 / 190], [train loss 3.82733] 
[Global iteration 340], [iter 150 / 190], [train loss 3.82723] 
[Global iteration 350], [iter 160 / 190], [train loss 3.82703] 
[Global iteration 360], [iter 170 / 190], [train loss 3.82684] 
[Global iteration 370], [iter 180 / 190], [train loss 3.82670] 
[Global iteration 380], [iter 190 / 190], [train loss 3.82657] 
----------------- Epoch scores summary -------------------------
[epoch 2], [val loss 0.05163], [acc 96.51], [precision 0.43], [recall 2.17], [f1score 0.72]
---------------------------------------------------------------- 
	 Epoch step finished: 91s 
	 ------ Epoch: 3 ------ 
[Global iteration 390], [iter 10 / 190], [train loss 3.82434] 
[Global iteration 400], [iter 20 / 190], [train loss 3.82364] 
[Global iteration 410], [iter 30 / 190], [train loss 3.82344] 
[Global iteration 420], [iter 40 / 190], [train loss 3.82344] 
[Global iteration 430], [iter 50 / 190], [train loss 3.82339] 
[Global iteration 440], [iter 60 / 190], [train loss 3.82308] 
[Global iteration 450], [iter 70 / 190], [train loss 3.82296] 
[Global iteration 460], [iter 80 / 190], [train loss 3.82289] 
[Global iteration 470], [iter 90 / 190], [train loss 3.82269] 
[Global iteration 480], [iter 100 / 190], [train loss 3.82254] 
[Global iteration 490], [iter 110 / 190], [train loss 3.82246] 
[Global iteration 500], [iter 120 / 190], [train loss 3.82234] 
[Global iteration 510], [iter 130 / 190], [train loss 3.82208] 
[Global iteration 520], [iter 140 / 190], [train loss 3.82197] 
[Global iteration 530], [iter 150 / 190], [train loss 3.82186] 
[Global iteration 540], [iter 160 / 190], [train loss 3.82181] 
[Global iteration 550], [iter 170 / 190], [train loss 3.82160] 
[Global iteration 560], [iter 180 / 190], [train loss 3.82136] 
[Global iteration 570], [iter 190 / 190], [train loss 3.82122] 
----------------- Epoch scores summary -------------------------
[epoch 3], [val loss 0.05152], [acc 96.51], [precision 0.43], [recall 2.17], [f1score 0.72]
---------------------------------------------------------------- 
	 Epoch step finished: 92s 
	 ------ Epoch: 4 ------ 
[Global iteration 580], [iter 10 / 190], [train loss 3.81768] 
[Global iteration 590], [iter 20 / 190], [train loss 3.81744] 
[Global iteration 600], [iter 30 / 190], [train loss 3.81776] 
[Global iteration 610], [iter 40 / 190], [train loss 3.81754] 
[Global iteration 620], [iter 50 / 190], [train loss 3.81767] 
[Global iteration 630], [iter 60 / 190], [train loss 3.81747] 
[Global iteration 640], [iter 70 / 190], [train loss 3.81747] 
[Global iteration 650], [iter 80 / 190], [train loss 3.81757] 
[Global iteration 660], [iter 90 / 190], [train loss 3.81749] 
[Global iteration 670], [iter 100 / 190], [train loss 3.81731] 
[Global iteration 680], [iter 110 / 190], [train loss 3.81716] 
[Global iteration 690], [iter 120 / 190], [train loss 3.81694] 
[Global iteration 700], [iter 130 / 190], [train loss 3.81677] 
[Global iteration 710], [iter 140 / 190], [train loss 3.81656] 
[Global iteration 720], [iter 150 / 190], [train loss 3.81637] 
[Global iteration 730], [iter 160 / 190], [train loss 3.81624] 
[Global iteration 740], [iter 170 / 190], [train loss 3.81615] 
[Global iteration 750], [iter 180 / 190], [train loss 3.81596] 
[Global iteration 760], [iter 190 / 190], [train loss 3.81579] 
----------------- Epoch scores summary -------------------------
[epoch 4], [val loss 0.05140], [acc 96.51], [precision 0.43], [recall 2.17], [f1score 0.72]
---------------------------------------------------------------- 
	 Epoch step finished: 92s 
	 ------ Epoch: 5 ------ 
[Global iteration 770], [iter 10 / 190], [train loss 3.81388] 
[Global iteration 780], [iter 20 / 190], [train loss 3.81322] 
[Global iteration 790], [iter 30 / 190], [train loss 3.81329] 
[Global iteration 800], [iter 40 / 190], [train loss 3.81291] 
[Global iteration 810], [iter 50 / 190], [train loss 3.81263] 
[Global iteration 820], [iter 60 / 190], [train loss 3.81281] 
[Global iteration 830], [iter 70 / 190], [train loss 3.81259] 
[Global iteration 840], [iter 80 / 190], [train loss 3.81262] 
[Global iteration 850], [iter 90 / 190], [train loss 3.81222] 
[Global iteration 860], [iter 100 / 190], [train loss 3.81212] 
[Global iteration 870], [iter 110 / 190], [train loss 3.81192] 
[Global iteration 880], [iter 120 / 190], [train loss 3.81156] 
[Global iteration 890], [iter 130 / 190], [train loss 3.81148] 
[Global iteration 900], [iter 140 / 190], [train loss 3.81130] 
[Global iteration 910], [iter 150 / 190], [train loss 3.81106] 
[Global iteration 920], [iter 160 / 190], [train loss 3.81093] 
[Global iteration 930], [iter 170 / 190], [train loss 3.81071] 
[Global iteration 940], [iter 180 / 190], [train loss 3.81052] 
[Global iteration 950], [iter 190 / 190], [train loss 3.81038] 
----------------- Epoch scores summary -------------------------
[epoch 5], [val loss 0.05128], [acc 96.51], [precision 0.43], [recall 2.17], [f1score 0.72]
---------------------------------------------------------------- 
	 Epoch step finished: 92s 
	 ------ Epoch: 6 ------ 
[Global iteration 960], [iter 10 / 190], [train loss 3.80777] 
[Global iteration 970], [iter 20 / 190], [train loss 3.80690] 
[Global iteration 980], [iter 30 / 190], [train loss 3.80801] 
[Global iteration 990], [iter 40 / 190], [train loss 3.80768] 
[Global iteration 1000], [iter 50 / 190], [train loss 3.80717] 
[Global iteration 1010], [iter 60 / 190], [train loss 3.80691] 
[Global iteration 1020], [iter 70 / 190], [train loss 3.80687] 
[Global iteration 1030], [iter 80 / 190], [train loss 3.80677] 
[Global iteration 1040], [iter 90 / 190], [train loss 3.80690] 
[Global iteration 1050], [iter 100 / 190], [train loss 3.80647] 
[Global iteration 1060], [iter 110 / 190], [train loss 3.80622] 
[Global iteration 1070], [iter 120 / 190], [train loss 3.80584] 
[Global iteration 1080], [iter 130 / 190], [train loss 3.80567] 
[Global iteration 1090], [iter 140 / 190], [train loss 3.80567] 
[Global iteration 1100], [iter 150 / 190], [train loss 3.80546] 
[Global iteration 1110], [iter 160 / 190], [train loss 3.80540] 
[Global iteration 1120], [iter 170 / 190], [train loss 3.80530] 
[Global iteration 1130], [iter 180 / 190], [train loss 3.80519] 
[Global iteration 1140], [iter 190 / 190], [train loss 3.80503] 
----------------- Epoch scores summary -------------------------
[epoch 6], [val loss 0.05117], [acc 96.51], [precision 0.43], [recall 2.17], [f1score 0.72]
---------------------------------------------------------------- 
	 Epoch step finished: 91s 
	 ------ Epoch: 7 ------ 
[Global iteration 1150], [iter 10 / 190], [train loss 3.80252] 
[Global iteration 1160], [iter 20 / 190], [train loss 3.80240] 
[Global iteration 1170], [iter 30 / 190], [train loss 3.80214] 
[Global iteration 1180], [iter 40 / 190], [train loss 3.80163] 
[Global iteration 1190], [iter 50 / 190], [train loss 3.80181] 
[Global iteration 1200], [iter 60 / 190], [train loss 3.80156] 
[Global iteration 1210], [iter 70 / 190], [train loss 3.80097] 
[Global iteration 1220], [iter 80 / 190], [train loss 3.80062] 
[Global iteration 1230], [iter 90 / 190], [train loss 3.80055] 
[Global iteration 1240], [iter 100 / 190], [train loss 3.80050] 
[Global iteration 1250], [iter 110 / 190], [train loss 3.80064] 
[Global iteration 1260], [iter 120 / 190], [train loss 3.80057] 
[Global iteration 1270], [iter 130 / 190], [train loss 3.80064] 
[Global iteration 1280], [iter 140 / 190], [train loss 3.80044] 
[Global iteration 1290], [iter 150 / 190], [train loss 3.80036] 
[Global iteration 1300], [iter 160 / 190], [train loss 3.80020] 
[Global iteration 1310], [iter 170 / 190], [train loss 3.80009] 
[Global iteration 1320], [iter 180 / 190], [train loss 3.79989] 
[Global iteration 1330], [iter 190 / 190], [train loss 3.79971] 
----------------- Epoch scores summary -------------------------
[epoch 7], [val loss 0.05105], [acc 96.51], [precision 0.43], [recall 2.17], [f1score 0.72]
---------------------------------------------------------------- 
	 Epoch step finished: 92s 
	 ------ Epoch: 8 ------ 
[Global iteration 1340], [iter 10 / 190], [train loss 3.79463] 
[Global iteration 1350], [iter 20 / 190], [train loss 3.79554] 
[Global iteration 1360], [iter 30 / 190], [train loss 3.79493] 
[Global iteration 1370], [iter 40 / 190], [train loss 3.79589] 
[Global iteration 1380], [iter 50 / 190], [train loss 3.79609] 
[Global iteration 1390], [iter 60 / 190], [train loss 3.79559] 
[Global iteration 1400], [iter 70 / 190], [train loss 3.79573] 
[Global iteration 1410], [iter 80 / 190], [train loss 3.79547] 
[Global iteration 1420], [iter 90 / 190], [train loss 3.79537] 
[Global iteration 1430], [iter 100 / 190], [train loss 3.79515] 
[Global iteration 1440], [iter 110 / 190], [train loss 3.79516] 
[Global iteration 1450], [iter 120 / 190], [train loss 3.79494] 
[Global iteration 1460], [iter 130 / 190], [train loss 3.79490] 
[Global iteration 1470], [iter 140 / 190], [train loss 3.79499] 
[Global iteration 1480], [iter 150 / 190], [train loss 3.79475] 
[Global iteration 1490], [iter 160 / 190], [train loss 3.79462] 
[Global iteration 1500], [iter 170 / 190], [train loss 3.79456] 
[Global iteration 1510], [iter 180 / 190], [train loss 3.79458] 
[Global iteration 1520], [iter 190 / 190], [train loss 3.79445] 
----------------- Epoch scores summary -------------------------
[epoch 8], [val loss 0.05094], [acc 96.51], [precision 0.43], [recall 2.17], [f1score 0.72]
---------------------------------------------------------------- 
	 Epoch step finished: 93s 
	 ------ Epoch: 9 ------ 
[Global iteration 1530], [iter 10 / 190], [train loss 3.79244] 
[Global iteration 1540], [iter 20 / 190], [train loss 3.79188] 
[Global iteration 1550], [iter 30 / 190], [train loss 3.79295] 
[Global iteration 1560], [iter 40 / 190], [train loss 3.79216] 
[Global iteration 1570], [iter 50 / 190], [train loss 3.79249] 
[Global iteration 1580], [iter 60 / 190], [train loss 3.79211] 
[Global iteration 1590], [iter 70 / 190], [train loss 3.79178] 
[Global iteration 1600], [iter 80 / 190], [train loss 3.79152] 
[Global iteration 1610], [iter 90 / 190], [train loss 3.79142] 
[Global iteration 1620], [iter 100 / 190], [train loss 3.79094] 
[Global iteration 1630], [iter 110 / 190], [train loss 3.79091] 
[Global iteration 1640], [iter 120 / 190], [train loss 3.79043] 
[Global iteration 1650], [iter 130 / 190], [train loss 3.79043] 
[Global iteration 1660], [iter 140 / 190], [train loss 3.79018] 
[Global iteration 1670], [iter 150 / 190], [train loss 3.78997] 
[Global iteration 1680], [iter 160 / 190], [train loss 3.78979] 
[Global iteration 1690], [iter 170 / 190], [train loss 3.78969] 
[Global iteration 1700], [iter 180 / 190], [train loss 3.78943] 
[Global iteration 1710], [iter 190 / 190], [train loss 3.78919] 
----------------- Epoch scores summary -------------------------
[epoch 9], [val loss 0.05083], [acc 96.51], [precision 0.43], [recall 2.17], [f1score 0.72]
---------------------------------------------------------------- 
	 Epoch step finished: 92s 
	 ------ Epoch: 10 ------ 
[Global iteration 1720], [iter 10 / 190], [train loss 3.78975] 
[Global iteration 1730], [iter 20 / 190], [train loss 3.78716] 
[Global iteration 1740], [iter 30 / 190], [train loss 3.78625] 
[Global iteration 1750], [iter 40 / 190], [train loss 3.78608] 
[Global iteration 1760], [iter 50 / 190], [train loss 3.78518] 
[Global iteration 1770], [iter 60 / 190], [train loss 3.78475] 
[Global iteration 1780], [iter 70 / 190], [train loss 3.78478] 
[Global iteration 1790], [iter 80 / 190], [train loss 3.78461] 
[Global iteration 1800], [iter 90 / 190], [train loss 3.78485] 

- Starting train <--- 
	 ------ Epoch: 1 ------ 
[Global iteration 10], [iter 10 / 190], [train loss 3.82808] 
[Global iteration 20], [iter 20 / 190], [train loss 3.82819] 
[Global iteration 30], [iter 30 / 190], [train loss 3.82802] 
[Global iteration 40], [iter 40 / 190], [train loss 3.82798] 
[Global iteration 50], [iter 50 / 190], [train loss 3.82823] 
[Global iteration 60], [iter 60 / 190], [train loss 3.82830] 
[Global iteration 70], [iter 70 / 190], [train loss 3.82840] 
[Global iteration 80], [iter 80 / 190], [train loss 3.82825] 
[Global iteration 90], [iter 90 / 190], [train loss 3.82819] 
[Global iteration 100], [iter 100 / 190], [train loss 3.82821] 
[Global iteration 110], [iter 110 / 190], [train loss 3.82814] 
[Global iteration 120], [iter 120 / 190], [train loss 3.82801] 
[Global iteration 130], [iter 130 / 190], [train loss 3.82793] 
[Global iteration 140], [iter 140 / 190], [train loss 3.82788] 
[Global iteration 150], [iter 150 / 190], [train loss 3.82772] 
[Global iteration 160], [iter 160 / 190], [train loss 3.82766] 
[Global iteration 170], [iter 170 / 190], [train loss 3.82756] 
[Global iteration 180], [iter 180 / 190], [train loss 3.82748] 
[Global iteration 190], [iter 190 / 190], [train loss 3.82736] 
----------------- Epoch scores summary -------------------------
[epoch 1], [val loss 0.05161], [acc 95.66], [precision 0.01], [recall 2.17], [f1score 0.01]
---------------------------------------------------------------- 
	 Epoch step finished: 80s 
	 ------ Epoch: 2 ------ 
[Global iteration 200], [iter 10 / 190], [train loss 3.82539] 
[Global iteration 210], [iter 20 / 190], [train loss 3.82560] 
[Global iteration 220], [iter 30 / 190], [train loss 3.82540] 
[Global iteration 230], [iter 40 / 190], [train loss 3.82526] 
[Global iteration 240], [iter 50 / 190], [train loss 3.82519] 
[Global iteration 250], [iter 60 / 190], [train loss 3.82505] 
[Global iteration 260], [iter 70 / 190], [train loss 3.82479] 
[Global iteration 270], [iter 80 / 190], [train loss 3.82468] 
[Global iteration 280], [iter 90 / 190], [train loss 3.82459] 
[Global iteration 290], [iter 100 / 190], [train loss 3.82436] 
[Global iteration 300], [iter 110 / 190], [train loss 3.82416] 
[Global iteration 310], [iter 120 / 190], [train loss 3.82399] 
[Global iteration 320], [iter 130 / 190], [train loss 3.82385] 
[Global iteration 330], [iter 140 / 190], [train loss 3.82371] 
[Global iteration 340], [iter 150 / 190], [train loss 3.82346] 
[Global iteration 350], [iter 160 / 190], [train loss 3.82326] 
[Global iteration 360], [iter 170 / 190], [train loss 3.82321] 
[Global iteration 370], [iter 180 / 190], [train loss 3.82308] 
[Global iteration 380], [iter 190 / 190], [train loss 3.82295] 
----------------- Epoch scores summary -------------------------
[epoch 2], [val loss 0.05150], [acc 96.89], [precision 0.62], [recall 2.17], [f1score 0.96]
---------------------------------------------------------------- 
	 Epoch step finished: 78s 
	 ------ Epoch: 3 ------ 
[Global iteration 390], [iter 10 / 190], [train loss 3.81956] 
[Global iteration 400], [iter 20 / 190], [train loss 3.81949] 
[Global iteration 410], [iter 30 / 190], [train loss 3.81913] 
[Global iteration 420], [iter 40 / 190], [train loss 3.81958] 
[Global iteration 430], [iter 50 / 190], [train loss 3.81961] 
[Global iteration 440], [iter 60 / 190], [train loss 3.81952] 
[Global iteration 450], [iter 70 / 190], [train loss 3.81921] 
[Global iteration 460], [iter 80 / 190], [train loss 3.81913] 
[Global iteration 470], [iter 90 / 190], [train loss 3.81898] 
[Global iteration 480], [iter 100 / 190], [train loss 3.81888] 
[Global iteration 490], [iter 110 / 190], [train loss 3.81872] 
[Global iteration 500], [iter 120 / 190], [train loss 3.81858] 
[Global iteration 510], [iter 130 / 190], [train loss 3.81838] 
[Global iteration 520], [iter 140 / 190], [train loss 3.81828] 
[Global iteration 530], [iter 150 / 190], [train loss 3.81813] 
[Global iteration 540], [iter 160 / 190], [train loss 3.81798] 
[Global iteration 550], [iter 170 / 190], [train loss 3.81792] 
[Global iteration 560], [iter 180 / 190], [train loss 3.81775] 
[Global iteration 570], [iter 190 / 190], [train loss 3.81764] 
----------------- Epoch scores summary -------------------------
[epoch 3], [val loss 0.05138], [acc 96.89], [precision 0.62], [recall 2.17], [f1score 0.96]
---------------------------------------------------------------- 
	 Epoch step finished: 79s 
	 ------ Epoch: 4 ------ 
[Global iteration 580], [iter 10 / 190], [train loss 3.81531] 
[Global iteration 590], [iter 20 / 190], [train loss 3.81429] 
[Global iteration 600], [iter 30 / 190], [train loss 3.81427] 
[Global iteration 610], [iter 40 / 190], [train loss 3.81431] 
[Global iteration 620], [iter 50 / 190], [train loss 3.81393] 
[Global iteration 630], [iter 60 / 190], [train loss 3.81410] 
[Global iteration 640], [iter 70 / 190], [train loss 3.81414] 
[Global iteration 650], [iter 80 / 190], [train loss 3.81395] 
[Global iteration 660], [iter 90 / 190], [train loss 3.81386] 
[Global iteration 670], [iter 100 / 190], [train loss 3.81377] 
[Global iteration 680], [iter 110 / 190], [train loss 3.81356] 
[Global iteration 690], [iter 120 / 190], [train loss 3.81329] 
[Global iteration 700], [iter 130 / 190], [train loss 3.81313] 
[Global iteration 710], [iter 140 / 190], [train loss 3.81298] 
[Global iteration 720], [iter 150 / 190], [train loss 3.81287] 
[Global iteration 730], [iter 160 / 190], [train loss 3.81271] 
[Global iteration 740], [iter 170 / 190], [train loss 3.81252] 
[Global iteration 750], [iter 180 / 190], [train loss 3.81246] 
[Global iteration 760], [iter 190 / 190], [train loss 3.81225] 
----------------- Epoch scores summary -------------------------
[epoch 4], [val loss 0.05127], [acc 96.89], [precision 0.62], [recall 2.17], [f1score 0.96]
---------------------------------------------------------------- 
	 Epoch step finished: 80s 
	 ------ Epoch: 5 ------ 
[Global iteration 770], [iter 10 / 190], [train loss 3.80894] 
[Global iteration 780], [iter 20 / 190], [train loss 3.80898] 
[Global iteration 790], [iter 30 / 190], [train loss 3.80859] 
[Global iteration 800], [iter 40 / 190], [train loss 3.80867] 
[Global iteration 810], [iter 50 / 190], [train loss 3.80867] 
[Global iteration 820], [iter 60 / 190], [train loss 3.80849] 
[Global iteration 830], [iter 70 / 190], [train loss 3.80827] 
[Global iteration 840], [iter 80 / 190], [train loss 3.80826] 
[Global iteration 850], [iter 90 / 190], [train loss 3.80849] 
[Global iteration 860], [iter 100 / 190], [train loss 3.80832] 
[Global iteration 870], [iter 110 / 190], [train loss 3.80817] 
[Global iteration 880], [iter 120 / 190], [train loss 3.80801] 
[Global iteration 890], [iter 130 / 190], [train loss 3.80780] 
[Global iteration 900], [iter 140 / 190], [train loss 3.80772] 
[Global iteration 910], [iter 150 / 190], [train loss 3.80762] 
[Global iteration 920], [iter 160 / 190], [train loss 3.80735] 
[Global iteration 930], [iter 170 / 190], [train loss 3.80722] 
[Global iteration 940], [iter 180 / 190], [train loss 3.80700] 
[Global iteration 950], [iter 190 / 190], [train loss 3.80686] 
----------------- Epoch scores summary -------------------------
[epoch 5], [val loss 0.05115], [acc 96.51], [precision 0.43], [recall 2.17], [f1score 0.72]
---------------------------------------------------------------- 
	 Epoch step finished: 81s 
	 ------ Epoch: 6 ------ 
[Global iteration 960], [iter 10 / 190], [train loss 3.80477] 
[Global iteration 970], [iter 20 / 190], [train loss 3.80292] 
[Global iteration 980], [iter 30 / 190], [train loss 3.80337] 
[Global iteration 990], [iter 40 / 190], [train loss 3.80328] 
[Global iteration 1000], [iter 50 / 190], [train loss 3.80361] 
[Global iteration 1010], [iter 60 / 190], [train loss 3.80334] 
[Global iteration 1020], [iter 70 / 190], [train loss 3.80315] 
[Global iteration 1030], [iter 80 / 190], [train loss 3.80326] 
[Global iteration 1040], [iter 90 / 190], [train loss 3.80346] 
[Global iteration 1050], [iter 100 / 190], [train loss 3.80328] 
[Global iteration 1060], [iter 110 / 190], [train loss 3.80293] 
[Global iteration 1070], [iter 120 / 190], [train loss 3.80292] 
[Global iteration 1080], [iter 130 / 190], [train loss 3.80289] 
[Global iteration 1090], [iter 140 / 190], [train loss 3.80257] 
[Global iteration 1100], [iter 150 / 190], [train loss 3.80248] 
[Global iteration 1110], [iter 160 / 190], [train loss 3.80216] 
[Global iteration 1120], [iter 170 / 190], [train loss 3.80195] 
[Global iteration 1130], [iter 180 / 190], [train loss 3.80177] 
[Global iteration 1140], [iter 190 / 190], [train loss 3.80152] 
----------------- Epoch scores summary -------------------------
[epoch 6], [val loss 0.05104], [acc 96.51], [precision 0.43], [recall 2.17], [f1score 0.72]
---------------------------------------------------------------- 
	 Epoch step finished: 81s 
	 ------ Epoch: 7 ------ 
[Global iteration 1150], [iter 10 / 190], [train loss 3.79632] 
[Global iteration 1160], [iter 20 / 190], [train loss 3.79665] 
[Global iteration 1170], [iter 30 / 190], [train loss 3.79709] 
[Global iteration 1180], [iter 40 / 190], [train loss 3.79756] 
[Global iteration 1190], [iter 50 / 190], [train loss 3.79807] 
[Global iteration 1200], [iter 60 / 190], [train loss 3.79793] 
[Global iteration 1210], [iter 70 / 190], [train loss 3.79829] 
[Global iteration 1220], [iter 80 / 190], [train loss 3.79802] 
[Global iteration 1230], [iter 90 / 190], [train loss 3.79758] 
[Global iteration 1240], [iter 100 / 190], [train loss 3.79743] 
[Global iteration 1250], [iter 110 / 190], [train loss 3.79719] 
[Global iteration 1260], [iter 120 / 190], [train loss 3.79711] 
[Global iteration 1270], [iter 130 / 190], [train loss 3.79711] 
[Global iteration 1280], [iter 140 / 190], [train loss 3.79697] 
[Global iteration 1290], [iter 150 / 190], [train loss 3.79687] 
[Global iteration 1300], [iter 160 / 190], [train loss 3.79664] 
[Global iteration 1310], [iter 170 / 190], [train loss 3.79650] 
[Global iteration 1320], [iter 180 / 190], [train loss 3.79623] 
[Global iteration 1330], [iter 190 / 190], [train loss 3.79626] 
----------------- Epoch scores summary -------------------------
[epoch 7], [val loss 0.05092], [acc 96.51], [precision 0.43], [recall 2.17], [f1score 0.72]
---------------------------------------------------------------- 
	 Epoch step finished: 82s 
	 ------ Epoch: 8 ------ 
[Global iteration 1340], [iter 10 / 190], [train loss 3.79706] 
[Global iteration 1350], [iter 20 / 190], [train loss 3.79407] 
[Global iteration 1360], [iter 30 / 190], [train loss 3.79337] 
[Global iteration 1370], [iter 40 / 190], [train loss 3.79332] 
[Global iteration 1380], [iter 50 / 190], [train loss 3.79338] 
[Global iteration 1390], [iter 60 / 190], [train loss 3.79343] 
[Global iteration 1400], [iter 70 / 190], [train loss 3.79327] 
[Global iteration 1410], [iter 80 / 190], [train loss 3.79274] 
[Global iteration 1420], [iter 90 / 190], [train loss 3.79231] 
[Global iteration 1430], [iter 100 / 190], [train loss 3.79221] 
[Global iteration 1440], [iter 110 / 190], [train loss 3.79234] 
[Global iteration 1450], [iter 120 / 190], [train loss 3.79222] 
[Global iteration 1460], [iter 130 / 190], [train loss 3.79187] 
[Global iteration 1470], [iter 140 / 190], [train loss 3.79193] 
[Global iteration 1480], [iter 150 / 190], [train loss 3.79164] 
[Global iteration 1490], [iter 160 / 190], [train loss 3.79166] 
[Global iteration 1500], [iter 170 / 190], [train loss 3.79158] 
[Global iteration 1510], [iter 180 / 190], [train loss 3.79120] 
[Global iteration 1520], [iter 190 / 190], [train loss 3.79099] 
----------------- Epoch scores summary -------------------------
[epoch 8], [val loss 0.05081], [acc 96.51], [precision 0.43], [recall 2.17], [f1score 0.72]
---------------------------------------------------------------- 
	 Epoch step finished: 83s 
	 ------ Epoch: 9 ------ 
[Global iteration 1530], [iter 10 / 190], [train loss 3.78491] 
[Global iteration 1540], [iter 20 / 190], [train loss 3.78681] 
[Global iteration 1550], [iter 30 / 190], [train loss 3.78823] 
[Global iteration 1560], [iter 40 / 190], [train loss 3.78842] 
[Global iteration 1570], [iter 50 / 190], [train loss 3.78864] 
[Global iteration 1580], [iter 60 / 190], [train loss 3.78892] 
[Global iteration 1590], [iter 70 / 190], [train loss 3.78874] 
[Global iteration 1600], [iter 80 / 190], [train loss 3.78784] 
[Global iteration 1610], [iter 90 / 190], [train loss 3.78742] 
[Global iteration 1620], [iter 100 / 190], [train loss 3.78759] 
[Global iteration 1630], [iter 110 / 190], [train loss 3.78728] 
[Global iteration 1640], [iter 120 / 190], [train loss 3.78739] 
[Global iteration 1650], [iter 130 / 190], [train loss 3.78710] 
[Global iteration 1660], [iter 140 / 190], [train loss 3.78688] 
[Global iteration 1670], [iter 150 / 190], [train loss 3.78658] 
[Global iteration 1680], [iter 160 / 190], [train loss 3.78654] 
[Global iteration 1690], [iter 170 / 190], [train loss 3.78627] 
[Global iteration 1700], [iter 180 / 190], [train loss 3.78599] 
[Global iteration 1710], [iter 190 / 190], [train loss 3.78579] 
----------------- Epoch scores summary -------------------------
[epoch 9], [val loss 0.05070], [acc 96.51], [precision 0.43], [recall 2.17], [f1score 0.72]
---------------------------------------------------------------- 
	 Epoch step finished: 83s 
	 ------ Epoch: 10 ------ 
[Global iteration 1720], [iter 10 / 190], [train loss 3.78126] 
[Global iteration 1730], [iter 20 / 190], [train loss 3.78153] 
[Global iteration 1740], [iter 30 / 190], [train loss 3.78121] 
[Global iteration 1750], [iter 40 / 190], [train loss 3.78154] 
[Global iteration 1760], [iter 50 / 190], [train loss 3.78117] 
[Global iteration 1770], [iter 60 / 190], [train loss 3.78171] 
[Global iteration 1780], [iter 70 / 190], [train loss 3.78204] 
[Global iteration 1790], [iter 80 / 190], [train loss 3.78206] 
[Global iteration 1800], [iter 90 / 190], [train loss 3.78182] 
[Global iteration 1810], [iter 100 / 190], [train loss 3.78198] 
[Global iteration 1820], [iter 110 / 190], [train loss 3.78204] 
[Global iteration 1830], [iter 120 / 190], [train loss 3.78177] 
[Global iteration 1840], [iter 130 / 190], [train loss 3.78156] 
[Global iteration 1850], [iter 140 / 190], [train loss 3.78164] 
[Global iteration 1860], [iter 150 / 190], [train loss 3.78113] 
[Global iteration 1870], [iter 160 / 190], [train loss 3.78081] 
[Global iteration 1880], [iter 170 / 190], [train loss 3.78068] 
[Global iteration 1890], [iter 180 / 190], [train loss 3.78059] 
[Global iteration 1900], [iter 190 / 190], [train loss 3.78067] 
----------------- Epoch scores summary -------------------------
[epoch 10], [val loss 0.05058], [acc 96.51], [precision 0.43], [recall 2.17], [f1score 0.72]
---------------------------------------------------------------- 
	 Epoch step finished: 81s 
	 ------ Epoch: 11 ------ 
[Global iteration 1910], [iter 10 / 190], [train loss 3.77532] 
[Global iteration 1920], [iter 20 / 190], [train loss 3.77632] 
[Global iteration 1930], [iter 30 / 190], [train loss 3.77708] 
[Global iteration 1940], [iter 40 / 190], [train loss 3.77730] 
[Global iteration 1950], [iter 50 / 190], [train loss 3.77763] 
[Global iteration 1960], [iter 60 / 190], [train loss 3.77720] 
[Global iteration 1970], [iter 70 / 190], [train loss 3.77749] 
[Global iteration 1980], [iter 80 / 190], [train loss 3.77731] 
[Global iteration 1990], [iter 90 / 190], [train loss 3.77713] 
[Global iteration 2000], [iter 100 / 190], [train loss 3.77660] 
[Global iteration 2010], [iter 110 / 190], [train loss 3.77635] 
[Global iteration 2020], [iter 120 / 190], [train loss 3.77629] 
