
- Starting train <--- 
	 ------ Epoch: 1 ------ 
[Global iteration 3], [iter 3 / 58], [train loss 17.54946] 
[Global iteration 6], [iter 6 / 58], [train loss 16.04886] 
[Global iteration 9], [iter 9 / 58], [train loss 14.48022] 
[Global iteration 12], [iter 12 / 58], [train loss 12.85071] 
[Global iteration 15], [iter 15 / 58], [train loss 11.55475] 
[Global iteration 18], [iter 18 / 58], [train loss 10.53007] 
[Global iteration 21], [iter 21 / 58], [train loss 9.70793] 
[Global iteration 24], [iter 24 / 58], [train loss 9.02899] 
[Global iteration 27], [iter 27 / 58], [train loss 8.48761] 
[Global iteration 30], [iter 30 / 58], [train loss 8.04698] 
[Global iteration 33], [iter 33 / 58], [train loss 7.67693] 
[Global iteration 36], [iter 36 / 58], [train loss 7.37169] 
[Global iteration 39], [iter 39 / 58], [train loss 7.10705] 
[Global iteration 42], [iter 42 / 58], [train loss 6.87129] 
[Global iteration 45], [iter 45 / 58], [train loss 6.67087] 
[Global iteration 48], [iter 48 / 58], [train loss 6.49390] 
[Global iteration 51], [iter 51 / 58], [train loss 6.33930] 
[Global iteration 54], [iter 54 / 58], [train loss 6.19823] 
[Global iteration 57], [iter 57 / 58], [train loss 6.07245] 
----------------- Epoch scores summary -------------------------
[epoch 1], [val loss 0.04796], [acc 97.33], [precision 3.12], [recall 2.40], [f1score 1.04]
---------------------------------------------------------------- 
	 Epoch step finished: 55s 
	 ------ Epoch: 2 ------ 
[Global iteration 61], [iter 3 / 58], [train loss 3.76137] 
[Global iteration 64], [iter 6 / 58], [train loss 3.77011] 
[Global iteration 67], [iter 9 / 58], [train loss 3.77163] 
[Global iteration 70], [iter 12 / 58], [train loss 3.77781] 
[Global iteration 73], [iter 15 / 58], [train loss 3.76612] 
[Global iteration 76], [iter 18 / 58], [train loss 3.75908] 
[Global iteration 79], [iter 21 / 58], [train loss 3.76489] 
[Global iteration 82], [iter 24 / 58], [train loss 3.76937] 
[Global iteration 85], [iter 27 / 58], [train loss 3.76820] 
[Global iteration 88], [iter 30 / 58], [train loss 3.76944] 
[Global iteration 91], [iter 33 / 58], [train loss 3.77071] 
[Global iteration 94], [iter 36 / 58], [train loss 3.76620] 
[Global iteration 97], [iter 39 / 58], [train loss 3.76663] 
[Global iteration 100], [iter 42 / 58], [train loss 3.76139] 
[Global iteration 103], [iter 45 / 58], [train loss 3.75568] 
[Global iteration 106], [iter 48 / 58], [train loss 3.75186] 
[Global iteration 109], [iter 51 / 58], [train loss 3.74992] 
[Global iteration 112], [iter 54 / 58], [train loss 3.74109] 
[Global iteration 115], [iter 57 / 58], [train loss 3.74102] 
----------------- Epoch scores summary -------------------------
[epoch 2], [val loss 0.04663], [acc 97.22], [precision 0.38], [recall 2.11], [f1score 0.61]
---------------------------------------------------------------- 
	 Epoch step finished: 53s 
	 ------ Epoch: 3 ------ 
[Global iteration 119], [iter 3 / 58], [train loss 3.70937] 
[Global iteration 122], [iter 6 / 58], [train loss 3.66741] 
[Global iteration 125], [iter 9 / 58], [train loss 3.66552] 
[Global iteration 128], [iter 12 / 58], [train loss 3.65067] 
[Global iteration 131], [iter 15 / 58], [train loss 3.64518] 
[Global iteration 134], [iter 18 / 58], [train loss 3.62037] 
[Global iteration 137], [iter 21 / 58], [train loss 3.62299] 
[Global iteration 140], [iter 24 / 58], [train loss 3.61168] 
[Global iteration 143], [iter 27 / 58], [train loss 3.60194] 
[Global iteration 146], [iter 30 / 58], [train loss 3.59562] 
[Global iteration 149], [iter 33 / 58], [train loss 3.57418] 
[Global iteration 152], [iter 36 / 58], [train loss 3.57084] 
[Global iteration 155], [iter 39 / 58], [train loss 3.56841] 
[Global iteration 158], [iter 42 / 58], [train loss 3.56943] 
[Global iteration 161], [iter 45 / 58], [train loss 3.56230] 
[Global iteration 164], [iter 48 / 58], [train loss 3.54874] 
[Global iteration 167], [iter 51 / 58], [train loss 3.54594] 
[Global iteration 170], [iter 54 / 58], [train loss 3.53840] 
[Global iteration 173], [iter 57 / 58], [train loss 3.53516] 
----------------- Epoch scores summary -------------------------
[epoch 3], [val loss 0.04505], [acc 97.28], [precision 2.20], [recall 3.77], [f1score 1.66]
---------------------------------------------------------------- 
	 Epoch step finished: 56s 
	 ------ Epoch: 4 ------ 
[Global iteration 177], [iter 3 / 58], [train loss 3.41691] 
[Global iteration 180], [iter 6 / 58], [train loss 3.40188] 
[Global iteration 183], [iter 9 / 58], [train loss 3.40804] 
[Global iteration 186], [iter 12 / 58], [train loss 3.38871] 
[Global iteration 189], [iter 15 / 58], [train loss 3.38297] 
[Global iteration 192], [iter 18 / 58], [train loss 3.37682] 
[Global iteration 195], [iter 21 / 58], [train loss 3.38495] 
[Global iteration 198], [iter 24 / 58], [train loss 3.37697] 
[Global iteration 201], [iter 27 / 58], [train loss 3.37854] 
[Global iteration 204], [iter 30 / 58], [train loss 3.35686] 
[Global iteration 207], [iter 33 / 58], [train loss 3.34192] 
[Global iteration 210], [iter 36 / 58], [train loss 3.34174] 
[Global iteration 213], [iter 39 / 58], [train loss 3.32763] 
[Global iteration 216], [iter 42 / 58], [train loss 3.31552] 
[Global iteration 219], [iter 45 / 58], [train loss 3.30417] 
[Global iteration 222], [iter 48 / 58], [train loss 3.29424] 
[Global iteration 225], [iter 51 / 58], [train loss 3.29142] 
[Global iteration 228], [iter 54 / 58], [train loss 3.28401] 
[Global iteration 231], [iter 57 / 58], [train loss 3.27743] 
----------------- Epoch scores summary -------------------------
[epoch 4], [val loss 0.04162], [acc 97.59], [precision 2.01], [recall 5.82], [f1score 2.76]
---------------------------------------------------------------- 
	 Epoch step finished: 55s 
	 ------ Epoch: 5 ------ 
[Global iteration 235], [iter 3 / 58], [train loss 3.09816] 
[Global iteration 238], [iter 6 / 58], [train loss 3.10485] 
[Global iteration 241], [iter 9 / 58], [train loss 3.11779] 
[Global iteration 244], [iter 12 / 58], [train loss 3.14397] 
[Global iteration 247], [iter 15 / 58], [train loss 3.15120] 
[Global iteration 250], [iter 18 / 58], [train loss 3.16230] 
[Global iteration 253], [iter 21 / 58], [train loss 3.13685] 
[Global iteration 256], [iter 24 / 58], [train loss 3.11710] 
[Global iteration 259], [iter 27 / 58], [train loss 3.09457] 
[Global iteration 262], [iter 30 / 58], [train loss 3.07698] 
[Global iteration 265], [iter 33 / 58], [train loss 3.05567] 
[Global iteration 268], [iter 36 / 58], [train loss 3.05270] 
[Global iteration 271], [iter 39 / 58], [train loss 3.04093] 
[Global iteration 274], [iter 42 / 58], [train loss 3.04715] 
[Global iteration 277], [iter 45 / 58], [train loss 3.02671] 
[Global iteration 280], [iter 48 / 58], [train loss 3.01255] 
[Global iteration 283], [iter 51 / 58], [train loss 3.00791] 
[Global iteration 286], [iter 54 / 58], [train loss 3.01066] 
[Global iteration 289], [iter 57 / 58], [train loss 3.00205] 
----------------- Epoch scores summary -------------------------
[epoch 5], [val loss 0.03744], [acc 97.76], [precision 4.23], [recall 8.65], [f1score 4.68]
---------------------------------------------------------------- 
	 Epoch step finished: 55s 
	 ------ Epoch: 6 ------ 
[Global iteration 293], [iter 3 / 58], [train loss 2.85484] 
[Global iteration 296], [iter 6 / 58], [train loss 2.90061] 
[Global iteration 299], [iter 9 / 58], [train loss 2.88630] 
[Global iteration 302], [iter 12 / 58], [train loss 2.90447] 
[Global iteration 305], [iter 15 / 58], [train loss 2.83300] 
[Global iteration 308], [iter 18 / 58], [train loss 2.80109] 
[Global iteration 311], [iter 21 / 58], [train loss 2.81504] 
[Global iteration 314], [iter 24 / 58], [train loss 2.80969] 
[Global iteration 317], [iter 27 / 58], [train loss 2.80398] 
[Global iteration 320], [iter 30 / 58], [train loss 2.80563] 
[Global iteration 323], [iter 33 / 58], [train loss 2.79190] 
[Global iteration 326], [iter 36 / 58], [train loss 2.77979] 
[Global iteration 329], [iter 39 / 58], [train loss 2.75601] 
[Global iteration 332], [iter 42 / 58], [train loss 2.75195] 
[Global iteration 335], [iter 45 / 58], [train loss 2.74104] 
[Global iteration 338], [iter 48 / 58], [train loss 2.74124] 
[Global iteration 341], [iter 51 / 58], [train loss 2.72327] 
[Global iteration 344], [iter 54 / 58], [train loss 2.72215] 
[Global iteration 347], [iter 57 / 58], [train loss 2.70927] 
----------------- Epoch scores summary -------------------------
[epoch 6], [val loss 0.03384], [acc 97.94], [precision 5.52], [recall 11.15], [f1score 6.57]
---------------------------------------------------------------- 
	 Epoch step finished: 55s 
	 ------ Epoch: 7 ------ 
[Global iteration 351], [iter 3 / 58], [train loss 2.60143] 
[Global iteration 354], [iter 6 / 58], [train loss 2.47227] 
[Global iteration 357], [iter 9 / 58], [train loss 2.47621] 
[Global iteration 360], [iter 12 / 58], [train loss 2.45406] 
[Global iteration 363], [iter 15 / 58], [train loss 2.45414] 
[Global iteration 366], [iter 18 / 58], [train loss 2.50426] 
[Global iteration 369], [iter 21 / 58], [train loss 2.48652] 
[Global iteration 372], [iter 24 / 58], [train loss 2.48987] 
[Global iteration 375], [iter 27 / 58], [train loss 2.47882] 
[Global iteration 378], [iter 30 / 58], [train loss 2.45624] 
[Global iteration 381], [iter 33 / 58], [train loss 2.44466] 
[Global iteration 384], [iter 36 / 58], [train loss 2.45006] 
[Global iteration 387], [iter 39 / 58], [train loss 2.43411] 
[Global iteration 390], [iter 42 / 58], [train loss 2.42309] 
[Global iteration 393], [iter 45 / 58], [train loss 2.40389] 
[Global iteration 396], [iter 48 / 58], [train loss 2.39960] 
[Global iteration 399], [iter 51 / 58], [train loss 2.39541] 
[Global iteration 402], [iter 54 / 58], [train loss 2.39032] 
[Global iteration 405], [iter 57 / 58], [train loss 2.37443] 
----------------- Epoch scores summary -------------------------
[epoch 7], [val loss 0.02848], [acc 98.24], [precision 11.58], [recall 15.28], [f1score 11.19]
---------------------------------------------------------------- 
	 Epoch step finished: 55s 
	 ------ Epoch: 8 ------ 
[Global iteration 409], [iter 3 / 58], [train loss 2.05512] 
[Global iteration 412], [iter 6 / 58], [train loss 2.06741] 
[Global iteration 415], [iter 9 / 58], [train loss 2.08608] 
[Global iteration 418], [iter 12 / 58], [train loss 2.13424] 
[Global iteration 421], [iter 15 / 58], [train loss 2.12257] 
[Global iteration 424], [iter 18 / 58], [train loss 2.11421] 
[Global iteration 427], [iter 21 / 58], [train loss 2.12821] 
[Global iteration 430], [iter 24 / 58], [train loss 2.12993] 
[Global iteration 433], [iter 27 / 58], [train loss 2.12027] 
[Global iteration 436], [iter 30 / 58], [train loss 2.09483] 
[Global iteration 439], [iter 33 / 58], [train loss 2.09529] 
[Global iteration 442], [iter 36 / 58], [train loss 2.08303] 
[Global iteration 445], [iter 39 / 58], [train loss 2.07361] 
[Global iteration 448], [iter 42 / 58], [train loss 2.08230] 
[Global iteration 451], [iter 45 / 58], [train loss 2.07372] 
[Global iteration 454], [iter 48 / 58], [train loss 2.07774] 
[Global iteration 457], [iter 51 / 58], [train loss 2.06702] 
[Global iteration 460], [iter 54 / 58], [train loss 2.05631] 
[Global iteration 463], [iter 57 / 58], [train loss 2.05038] 
----------------- Epoch scores summary -------------------------
[epoch 8], [val loss 0.02481], [acc 98.44], [precision 14.61], [recall 19.11], [f1score 14.93]
---------------------------------------------------------------- 
	 Epoch step finished: 55s 
	 ------ Epoch: 9 ------ 
[Global iteration 467], [iter 3 / 58], [train loss 1.99130] 
[Global iteration 470], [iter 6 / 58], [train loss 1.85562] 
[Global iteration 473], [iter 9 / 58], [train loss 1.96593] 
[Global iteration 476], [iter 12 / 58], [train loss 1.93044] 
[Global iteration 479], [iter 15 / 58], [train loss 1.92897] 
[Global iteration 482], [iter 18 / 58], [train loss 1.90599] 
[Global iteration 485], [iter 21 / 58], [train loss 1.86337] 
[Global iteration 488], [iter 24 / 58], [train loss 1.82783] 
[Global iteration 491], [iter 27 / 58], [train loss 1.81930] 
[Global iteration 494], [iter 30 / 58], [train loss 1.82659] 
[Global iteration 497], [iter 33 / 58], [train loss 1.80572] 
[Global iteration 500], [iter 36 / 58], [train loss 1.80008] 
[Global iteration 503], [iter 39 / 58], [train loss 1.79392] 
[Global iteration 506], [iter 42 / 58], [train loss 1.79563] 
[Global iteration 509], [iter 45 / 58], [train loss 1.78620] 
[Global iteration 512], [iter 48 / 58], [train loss 1.78250] 
[Global iteration 515], [iter 51 / 58], [train loss 1.76865] 
[Global iteration 518], [iter 54 / 58], [train loss 1.76346] 
[Global iteration 521], [iter 57 / 58], [train loss 1.76091] 
----------------- Epoch scores summary -------------------------
[epoch 9], [val loss 0.02123], [acc 98.56], [precision 20.63], [recall 23.43], [f1score 19.17]
---------------------------------------------------------------- 
	 Epoch step finished: 55s 
	 ------ Epoch: 10 ------ 
[Global iteration 525], [iter 3 / 58], [train loss 1.64061] 
[Global iteration 528], [iter 6 / 58], [train loss 1.58121] 
[Global iteration 531], [iter 9 / 58], [train loss 1.59823] 
[Global iteration 534], [iter 12 / 58], [train loss 1.61823] 
[Global iteration 537], [iter 15 / 58], [train loss 1.61874] 
[Global iteration 540], [iter 18 / 58], [train loss 1.60791] 
[Global iteration 543], [iter 21 / 58], [train loss 1.63283] 
[Global iteration 546], [iter 24 / 58], [train loss 1.64901] 
[Global iteration 549], [iter 27 / 58], [train loss 1.62732] 
[Global iteration 552], [iter 30 / 58], [train loss 1.62265] 
[Global iteration 555], [iter 33 / 58], [train loss 1.60974] 
[Global iteration 558], [iter 36 / 58], [train loss 1.59704] 
[Global iteration 561], [iter 39 / 58], [train loss 1.57519] 
[Global iteration 564], [iter 42 / 58], [train loss 1.57440] 
[Global iteration 567], [iter 45 / 58], [train loss 1.56955] 
[Global iteration 570], [iter 48 / 58], [train loss 1.55882] 
[Global iteration 573], [iter 51 / 58], [train loss 1.55306] 
[Global iteration 576], [iter 54 / 58], [train loss 1.53386] 
[Global iteration 579], [iter 57 / 58], [train loss 1.52922] 
----------------- Epoch scores summary -------------------------
[epoch 10], [val loss 0.01802], [acc 98.78], [precision 24.86], [recall 28.01], [f1score 23.80]
---------------------------------------------------------------- 
	 Epoch step finished: 55s 
	 ------ Epoch: 11 ------ 
[Global iteration 583], [iter 3 / 58], [train loss 1.28251] 
[Global iteration 586], [iter 6 / 58], [train loss 1.33088] 
[Global iteration 589], [iter 9 / 58], [train loss 1.34983] 
[Global iteration 592], [iter 12 / 58], [train loss 1.37635] 
[Global iteration 595], [iter 15 / 58], [train loss 1.38049] 
[Global iteration 598], [iter 18 / 58], [train loss 1.37865] 
[Global iteration 601], [iter 21 / 58], [train loss 1.38048] 
[Global iteration 604], [iter 24 / 58], [train loss 1.38632] 
[Global iteration 607], [iter 27 / 58], [train loss 1.37681] 
[Global iteration 610], [iter 30 / 58], [train loss 1.35801] 
[Global iteration 613], [iter 33 / 58], [train loss 1.35728] 
[Global iteration 616], [iter 36 / 58], [train loss 1.32967] 
[Global iteration 619], [iter 39 / 58], [train loss 1.31943] 
[Global iteration 622], [iter 42 / 58], [train loss 1.32565] 
[Global iteration 625], [iter 45 / 58], [train loss 1.32863] 
[Global iteration 628], [iter 48 / 58], [train loss 1.32365] 
[Global iteration 631], [iter 51 / 58], [train loss 1.32804] 
[Global iteration 634], [iter 54 / 58], [train loss 1.31927] 
[Global iteration 637], [iter 57 / 58], [train loss 1.31524] 
----------------- Epoch scores summary -------------------------
[epoch 11], [val loss 0.01511], [acc 99.02], [precision 28.20], [recall 33.05], [f1score 28.89]
---------------------------------------------------------------- 
	 Epoch step finished: 55s 
	 ------ Epoch: 12 ------ 
[Global iteration 641], [iter 3 / 58], [train loss 1.27160] 
[Global iteration 644], [iter 6 / 58], [train loss 1.24899] 
[Global iteration 647], [iter 9 / 58], [train loss 1.22609] 
[Global iteration 650], [iter 12 / 58], [train loss 1.21919] 
[Global iteration 653], [iter 15 / 58], [train loss 1.20248] 
[Global iteration 656], [iter 18 / 58], [train loss 1.17077] 
[Global iteration 659], [iter 21 / 58], [train loss 1.17834] 
[Global iteration 662], [iter 24 / 58], [train loss 1.16624] 
[Global iteration 665], [iter 27 / 58], [train loss 1.15447] 
[Global iteration 668], [iter 30 / 58], [train loss 1.16800] 
[Global iteration 671], [iter 33 / 58], [train loss 1.16503] 
[Global iteration 674], [iter 36 / 58], [train loss 1.16350] 
[Global iteration 677], [iter 39 / 58], [train loss 1.15870] 
[Global iteration 680], [iter 42 / 58], [train loss 1.15307] 
[Global iteration 683], [iter 45 / 58], [train loss 1.14536] 
[Global iteration 686], [iter 48 / 58], [train loss 1.14712] 
[Global iteration 689], [iter 51 / 58], [train loss 1.15016] 
[Global iteration 692], [iter 54 / 58], [train loss 1.15074] 
[Global iteration 695], [iter 57 / 58], [train loss 1.14814] 
----------------- Epoch scores summary -------------------------
[epoch 12], [val loss 0.01345], [acc 99.12], [precision 31.08], [recall 35.89], [f1score 31.84]
---------------------------------------------------------------- 
	 Epoch step finished: 55s 
	 ------ Epoch: 13 ------ 
[Global iteration 699], [iter 3 / 58], [train loss 1.07084] 
[Global iteration 702], [iter 6 / 58], [train loss 1.06058] 
[Global iteration 705], [iter 9 / 58], [train loss 1.05063] 
[Global iteration 708], [iter 12 / 58], [train loss 1.06346] 
[Global iteration 711], [iter 15 / 58], [train loss 1.05796] 
[Global iteration 714], [iter 18 / 58], [train loss 1.04134] 
[Global iteration 717], [iter 21 / 58], [train loss 1.00952] 
[Global iteration 720], [iter 24 / 58], [train loss 1.03549] 
[Global iteration 723], [iter 27 / 58], [train loss 1.02476] 
[Global iteration 726], [iter 30 / 58], [train loss 1.03580] 
[Global iteration 729], [iter 33 / 58], [train loss 1.02583] 
[Global iteration 732], [iter 36 / 58], [train loss 1.01872] 
[Global iteration 735], [iter 39 / 58], [train loss 1.02030] 
[Global iteration 738], [iter 42 / 58], [train loss 1.02190] 
[Global iteration 741], [iter 45 / 58], [train loss 1.01445] 
[Global iteration 744], [iter 48 / 58], [train loss 1.00971] 
[Global iteration 747], [iter 51 / 58], [train loss 1.00944] 
[Global iteration 750], [iter 54 / 58], [train loss 1.00557] 
[Global iteration 753], [iter 57 / 58], [train loss 1.00334] 
----------------- Epoch scores summary -------------------------
[epoch 13], [val loss 0.01211], [acc 99.26], [precision 34.63], [recall 40.33], [f1score 35.86]
---------------------------------------------------------------- 
	 Epoch step finished: 56s 
	 ------ Epoch: 14 ------ 
[Global iteration 757], [iter 3 / 58], [train loss 0.92421] 
[Global iteration 760], [iter 6 / 58], [train loss 0.91973] 
[Global iteration 763], [iter 9 / 58], [train loss 0.93698] 
[Global iteration 766], [iter 12 / 58], [train loss 0.98088] 
[Global iteration 769], [iter 15 / 58], [train loss 0.95699] 
[Global iteration 772], [iter 18 / 58], [train loss 0.94678] 
[Global iteration 775], [iter 21 / 58], [train loss 0.93833] 
[Global iteration 778], [iter 24 / 58], [train loss 0.93615] 
[Global iteration 781], [iter 27 / 58], [train loss 0.92226] 
[Global iteration 784], [iter 30 / 58], [train loss 0.90906] 
[Global iteration 787], [iter 33 / 58], [train loss 0.90764] 
[Global iteration 790], [iter 36 / 58], [train loss 0.90197] 
[Global iteration 793], [iter 39 / 58], [train loss 0.90461] 
[Global iteration 796], [iter 42 / 58], [train loss 0.90247] 
[Global iteration 799], [iter 45 / 58], [train loss 0.89197] 
[Global iteration 802], [iter 48 / 58], [train loss 0.89004] 
[Global iteration 805], [iter 51 / 58], [train loss 0.88745] 
[Global iteration 808], [iter 54 / 58], [train loss 0.88452] 
[Global iteration 811], [iter 57 / 58], [train loss 0.88504] 
----------------- Epoch scores summary -------------------------
[epoch 14], [val loss 0.01066], [acc 99.29], [precision 40.99], [recall 42.94], [f1score 39.46]
---------------------------------------------------------------- 
	 Epoch step finished: 55s 
	 ------ Epoch: 15 ------ 
[Global iteration 815], [iter 3 / 58], [train loss 0.62279] 
[Global iteration 818], [iter 6 / 58], [train loss 0.74289] 
[Global iteration 821], [iter 9 / 58], [train loss 0.80332] 
[Global iteration 824], [iter 12 / 58], [train loss 0.78737] 
[Global iteration 827], [iter 15 / 58], [train loss 0.78066] 
[Global iteration 830], [iter 18 / 58], [train loss 0.80621] 
[Global iteration 833], [iter 21 / 58], [train loss 0.81304] 
[Global iteration 836], [iter 24 / 58], [train loss 0.81305] 
[Global iteration 839], [iter 27 / 58], [train loss 0.80641] 
[Global iteration 842], [iter 30 / 58], [train loss 0.79671] 
[Global iteration 845], [iter 33 / 58], [train loss 0.78512] 
[Global iteration 848], [iter 36 / 58], [train loss 0.78208] 
[Global iteration 851], [iter 39 / 58], [train loss 0.77309] 
[Global iteration 854], [iter 42 / 58], [train loss 0.77348] 
[Global iteration 857], [iter 45 / 58], [train loss 0.76468] 
[Global iteration 860], [iter 48 / 58], [train loss 0.75699] 
[Global iteration 863], [iter 51 / 58], [train loss 0.75160] 
[Global iteration 866], [iter 54 / 58], [train loss 0.75203] 
[Global iteration 869], [iter 57 / 58], [train loss 0.74919] 
----------------- Epoch scores summary -------------------------
[epoch 15], [val loss 0.00850], [acc 99.50], [precision 44.67], [recall 46.15], [f1score 43.70]
---------------------------------------------------------------- 
	 Epoch step finished: 56s 
	 ------ Epoch: 16 ------ 
[Global iteration 873], [iter 3 / 58], [train loss 0.68509] 
[Global iteration 876], [iter 6 / 58], [train loss 0.70232] 
[Global iteration 879], [iter 9 / 58], [train loss 0.69074] 
[Global iteration 882], [iter 12 / 58], [train loss 0.67180] 
[Global iteration 885], [iter 15 / 58], [train loss 0.65221] 
[Global iteration 888], [iter 18 / 58], [train loss 0.64308] 
[Global iteration 891], [iter 21 / 58], [train loss 0.64498] 
[Global iteration 894], [iter 24 / 58], [train loss 0.65258] 
[Global iteration 897], [iter 27 / 58], [train loss 0.65863] 
[Global iteration 900], [iter 30 / 58], [train loss 0.65353] 
[Global iteration 903], [iter 33 / 58], [train loss 0.65693] 
[Global iteration 906], [iter 36 / 58], [train loss 0.65375] 
[Global iteration 909], [iter 39 / 58], [train loss 0.63646] 
[Global iteration 912], [iter 42 / 58], [train loss 0.63805] 
[Global iteration 915], [iter 45 / 58], [train loss 0.63711] 
[Global iteration 918], [iter 48 / 58], [train loss 0.63999] 
[Global iteration 921], [iter 51 / 58], [train loss 0.63967] 
[Global iteration 924], [iter 54 / 58], [train loss 0.64318] 
[Global iteration 927], [iter 57 / 58], [train loss 0.63860] 
----------------- Epoch scores summary -------------------------
[epoch 16], [val loss 0.00858], [acc 99.43], [precision 46.49], [recall 49.45], [f1score 46.25]
---------------------------------------------------------------- 
	 Epoch step finished: 56s 
	 ------ Epoch: 17 ------ 
[Global iteration 931], [iter 3 / 58], [train loss 0.62997] 
[Global iteration 934], [iter 6 / 58], [train loss 0.57171] 
[Global iteration 937], [iter 9 / 58], [train loss 0.55866] 
[Global iteration 940], [iter 12 / 58], [train loss 0.57883] 
[Global iteration 943], [iter 15 / 58], [train loss 0.59122] 
[Global iteration 946], [iter 18 / 58], [train loss 0.58519] 
[Global iteration 949], [iter 21 / 58], [train loss 0.59159] 
[Global iteration 952], [iter 24 / 58], [train loss 0.57890] 
[Global iteration 955], [iter 27 / 58], [train loss 0.58342] 
[Global iteration 958], [iter 30 / 58], [train loss 0.57309] 
[Global iteration 961], [iter 33 / 58], [train loss 0.56706] 
[Global iteration 964], [iter 36 / 58], [train loss 0.56069] 
[Global iteration 967], [iter 39 / 58], [train loss 0.55787] 
[Global iteration 970], [iter 42 / 58], [train loss 0.55433] 
[Global iteration 973], [iter 45 / 58], [train loss 0.55779] 
[Global iteration 976], [iter 48 / 58], [train loss 0.56088] 
[Global iteration 979], [iter 51 / 58], [train loss 0.56004] 
[Global iteration 982], [iter 54 / 58], [train loss 0.55838] 
[Global iteration 985], [iter 57 / 58], [train loss 0.56354] 
----------------- Epoch scores summary -------------------------
[epoch 17], [val loss 0.00741], [acc 99.55], [precision 48.97], [recall 52.66], [f1score 48.43]
---------------------------------------------------------------- 
	 Epoch step finished: 55s 
	 ------ Epoch: 18 ------ 
[Global iteration 989], [iter 3 / 58], [train loss 0.47290] 
[Global iteration 992], [iter 6 / 58], [train loss 0.46719] 
[Global iteration 995], [iter 9 / 58], [train loss 0.45440] 
[Global iteration 998], [iter 12 / 58], [train loss 0.48821] 
[Global iteration 1001], [iter 15 / 58], [train loss 0.49933] 
[Global iteration 1004], [iter 18 / 58], [train loss 0.48747] 
[Global iteration 1007], [iter 21 / 58], [train loss 0.46857] 
[Global iteration 1010], [iter 24 / 58], [train loss 0.47114] 
[Global iteration 1013], [iter 27 / 58], [train loss 0.47256] 
[Global iteration 1016], [iter 30 / 58], [train loss 0.47471] 
[Global iteration 1019], [iter 33 / 58], [train loss 0.48892] 
[Global iteration 1022], [iter 36 / 58], [train loss 0.48189] 
[Global iteration 1025], [iter 39 / 58], [train loss 0.47499] 
[Global iteration 1028], [iter 42 / 58], [train loss 0.47759] 
[Global iteration 1031], [iter 45 / 58], [train loss 0.47102] 
[Global iteration 1034], [iter 48 / 58], [train loss 0.47691] 
[Global iteration 1037], [iter 51 / 58], [train loss 0.47990] 
[Global iteration 1040], [iter 54 / 58], [train loss 0.48072] 
[Global iteration 1043], [iter 57 / 58], [train loss 0.47844] 
----------------- Epoch scores summary -------------------------
[epoch 18], [val loss 0.00659], [acc 99.61], [precision 51.91], [recall 54.53], [f1score 51.18]
---------------------------------------------------------------- 
	 Epoch step finished: 56s 
	 ------ Epoch: 19 ------ 
[Global iteration 1047], [iter 3 / 58], [train loss 0.45997] 
[Global iteration 1050], [iter 6 / 58], [train loss 0.46003] 
[Global iteration 1053], [iter 9 / 58], [train loss 0.47876] 
[Global iteration 1056], [iter 12 / 58], [train loss 0.48458] 
[Global iteration 1059], [iter 15 / 58], [train loss 0.46316] 
[Global iteration 1062], [iter 18 / 58], [train loss 0.45197] 
[Global iteration 1065], [iter 21 / 58], [train loss 0.43826] 
[Global iteration 1068], [iter 24 / 58], [train loss 0.43701] 
[Global iteration 1071], [iter 27 / 58], [train loss 0.43208] 
[Global iteration 1074], [iter 30 / 58], [train loss 0.43684] 
[Global iteration 1077], [iter 33 / 58], [train loss 0.43044] 
[Global iteration 1080], [iter 36 / 58], [train loss 0.43579] 
[Global iteration 1083], [iter 39 / 58], [train loss 0.42849] 
[Global iteration 1086], [iter 42 / 58], [train loss 0.43406] 
[Global iteration 1089], [iter 45 / 58], [train loss 0.43188] 
[Global iteration 1092], [iter 48 / 58], [train loss 0.43408] 
[Global iteration 1095], [iter 51 / 58], [train loss 0.44057] 
[Global iteration 1098], [iter 54 / 58], [train loss 0.43426] 
[Global iteration 1101], [iter 57 / 58], [train loss 0.43809] 
----------------- Epoch scores summary -------------------------
[epoch 19], [val loss 0.00580], [acc 99.65], [precision 52.89], [recall 55.34], [f1score 52.13]
---------------------------------------------------------------- 
	 Epoch step finished: 55s 
	 ------ Epoch: 20 ------ 
[Global iteration 1105], [iter 3 / 58], [train loss 0.34161] 
[Global iteration 1108], [iter 6 / 58], [train loss 0.35299] 
[Global iteration 1111], [iter 9 / 58], [train loss 0.35614] 
[Global iteration 1114], [iter 12 / 58], [train loss 0.34982] 
[Global iteration 1117], [iter 15 / 58], [train loss 0.35715] 
[Global iteration 1120], [iter 18 / 58], [train loss 0.34503] 
[Global iteration 1123], [iter 21 / 58], [train loss 0.35520] 
[Global iteration 1126], [iter 24 / 58], [train loss 0.35605] 
[Global iteration 1129], [iter 27 / 58], [train loss 0.35915] 
[Global iteration 1132], [iter 30 / 58], [train loss 0.36701] 
[Global iteration 1135], [iter 33 / 58], [train loss 0.36898] 
[Global iteration 1138], [iter 36 / 58], [train loss 0.37950] 
[Global iteration 1141], [iter 39 / 58], [train loss 0.38313] 
[Global iteration 1144], [iter 42 / 58], [train loss 0.38853] 
[Global iteration 1147], [iter 45 / 58], [train loss 0.38499] 
[Global iteration 1150], [iter 48 / 58], [train loss 0.38244] 
[Global iteration 1153], [iter 51 / 58], [train loss 0.38204] 
[Global iteration 1156], [iter 54 / 58], [train loss 0.38167] 
[Global iteration 1159], [iter 57 / 58], [train loss 0.37998] 
----------------- Epoch scores summary -------------------------
[epoch 20], [val loss 0.00515], [acc 99.68], [precision 56.12], [recall 59.98], [f1score 56.65]
---------------------------------------------------------------- 
	 Epoch step finished: 55s 
	 ------ Epoch: 21 ------ 
[Global iteration 1163], [iter 3 / 58], [train loss 0.39140] 
[Global iteration 1166], [iter 6 / 58], [train loss 0.37009] 
[Global iteration 1169], [iter 9 / 58], [train loss 0.33269] 
[Global iteration 1172], [iter 12 / 58], [train loss 0.32858] 
[Global iteration 1175], [iter 15 / 58], [train loss 0.35327] 
[Global iteration 1178], [iter 18 / 58], [train loss 0.32763] 
[Global iteration 1181], [iter 21 / 58], [train loss 0.32921] 
[Global iteration 1184], [iter 24 / 58], [train loss 0.33744] 
[Global iteration 1187], [iter 27 / 58], [train loss 0.33875] 
[Global iteration 1190], [iter 30 / 58], [train loss 0.34846] 
[Global iteration 1193], [iter 33 / 58], [train loss 0.35057] 
[Global iteration 1196], [iter 36 / 58], [train loss 0.35132] 
[Global iteration 1199], [iter 39 / 58], [train loss 0.35103] 
[Global iteration 1202], [iter 42 / 58], [train loss 0.35130] 
[Global iteration 1205], [iter 45 / 58], [train loss 0.34209] 
[Global iteration 1208], [iter 48 / 58], [train loss 0.34054] 
[Global iteration 1211], [iter 51 / 58], [train loss 0.33845] 
[Global iteration 1214], [iter 54 / 58], [train loss 0.33497] 
[Global iteration 1217], [iter 57 / 58], [train loss 0.33633] 
----------------- Epoch scores summary -------------------------
[epoch 21], [val loss 0.00482], [acc 99.72], [precision 57.92], [recall 62.14], [f1score 58.81]
---------------------------------------------------------------- 
	 Epoch step finished: 56s 
	 ------ Epoch: 22 ------ 
[Global iteration 1221], [iter 3 / 58], [train loss 0.34777] 
[Global iteration 1224], [iter 6 / 58], [train loss 0.29983] 
[Global iteration 1227], [iter 9 / 58], [train loss 0.27360] 
[Global iteration 1230], [iter 12 / 58], [train loss 0.27920] 
[Global iteration 1233], [iter 15 / 58], [train loss 0.29850] 
[Global iteration 1236], [iter 18 / 58], [train loss 0.29400] 
[Global iteration 1239], [iter 21 / 58], [train loss 0.29517] 
[Global iteration 1242], [iter 24 / 58], [train loss 0.30843] 
[Global iteration 1245], [iter 27 / 58], [train loss 0.30920] 
[Global iteration 1248], [iter 30 / 58], [train loss 0.31172] 
[Global iteration 1251], [iter 33 / 58], [train loss 0.31040] 
[Global iteration 1254], [iter 36 / 58], [train loss 0.30303] 
[Global iteration 1257], [iter 39 / 58], [train loss 0.29459] 
[Global iteration 1260], [iter 42 / 58], [train loss 0.29354] 
[Global iteration 1263], [iter 45 / 58], [train loss 0.30130] 
[Global iteration 1266], [iter 48 / 58], [train loss 0.29792] 
[Global iteration 1269], [iter 51 / 58], [train loss 0.30200] 
[Global iteration 1272], [iter 54 / 58], [train loss 0.30339] 
[Global iteration 1275], [iter 57 / 58], [train loss 0.30167] 
----------------- Epoch scores summary -------------------------
[epoch 22], [val loss 0.00428], [acc 99.72], [precision 58.36], [recall 60.87], [f1score 57.80]
---------------------------------------------------------------- 
	 Epoch step finished: 53s 
	 ------ Epoch: 23 ------ 
[Global iteration 1279], [iter 3 / 58], [train loss 0.30067] 
[Global iteration 1282], [iter 6 / 58], [train loss 0.27176] 
[Global iteration 1285], [iter 9 / 58], [train loss 0.29999] 
[Global iteration 1288], [iter 12 / 58], [train loss 0.28999] 
[Global iteration 1291], [iter 15 / 58], [train loss 0.27479] 
[Global iteration 1294], [iter 18 / 58], [train loss 0.26526] 
[Global iteration 1297], [iter 21 / 58], [train loss 0.26973] 
[Global iteration 1300], [iter 24 / 58], [train loss 0.26844] 
[Global iteration 1303], [iter 27 / 58], [train loss 0.26397] 
[Global iteration 1306], [iter 30 / 58], [train loss 0.25776] 
[Global iteration 1309], [iter 33 / 58], [train loss 0.25610] 
[Global iteration 1312], [iter 36 / 58], [train loss 0.24850] 
[Global iteration 1315], [iter 39 / 58], [train loss 0.25213] 
[Global iteration 1318], [iter 42 / 58], [train loss 0.24736] 
[Global iteration 1321], [iter 45 / 58], [train loss 0.24523] 
[Global iteration 1324], [iter 48 / 58], [train loss 0.25143] 
[Global iteration 1327], [iter 51 / 58], [train loss 0.25333] 
[Global iteration 1330], [iter 54 / 58], [train loss 0.25225] 
[Global iteration 1333], [iter 57 / 58], [train loss 0.24784] 
----------------- Epoch scores summary -------------------------
[epoch 23], [val loss 0.00435], [acc 99.73], [precision 67.98], [recall 67.58], [f1score 65.59]
---------------------------------------------------------------- 
	 Epoch step finished: 56s 
	 ------ Epoch: 24 ------ 
[Global iteration 1337], [iter 3 / 58], [train loss 0.23069] 
[Global iteration 1340], [iter 6 / 58], [train loss 0.19430] 
[Global iteration 1343], [iter 9 / 58], [train loss 0.19342] 
[Global iteration 1346], [iter 12 / 58], [train loss 0.22285] 
[Global iteration 1349], [iter 15 / 58], [train loss 0.22724] 
[Global iteration 1352], [iter 18 / 58], [train loss 0.22678] 
[Global iteration 1355], [iter 21 / 58], [train loss 0.23902] 
[Global iteration 1358], [iter 24 / 58], [train loss 0.25591] 
[Global iteration 1361], [iter 27 / 58], [train loss 0.25132] 
[Global iteration 1364], [iter 30 / 58], [train loss 0.25644] 
[Global iteration 1367], [iter 33 / 58], [train loss 0.25376] 
[Global iteration 1370], [iter 36 / 58], [train loss 0.25018] 
[Global iteration 1373], [iter 39 / 58], [train loss 0.24103] 
[Global iteration 1376], [iter 42 / 58], [train loss 0.23785] 
[Global iteration 1379], [iter 45 / 58], [train loss 0.23299] 
[Global iteration 1382], [iter 48 / 58], [train loss 0.22986] 
[Global iteration 1385], [iter 51 / 58], [train loss 0.23473] 
[Global iteration 1388], [iter 54 / 58], [train loss 0.22899] 
[Global iteration 1391], [iter 57 / 58], [train loss 0.22970] 
----------------- Epoch scores summary -------------------------
[epoch 24], [val loss 0.00388], [acc 99.76], [precision 66.65], [recall 66.58], [f1score 64.96]
---------------------------------------------------------------- 
	 Epoch step finished: 53s 
	 ------ Epoch: 25 ------ 
[Global iteration 1395], [iter 3 / 58], [train loss 0.18077] 
[Global iteration 1398], [iter 6 / 58], [train loss 0.18134] 
[Global iteration 1401], [iter 9 / 58], [train loss 0.17184] 
[Global iteration 1404], [iter 12 / 58], [train loss 0.17283] 
[Global iteration 1407], [iter 15 / 58], [train loss 0.17461] 
[Global iteration 1410], [iter 18 / 58], [train loss 0.18463] 
[Global iteration 1413], [iter 21 / 58], [train loss 0.18403] 
[Global iteration 1416], [iter 24 / 58], [train loss 0.17886] 
[Global iteration 1419], [iter 27 / 58], [train loss 0.17453] 
[Global iteration 1422], [iter 30 / 58], [train loss 0.17043] 
[Global iteration 1425], [iter 33 / 58], [train loss 0.17048] 
[Global iteration 1428], [iter 36 / 58], [train loss 0.17067] 
[Global iteration 1431], [iter 39 / 58], [train loss 0.17313] 
[Global iteration 1434], [iter 42 / 58], [train loss 0.17276] 
[Global iteration 1437], [iter 45 / 58], [train loss 0.17393] 
[Global iteration 1440], [iter 48 / 58], [train loss 0.17105] 
[Global iteration 1443], [iter 51 / 58], [train loss 0.17186] 
[Global iteration 1446], [iter 54 / 58], [train loss 0.17607] 
[Global iteration 1449], [iter 57 / 58], [train loss 0.17721] 
----------------- Epoch scores summary -------------------------
[epoch 25], [val loss 0.00349], [acc 99.78], [precision 68.58], [recall 66.99], [f1score 65.74]
---------------------------------------------------------------- 
	 Epoch step finished: 56s 
----------------- Scores summary --------------------
[val loss 0.00349], [acc 99.78], [precision 68.58], [recall 66.99], [f1score 65.74]
---------------------------------------------------------------- 
----------------- Scores summary --------------------
[val loss 0.00302], [acc 99.80], [precision 63.12], [recall 67.48], [f1score 63.43]
---------------------------------------------------------------- 
