
- Starting train <--- 
	 ------ Epoch: 1 ------ 
[Global iteration 3], [iter 3 / 58], [train loss 5.36487] 
[Global iteration 6], [iter 6 / 58], [train loss 5.29535] 
[Global iteration 9], [iter 9 / 58], [train loss 5.15359] 
[Global iteration 12], [iter 12 / 58], [train loss 4.99746] 
[Global iteration 15], [iter 15 / 58], [train loss 4.85146] 
[Global iteration 18], [iter 18 / 58], [train loss 4.74494] 
[Global iteration 21], [iter 21 / 58], [train loss 4.64816] 
[Global iteration 24], [iter 24 / 58], [train loss 4.55676] 
[Global iteration 27], [iter 27 / 58], [train loss 4.48577] 
[Global iteration 30], [iter 30 / 58], [train loss 4.42723] 
[Global iteration 33], [iter 33 / 58], [train loss 4.36658] 
[Global iteration 36], [iter 36 / 58], [train loss 4.31786] 
[Global iteration 39], [iter 39 / 58], [train loss 4.27941] 
[Global iteration 42], [iter 42 / 58], [train loss 4.23376] 
[Global iteration 45], [iter 45 / 58], [train loss 4.20716] 
[Global iteration 48], [iter 48 / 58], [train loss 4.17024] 
[Global iteration 51], [iter 51 / 58], [train loss 4.13545] 
[Global iteration 54], [iter 54 / 58], [train loss 4.10855] 
[Global iteration 57], [iter 57 / 58], [train loss 4.07660] 
----------------- Epoch scores summary -------------------------
[epoch 1], [val loss 0.04321], [acc 97.61], [precision 4.65], [recall 5.48], [f1score 2.81]
---------------------------------------------------------------- 
	 Epoch step finished: 54s 
	 ------ Epoch: 2 ------ 
[Global iteration 61], [iter 3 / 58], [train loss 3.36095] 
[Global iteration 64], [iter 6 / 58], [train loss 3.45069] 
[Global iteration 67], [iter 9 / 58], [train loss 3.44761] 
[Global iteration 70], [iter 12 / 58], [train loss 3.42099] 
[Global iteration 73], [iter 15 / 58], [train loss 3.39523] 
[Global iteration 76], [iter 18 / 58], [train loss 3.40683] 
[Global iteration 79], [iter 21 / 58], [train loss 3.38965] 
[Global iteration 82], [iter 24 / 58], [train loss 3.37288] 
[Global iteration 85], [iter 27 / 58], [train loss 3.36223] 
[Global iteration 88], [iter 30 / 58], [train loss 3.34696] 
[Global iteration 91], [iter 33 / 58], [train loss 3.31876] 
[Global iteration 94], [iter 36 / 58], [train loss 3.31445] 
[Global iteration 97], [iter 39 / 58], [train loss 3.29745] 
[Global iteration 100], [iter 42 / 58], [train loss 3.28227] 
[Global iteration 103], [iter 45 / 58], [train loss 3.27608] 
[Global iteration 106], [iter 48 / 58], [train loss 3.26009] 
[Global iteration 109], [iter 51 / 58], [train loss 3.24586] 
[Global iteration 112], [iter 54 / 58], [train loss 3.23235] 
[Global iteration 115], [iter 57 / 58], [train loss 3.21572] 
----------------- Epoch scores summary -------------------------
[epoch 2], [val loss 0.03666], [acc 97.82], [precision 5.24], [recall 8.48], [f1score 4.79]
---------------------------------------------------------------- 
	 Epoch step finished: 55s 
	 ------ Epoch: 3 ------ 
[Global iteration 119], [iter 3 / 58], [train loss 2.82492] 
[Global iteration 122], [iter 6 / 58], [train loss 2.91241] 
[Global iteration 125], [iter 9 / 58], [train loss 2.91017] 
[Global iteration 128], [iter 12 / 58], [train loss 2.87784] 
[Global iteration 131], [iter 15 / 58], [train loss 2.87457] 
[Global iteration 134], [iter 18 / 58], [train loss 2.87124] 
[Global iteration 137], [iter 21 / 58], [train loss 2.84573] 
[Global iteration 140], [iter 24 / 58], [train loss 2.87563] 
[Global iteration 143], [iter 27 / 58], [train loss 2.85906] 
[Global iteration 146], [iter 30 / 58], [train loss 2.84805] 
[Global iteration 149], [iter 33 / 58], [train loss 2.82755] 
[Global iteration 152], [iter 36 / 58], [train loss 2.80335] 
[Global iteration 155], [iter 39 / 58], [train loss 2.78849] 
[Global iteration 158], [iter 42 / 58], [train loss 2.77787] 
[Global iteration 161], [iter 45 / 58], [train loss 2.74843] 
[Global iteration 164], [iter 48 / 58], [train loss 2.75430] 
[Global iteration 167], [iter 51 / 58], [train loss 2.74217] 
[Global iteration 170], [iter 54 / 58], [train loss 2.73337] 
[Global iteration 173], [iter 57 / 58], [train loss 2.71418] 
----------------- Epoch scores summary -------------------------
[epoch 3], [val loss 0.03112], [acc 98.07], [precision 8.21], [recall 13.84], [f1score 8.80]
---------------------------------------------------------------- 
	 Epoch step finished: 55s 
	 ------ Epoch: 4 ------ 
[Global iteration 177], [iter 3 / 58], [train loss 2.51122] 
[Global iteration 180], [iter 6 / 58], [train loss 2.52469] 
[Global iteration 183], [iter 9 / 58], [train loss 2.50890] 
[Global iteration 186], [iter 12 / 58], [train loss 2.44289] 
[Global iteration 189], [iter 15 / 58], [train loss 2.43402] 
[Global iteration 192], [iter 18 / 58], [train loss 2.40953] 
[Global iteration 195], [iter 21 / 58], [train loss 2.37328] 
[Global iteration 198], [iter 24 / 58], [train loss 2.36005] 
[Global iteration 201], [iter 27 / 58], [train loss 2.32832] 
[Global iteration 204], [iter 30 / 58], [train loss 2.33376] 
[Global iteration 207], [iter 33 / 58], [train loss 2.31068] 
[Global iteration 210], [iter 36 / 58], [train loss 2.28411] 
[Global iteration 213], [iter 39 / 58], [train loss 2.26826] 
[Global iteration 216], [iter 42 / 58], [train loss 2.26941] 
[Global iteration 219], [iter 45 / 58], [train loss 2.25261] 
[Global iteration 222], [iter 48 / 58], [train loss 2.25339] 
[Global iteration 225], [iter 51 / 58], [train loss 2.23724] 
[Global iteration 228], [iter 54 / 58], [train loss 2.21991] 
[Global iteration 231], [iter 57 / 58], [train loss 2.19891] 
----------------- Epoch scores summary -------------------------
[epoch 4], [val loss 0.02439], [acc 98.41], [precision 15.31], [recall 21.52], [f1score 14.97]
---------------------------------------------------------------- 
	 Epoch step finished: 55s 
	 ------ Epoch: 5 ------ 
[Global iteration 235], [iter 3 / 58], [train loss 1.80600] 
[Global iteration 238], [iter 6 / 58], [train loss 1.87188] 
[Global iteration 241], [iter 9 / 58], [train loss 1.84728] 
[Global iteration 244], [iter 12 / 58], [train loss 1.84940] 
[Global iteration 247], [iter 15 / 58], [train loss 1.85953] 
[Global iteration 250], [iter 18 / 58], [train loss 1.86915] 
[Global iteration 253], [iter 21 / 58], [train loss 1.86071] 
[Global iteration 256], [iter 24 / 58], [train loss 1.85163] 
[Global iteration 259], [iter 27 / 58], [train loss 1.83612] 
[Global iteration 262], [iter 30 / 58], [train loss 1.81381] 
[Global iteration 265], [iter 33 / 58], [train loss 1.81897] 
[Global iteration 268], [iter 36 / 58], [train loss 1.79941] 
[Global iteration 271], [iter 39 / 58], [train loss 1.78316] 
[Global iteration 274], [iter 42 / 58], [train loss 1.77976] 
[Global iteration 277], [iter 45 / 58], [train loss 1.76813] 
[Global iteration 280], [iter 48 / 58], [train loss 1.77160] 
[Global iteration 283], [iter 51 / 58], [train loss 1.75017] 
[Global iteration 286], [iter 54 / 58], [train loss 1.73881] 
[Global iteration 289], [iter 57 / 58], [train loss 1.73735] 
----------------- Epoch scores summary -------------------------
[epoch 5], [val loss 0.01846], [acc 98.74], [precision 24.66], [recall 28.24], [f1score 22.90]
---------------------------------------------------------------- 
	 Epoch step finished: 55s 
	 ------ Epoch: 6 ------ 
[Global iteration 293], [iter 3 / 58], [train loss 1.31715] 
[Global iteration 296], [iter 6 / 58], [train loss 1.47337] 
[Global iteration 299], [iter 9 / 58], [train loss 1.51001] 
[Global iteration 302], [iter 12 / 58], [train loss 1.50599] 
[Global iteration 305], [iter 15 / 58], [train loss 1.50127] 
[Global iteration 308], [iter 18 / 58], [train loss 1.47176] 
[Global iteration 311], [iter 21 / 58], [train loss 1.47542] 
[Global iteration 314], [iter 24 / 58], [train loss 1.46789] 
[Global iteration 317], [iter 27 / 58], [train loss 1.45398] 
[Global iteration 320], [iter 30 / 58], [train loss 1.43476] 
[Global iteration 323], [iter 33 / 58], [train loss 1.42187] 
[Global iteration 326], [iter 36 / 58], [train loss 1.41085] 
[Global iteration 329], [iter 39 / 58], [train loss 1.39137] 
[Global iteration 332], [iter 42 / 58], [train loss 1.37864] 
[Global iteration 335], [iter 45 / 58], [train loss 1.37811] 
[Global iteration 338], [iter 48 / 58], [train loss 1.37556] 
[Global iteration 341], [iter 51 / 58], [train loss 1.35784] 
[Global iteration 344], [iter 54 / 58], [train loss 1.35690] 
[Global iteration 347], [iter 57 / 58], [train loss 1.35019] 
----------------- Epoch scores summary -------------------------
[epoch 6], [val loss 0.01408], [acc 99.14], [precision 35.22], [recall 37.45], [f1score 33.95]
---------------------------------------------------------------- 
	 Epoch step finished: 55s 
	 ------ Epoch: 7 ------ 
[Global iteration 351], [iter 3 / 58], [train loss 1.10149] 
[Global iteration 354], [iter 6 / 58], [train loss 1.14613] 
[Global iteration 357], [iter 9 / 58], [train loss 1.14032] 
[Global iteration 360], [iter 12 / 58], [train loss 1.10690] 
[Global iteration 363], [iter 15 / 58], [train loss 1.11585] 
[Global iteration 366], [iter 18 / 58], [train loss 1.10316] 
[Global iteration 369], [iter 21 / 58], [train loss 1.13356] 
[Global iteration 372], [iter 24 / 58], [train loss 1.14217] 
[Global iteration 375], [iter 27 / 58], [train loss 1.13385] 
[Global iteration 378], [iter 30 / 58], [train loss 1.12538] 
[Global iteration 381], [iter 33 / 58], [train loss 1.10225] 
[Global iteration 384], [iter 36 / 58], [train loss 1.09244] 
[Global iteration 387], [iter 39 / 58], [train loss 1.08146] 
[Global iteration 390], [iter 42 / 58], [train loss 1.07813] 
[Global iteration 393], [iter 45 / 58], [train loss 1.07581] 
[Global iteration 396], [iter 48 / 58], [train loss 1.07354] 
[Global iteration 399], [iter 51 / 58], [train loss 1.07102] 
[Global iteration 402], [iter 54 / 58], [train loss 1.06906] 
[Global iteration 405], [iter 57 / 58], [train loss 1.06977] 
----------------- Epoch scores summary -------------------------
[epoch 7], [val loss 0.01040], [acc 99.45], [precision 41.96], [recall 45.93], [f1score 41.77]
---------------------------------------------------------------- 
	 Epoch step finished: 55s 
	 ------ Epoch: 8 ------ 
[Global iteration 409], [iter 3 / 58], [train loss 0.74614] 
[Global iteration 412], [iter 6 / 58], [train loss 1.01088] 
[Global iteration 415], [iter 9 / 58], [train loss 1.00333] 
[Global iteration 418], [iter 12 / 58], [train loss 0.97145] 
[Global iteration 421], [iter 15 / 58], [train loss 0.92266] 
[Global iteration 424], [iter 18 / 58], [train loss 0.91749] 
[Global iteration 427], [iter 21 / 58], [train loss 0.92288] 
[Global iteration 430], [iter 24 / 58], [train loss 0.90826] 
[Global iteration 433], [iter 27 / 58], [train loss 0.90591] 
[Global iteration 436], [iter 30 / 58], [train loss 0.89563] 
[Global iteration 439], [iter 33 / 58], [train loss 0.88534] 
[Global iteration 442], [iter 36 / 58], [train loss 0.87746] 
[Global iteration 445], [iter 39 / 58], [train loss 0.87589] 
[Global iteration 448], [iter 42 / 58], [train loss 0.86170] 
[Global iteration 451], [iter 45 / 58], [train loss 0.85044] 
[Global iteration 454], [iter 48 / 58], [train loss 0.84176] 
[Global iteration 457], [iter 51 / 58], [train loss 0.83431] 
[Global iteration 460], [iter 54 / 58], [train loss 0.83632] 
[Global iteration 463], [iter 57 / 58], [train loss 0.83763] 
----------------- Epoch scores summary -------------------------
[epoch 8], [val loss 0.00857], [acc 99.55], [precision 44.21], [recall 49.28], [f1score 45.41]
---------------------------------------------------------------- 
	 Epoch step finished: 55s 
	 ------ Epoch: 9 ------ 
[Global iteration 467], [iter 3 / 58], [train loss 0.72327] 
[Global iteration 470], [iter 6 / 58], [train loss 0.82826] 
[Global iteration 473], [iter 9 / 58], [train loss 0.76458] 
[Global iteration 476], [iter 12 / 58], [train loss 0.74477] 
[Global iteration 479], [iter 15 / 58], [train loss 0.72267] 
[Global iteration 482], [iter 18 / 58], [train loss 0.71113] 
[Global iteration 485], [iter 21 / 58], [train loss 0.73105] 
[Global iteration 488], [iter 24 / 58], [train loss 0.73153] 
[Global iteration 491], [iter 27 / 58], [train loss 0.72642] 
[Global iteration 494], [iter 30 / 58], [train loss 0.71299] 
[Global iteration 497], [iter 33 / 58], [train loss 0.69047] 
[Global iteration 500], [iter 36 / 58], [train loss 0.68120] 
[Global iteration 503], [iter 39 / 58], [train loss 0.69070] 
[Global iteration 506], [iter 42 / 58], [train loss 0.68269] 
[Global iteration 509], [iter 45 / 58], [train loss 0.68641] 
[Global iteration 512], [iter 48 / 58], [train loss 0.67873] 
[Global iteration 515], [iter 51 / 58], [train loss 0.67977] 
[Global iteration 518], [iter 54 / 58], [train loss 0.68061] 
[Global iteration 521], [iter 57 / 58], [train loss 0.67424] 
----------------- Epoch scores summary -------------------------
[epoch 9], [val loss 0.00707], [acc 99.58], [precision 49.27], [recall 52.79], [f1score 49.09]
---------------------------------------------------------------- 
	 Epoch step finished: 55s 
	 ------ Epoch: 10 ------ 
[Global iteration 525], [iter 3 / 58], [train loss 0.58828] 
[Global iteration 528], [iter 6 / 58], [train loss 0.59050] 
[Global iteration 531], [iter 9 / 58], [train loss 0.61264] 
[Global iteration 534], [iter 12 / 58], [train loss 0.61121] 
[Global iteration 537], [iter 15 / 58], [train loss 0.61703] 
[Global iteration 540], [iter 18 / 58], [train loss 0.62940] 
[Global iteration 543], [iter 21 / 58], [train loss 0.61494] 
[Global iteration 546], [iter 24 / 58], [train loss 0.59581] 
[Global iteration 549], [iter 27 / 58], [train loss 0.59320] 
[Global iteration 552], [iter 30 / 58], [train loss 0.58248] 
[Global iteration 555], [iter 33 / 58], [train loss 0.56747] 
[Global iteration 558], [iter 36 / 58], [train loss 0.56690] 
[Global iteration 561], [iter 39 / 58], [train loss 0.56658] 
[Global iteration 564], [iter 42 / 58], [train loss 0.54475] 
[Global iteration 567], [iter 45 / 58], [train loss 0.53834] 
[Global iteration 570], [iter 48 / 58], [train loss 0.53898] 
[Global iteration 573], [iter 51 / 58], [train loss 0.54338] 
[Global iteration 576], [iter 54 / 58], [train loss 0.54758] 
[Global iteration 579], [iter 57 / 58], [train loss 0.54023] 
----------------- Epoch scores summary -------------------------
[epoch 10], [val loss 0.00528], [acc 99.67], [precision 55.90], [recall 57.49], [f1score 53.69]
---------------------------------------------------------------- 
	 Epoch step finished: 55s 
	 ------ Epoch: 11 ------ 
[Global iteration 583], [iter 3 / 58], [train loss 0.54436] 
[Global iteration 586], [iter 6 / 58], [train loss 0.47858] 
[Global iteration 589], [iter 9 / 58], [train loss 0.45079] 
[Global iteration 592], [iter 12 / 58], [train loss 0.48087] 
[Global iteration 595], [iter 15 / 58], [train loss 0.48867] 
[Global iteration 598], [iter 18 / 58], [train loss 0.47529] 
[Global iteration 601], [iter 21 / 58], [train loss 0.47161] 
[Global iteration 604], [iter 24 / 58], [train loss 0.46993] 
[Global iteration 607], [iter 27 / 58], [train loss 0.46734] 
[Global iteration 610], [iter 30 / 58], [train loss 0.45853] 
[Global iteration 613], [iter 33 / 58], [train loss 0.44786] 
[Global iteration 616], [iter 36 / 58], [train loss 0.45674] 
[Global iteration 619], [iter 39 / 58], [train loss 0.45446] 
[Global iteration 622], [iter 42 / 58], [train loss 0.45414] 
[Global iteration 625], [iter 45 / 58], [train loss 0.45558] 
[Global iteration 628], [iter 48 / 58], [train loss 0.45022] 
[Global iteration 631], [iter 51 / 58], [train loss 0.44522] 
[Global iteration 634], [iter 54 / 58], [train loss 0.44147] 
[Global iteration 637], [iter 57 / 58], [train loss 0.44048] 
----------------- Epoch scores summary -------------------------
[epoch 11], [val loss 0.00454], [acc 99.74], [precision 59.40], [recall 63.33], [f1score 60.08]
---------------------------------------------------------------- 
	 Epoch step finished: 56s 
	 ------ Epoch: 12 ------ 
[Global iteration 641], [iter 3 / 58], [train loss 0.33392] 
[Global iteration 644], [iter 6 / 58], [train loss 0.36884] 
[Global iteration 647], [iter 9 / 58], [train loss 0.39752] 
[Global iteration 650], [iter 12 / 58], [train loss 0.42084] 
[Global iteration 653], [iter 15 / 58], [train loss 0.40319] 
[Global iteration 656], [iter 18 / 58], [train loss 0.39344] 
[Global iteration 659], [iter 21 / 58], [train loss 0.38500] 
[Global iteration 662], [iter 24 / 58], [train loss 0.38265] 
[Global iteration 665], [iter 27 / 58], [train loss 0.38106] 
[Global iteration 668], [iter 30 / 58], [train loss 0.37849] 
[Global iteration 671], [iter 33 / 58], [train loss 0.37930] 
[Global iteration 674], [iter 36 / 58], [train loss 0.37932] 
[Global iteration 677], [iter 39 / 58], [train loss 0.37882] 
[Global iteration 680], [iter 42 / 58], [train loss 0.37545] 
[Global iteration 683], [iter 45 / 58], [train loss 0.37072] 
[Global iteration 686], [iter 48 / 58], [train loss 0.36485] 
[Global iteration 689], [iter 51 / 58], [train loss 0.36511] 
[Global iteration 692], [iter 54 / 58], [train loss 0.36480] 
[Global iteration 695], [iter 57 / 58], [train loss 0.36115] 
----------------- Epoch scores summary -------------------------
[epoch 12], [val loss 0.00388], [acc 99.75], [precision 67.48], [recall 66.57], [f1score 64.40]
---------------------------------------------------------------- 
	 Epoch step finished: 55s 
	 ------ Epoch: 13 ------ 
[Global iteration 699], [iter 3 / 58], [train loss 0.36477] 
[Global iteration 702], [iter 6 / 58], [train loss 0.34192] 
[Global iteration 705], [iter 9 / 58], [train loss 0.32505] 
[Global iteration 708], [iter 12 / 58], [train loss 0.34078] 
[Global iteration 711], [iter 15 / 58], [train loss 0.34122] 
[Global iteration 714], [iter 18 / 58], [train loss 0.32396] 
[Global iteration 717], [iter 21 / 58], [train loss 0.32366] 
[Global iteration 720], [iter 24 / 58], [train loss 0.31849] 
[Global iteration 723], [iter 27 / 58], [train loss 0.31715] 
[Global iteration 726], [iter 30 / 58], [train loss 0.30828] 
[Global iteration 729], [iter 33 / 58], [train loss 0.30410] 
[Global iteration 732], [iter 36 / 58], [train loss 0.30472] 
[Global iteration 735], [iter 39 / 58], [train loss 0.30435] 
[Global iteration 738], [iter 42 / 58], [train loss 0.29780] 
[Global iteration 741], [iter 45 / 58], [train loss 0.29527] 
[Global iteration 744], [iter 48 / 58], [train loss 0.29662] 
[Global iteration 747], [iter 51 / 58], [train loss 0.29618] 
[Global iteration 750], [iter 54 / 58], [train loss 0.29295] 
[Global iteration 753], [iter 57 / 58], [train loss 0.28674] 
----------------- Epoch scores summary -------------------------
[epoch 13], [val loss 0.00329], [acc 99.80], [precision 71.37], [recall 71.10], [f1score 70.10]
---------------------------------------------------------------- 
	 Epoch step finished: 56s 
	 ------ Epoch: 14 ------ 
[Global iteration 757], [iter 3 / 58], [train loss 0.16111] 
[Global iteration 760], [iter 6 / 58], [train loss 0.32611] 
[Global iteration 763], [iter 9 / 58], [train loss 0.28003] 
[Global iteration 766], [iter 12 / 58], [train loss 0.28603] 
[Global iteration 769], [iter 15 / 58], [train loss 0.26618] 
[Global iteration 772], [iter 18 / 58], [train loss 0.28058] 
[Global iteration 775], [iter 21 / 58], [train loss 0.27814] 
[Global iteration 778], [iter 24 / 58], [train loss 0.27522] 
[Global iteration 781], [iter 27 / 58], [train loss 0.27224] 
[Global iteration 784], [iter 30 / 58], [train loss 0.26843] 
[Global iteration 787], [iter 33 / 58], [train loss 0.27053] 
[Global iteration 790], [iter 36 / 58], [train loss 0.26398] 
[Global iteration 793], [iter 39 / 58], [train loss 0.25620] 
[Global iteration 796], [iter 42 / 58], [train loss 0.25590] 
[Global iteration 799], [iter 45 / 58], [train loss 0.25729] 
[Global iteration 802], [iter 48 / 58], [train loss 0.25224] 
[Global iteration 805], [iter 51 / 58], [train loss 0.25183] 
[Global iteration 808], [iter 54 / 58], [train loss 0.24809] 
[Global iteration 811], [iter 57 / 58], [train loss 0.24424] 
----------------- Epoch scores summary -------------------------
[epoch 14], [val loss 0.00320], [acc 99.81], [precision 72.92], [recall 72.68], [f1score 70.84]
---------------------------------------------------------------- 
	 Epoch step finished: 56s 
	 ------ Epoch: 15 ------ 
[Global iteration 815], [iter 3 / 58], [train loss 0.30354] 
[Global iteration 818], [iter 6 / 58], [train loss 0.26904] 
[Global iteration 821], [iter 9 / 58], [train loss 0.24000] 
[Global iteration 824], [iter 12 / 58], [train loss 0.22974] 
[Global iteration 827], [iter 15 / 58], [train loss 0.22778] 
[Global iteration 830], [iter 18 / 58], [train loss 0.21795] 
[Global iteration 833], [iter 21 / 58], [train loss 0.22142] 
[Global iteration 836], [iter 24 / 58], [train loss 0.21222] 
[Global iteration 839], [iter 27 / 58], [train loss 0.21099] 
[Global iteration 842], [iter 30 / 58], [train loss 0.21243] 
[Global iteration 845], [iter 33 / 58], [train loss 0.21527] 
[Global iteration 848], [iter 36 / 58], [train loss 0.21377] 
[Global iteration 851], [iter 39 / 58], [train loss 0.20673] 
[Global iteration 854], [iter 42 / 58], [train loss 0.20143] 
[Global iteration 857], [iter 45 / 58], [train loss 0.20102] 
[Global iteration 860], [iter 48 / 58], [train loss 0.20115] 
[Global iteration 863], [iter 51 / 58], [train loss 0.20119] 
[Global iteration 866], [iter 54 / 58], [train loss 0.19974] 
[Global iteration 869], [iter 57 / 58], [train loss 0.20600] 
----------------- Epoch scores summary -------------------------
[epoch 15], [val loss 0.00292], [acc 99.82], [precision 74.35], [recall 71.75], [f1score 71.45]
---------------------------------------------------------------- 
	 Epoch step finished: 56s 
	 ------ Epoch: 16 ------ 
[Global iteration 873], [iter 3 / 58], [train loss 0.20458] 
[Global iteration 876], [iter 6 / 58], [train loss 0.20846] 
[Global iteration 879], [iter 9 / 58], [train loss 0.20316] 
[Global iteration 882], [iter 12 / 58], [train loss 0.19540] 
[Global iteration 885], [iter 15 / 58], [train loss 0.18191] 
[Global iteration 888], [iter 18 / 58], [train loss 0.18000] 
[Global iteration 891], [iter 21 / 58], [train loss 0.17842] 
[Global iteration 894], [iter 24 / 58], [train loss 0.18348] 
[Global iteration 897], [iter 27 / 58], [train loss 0.18240] 
[Global iteration 900], [iter 30 / 58], [train loss 0.17957] 
[Global iteration 903], [iter 33 / 58], [train loss 0.17618] 
[Global iteration 906], [iter 36 / 58], [train loss 0.18551] 
[Global iteration 909], [iter 39 / 58], [train loss 0.18163] 
[Global iteration 912], [iter 42 / 58], [train loss 0.17968] 
[Global iteration 915], [iter 45 / 58], [train loss 0.18111] 
[Global iteration 918], [iter 48 / 58], [train loss 0.18172] 
[Global iteration 921], [iter 51 / 58], [train loss 0.17783] 
[Global iteration 924], [iter 54 / 58], [train loss 0.17562] 
[Global iteration 927], [iter 57 / 58], [train loss 0.17756] 
----------------- Epoch scores summary -------------------------
[epoch 16], [val loss 0.00300], [acc 99.81], [precision 73.78], [recall 71.64], [f1score 71.08]
---------------------------------------------------------------- 
	 Epoch step finished: 53s 
	 ------ Epoch: 17 ------ 
[Global iteration 931], [iter 3 / 58], [train loss 0.20026] 
[Global iteration 934], [iter 6 / 58], [train loss 0.15199] 
[Global iteration 937], [iter 9 / 58], [train loss 0.13991] 
[Global iteration 940], [iter 12 / 58], [train loss 0.13392] 
[Global iteration 943], [iter 15 / 58], [train loss 0.13199] 
[Global iteration 946], [iter 18 / 58], [train loss 0.12484] 
[Global iteration 949], [iter 21 / 58], [train loss 0.14062] 
[Global iteration 952], [iter 24 / 58], [train loss 0.14395] 
[Global iteration 955], [iter 27 / 58], [train loss 0.14033] 
[Global iteration 958], [iter 30 / 58], [train loss 0.13492] 
[Global iteration 961], [iter 33 / 58], [train loss 0.13600] 
[Global iteration 964], [iter 36 / 58], [train loss 0.13863] 
[Global iteration 967], [iter 39 / 58], [train loss 0.14062] 
[Global iteration 970], [iter 42 / 58], [train loss 0.14311] 
[Global iteration 973], [iter 45 / 58], [train loss 0.14234] 
[Global iteration 976], [iter 48 / 58], [train loss 0.14569] 
[Global iteration 979], [iter 51 / 58], [train loss 0.14301] 
[Global iteration 982], [iter 54 / 58], [train loss 0.14731] 
[Global iteration 985], [iter 57 / 58], [train loss 0.14637] 
----------------- Epoch scores summary -------------------------
[epoch 17], [val loss 0.00260], [acc 99.86], [precision 75.59], [recall 76.74], [f1score 75.45]
---------------------------------------------------------------- 
	 Epoch step finished: 55s 
	 ------ Epoch: 18 ------ 
[Global iteration 989], [iter 3 / 58], [train loss 0.15714] 
[Global iteration 992], [iter 6 / 58], [train loss 0.13334] 
[Global iteration 995], [iter 9 / 58], [train loss 0.13897] 
[Global iteration 998], [iter 12 / 58], [train loss 0.13088] 
[Global iteration 1001], [iter 15 / 58], [train loss 0.12945] 
[Global iteration 1004], [iter 18 / 58], [train loss 0.12717] 
[Global iteration 1007], [iter 21 / 58], [train loss 0.12902] 
[Global iteration 1010], [iter 24 / 58], [train loss 0.13320] 
[Global iteration 1013], [iter 27 / 58], [train loss 0.13550] 
[Global iteration 1016], [iter 30 / 58], [train loss 0.13031] 
[Global iteration 1019], [iter 33 / 58], [train loss 0.13057] 
[Global iteration 1022], [iter 36 / 58], [train loss 0.13171] 
[Global iteration 1025], [iter 39 / 58], [train loss 0.13665] 
[Global iteration 1028], [iter 42 / 58], [train loss 0.13584] 
[Global iteration 1031], [iter 45 / 58], [train loss 0.13529] 
[Global iteration 1034], [iter 48 / 58], [train loss 0.13339] 
[Global iteration 1037], [iter 51 / 58], [train loss 0.13081] 
[Global iteration 1040], [iter 54 / 58], [train loss 0.12807] 
[Global iteration 1043], [iter 57 / 58], [train loss 0.12625] 
----------------- Epoch scores summary -------------------------
[epoch 18], [val loss 0.00247], [acc 99.86], [precision 75.51], [recall 75.93], [f1score 74.34]
---------------------------------------------------------------- 
	 Epoch step finished: 54s 
	 ------ Epoch: 19 ------ 
[Global iteration 1047], [iter 3 / 58], [train loss 0.12730] 
[Global iteration 1050], [iter 6 / 58], [train loss 0.10977] 
[Global iteration 1053], [iter 9 / 58], [train loss 0.10481] 
[Global iteration 1056], [iter 12 / 58], [train loss 0.11477] 
[Global iteration 1059], [iter 15 / 58], [train loss 0.11623] 
[Global iteration 1062], [iter 18 / 58], [train loss 0.11704] 
[Global iteration 1065], [iter 21 / 58], [train loss 0.12058] 
[Global iteration 1068], [iter 24 / 58], [train loss 0.11538] 
[Global iteration 1071], [iter 27 / 58], [train loss 0.11550] 
[Global iteration 1074], [iter 30 / 58], [train loss 0.11384] 
[Global iteration 1077], [iter 33 / 58], [train loss 0.11167] 
[Global iteration 1080], [iter 36 / 58], [train loss 0.10921] 
[Global iteration 1083], [iter 39 / 58], [train loss 0.10727] 
[Global iteration 1086], [iter 42 / 58], [train loss 0.10892] 
[Global iteration 1089], [iter 45 / 58], [train loss 0.10605] 
[Global iteration 1092], [iter 48 / 58], [train loss 0.10914] 
[Global iteration 1095], [iter 51 / 58], [train loss 0.10764] 
[Global iteration 1098], [iter 54 / 58], [train loss 0.10802] 
[Global iteration 1101], [iter 57 / 58], [train loss 0.10577] 
----------------- Epoch scores summary -------------------------
[epoch 19], [val loss 0.00263], [acc 99.87], [precision 78.19], [recall 79.18], [f1score 78.19]
---------------------------------------------------------------- 
	 Epoch step finished: 56s 
	 ------ Epoch: 20 ------ 
[Global iteration 1105], [iter 3 / 58], [train loss 0.11196] 
[Global iteration 1108], [iter 6 / 58], [train loss 0.07983] 
[Global iteration 1111], [iter 9 / 58], [train loss 0.09378] 
[Global iteration 1114], [iter 12 / 58], [train loss 0.10883] 
[Global iteration 1117], [iter 15 / 58], [train loss 0.11452] 
[Global iteration 1120], [iter 18 / 58], [train loss 0.11639] 
[Global iteration 1123], [iter 21 / 58], [train loss 0.11445] 
[Global iteration 1126], [iter 24 / 58], [train loss 0.11521] 
[Global iteration 1129], [iter 27 / 58], [train loss 0.11186] 
[Global iteration 1132], [iter 30 / 58], [train loss 0.11251] 
[Global iteration 1135], [iter 33 / 58], [train loss 0.11183] 
[Global iteration 1138], [iter 36 / 58], [train loss 0.11221] 
[Global iteration 1141], [iter 39 / 58], [train loss 0.11196] 
[Global iteration 1144], [iter 42 / 58], [train loss 0.10946] 
[Global iteration 1147], [iter 45 / 58], [train loss 0.10962] 
[Global iteration 1150], [iter 48 / 58], [train loss 0.11104] 
[Global iteration 1153], [iter 51 / 58], [train loss 0.10963] 
[Global iteration 1156], [iter 54 / 58], [train loss 0.10801] 
[Global iteration 1159], [iter 57 / 58], [train loss 0.10822] 
----------------- Epoch scores summary -------------------------
[epoch 20], [val loss 0.00230], [acc 99.87], [precision 78.65], [recall 76.87], [f1score 76.97]
---------------------------------------------------------------- 
	 Epoch step finished: 53s 
	 ------ Epoch: 21 ------ 
[Global iteration 1163], [iter 3 / 58], [train loss 0.05816] 
[Global iteration 1166], [iter 6 / 58], [train loss 0.08099] 
[Global iteration 1169], [iter 9 / 58], [train loss 0.07968] 
[Global iteration 1172], [iter 12 / 58], [train loss 0.08446] 
[Global iteration 1175], [iter 15 / 58], [train loss 0.08920] 
[Global iteration 1178], [iter 18 / 58], [train loss 0.08428] 
[Global iteration 1181], [iter 21 / 58], [train loss 0.07836] 
[Global iteration 1184], [iter 24 / 58], [train loss 0.07691] 
[Global iteration 1187], [iter 27 / 58], [train loss 0.07719] 
[Global iteration 1190], [iter 30 / 58], [train loss 0.07980] 
[Global iteration 1193], [iter 33 / 58], [train loss 0.07935] 
[Global iteration 1196], [iter 36 / 58], [train loss 0.07807] 
[Global iteration 1199], [iter 39 / 58], [train loss 0.07802] 
[Global iteration 1202], [iter 42 / 58], [train loss 0.07826] 
[Global iteration 1205], [iter 45 / 58], [train loss 0.07880] 
[Global iteration 1208], [iter 48 / 58], [train loss 0.07720] 
[Global iteration 1211], [iter 51 / 58], [train loss 0.07824] 
[Global iteration 1214], [iter 54 / 58], [train loss 0.07962] 
[Global iteration 1217], [iter 57 / 58], [train loss 0.07752] 
----------------- Epoch scores summary -------------------------
[epoch 21], [val loss 0.00233], [acc 99.88], [precision 78.42], [recall 76.49], [f1score 75.88]
---------------------------------------------------------------- 
	 Epoch step finished: 53s 
	 ------ Epoch: 22 ------ 
[Global iteration 1221], [iter 3 / 58], [train loss 0.13400] 
[Global iteration 1224], [iter 6 / 58], [train loss 0.10579] 
[Global iteration 1227], [iter 9 / 58], [train loss 0.10053] 
[Global iteration 1230], [iter 12 / 58], [train loss 0.08920] 
[Global iteration 1233], [iter 15 / 58], [train loss 0.08460] 
[Global iteration 1236], [iter 18 / 58], [train loss 0.09402] 
[Global iteration 1239], [iter 21 / 58], [train loss 0.09431] 
[Global iteration 1242], [iter 24 / 58], [train loss 0.09167] 
[Global iteration 1245], [iter 27 / 58], [train loss 0.08754] 
[Global iteration 1248], [iter 30 / 58], [train loss 0.08319] 
[Global iteration 1251], [iter 33 / 58], [train loss 0.08026] 
[Global iteration 1254], [iter 36 / 58], [train loss 0.08104] 
[Global iteration 1257], [iter 39 / 58], [train loss 0.08113] 
[Global iteration 1260], [iter 42 / 58], [train loss 0.07845] 
[Global iteration 1263], [iter 45 / 58], [train loss 0.07544] 
[Global iteration 1266], [iter 48 / 58], [train loss 0.08039] 
[Global iteration 1269], [iter 51 / 58], [train loss 0.08096] 
[Global iteration 1272], [iter 54 / 58], [train loss 0.07881] 
[Global iteration 1275], [iter 57 / 58], [train loss 0.08156] 
----------------- Epoch scores summary -------------------------
[epoch 22], [val loss 0.00218], [acc 99.88], [precision 78.52], [recall 76.70], [f1score 76.67]
---------------------------------------------------------------- 
	 Epoch step finished: 53s 
	 ------ Epoch: 23 ------ 
[Global iteration 1279], [iter 3 / 58], [train loss 0.08301] 
[Global iteration 1282], [iter 6 / 58], [train loss 0.07298] 
[Global iteration 1285], [iter 9 / 58], [train loss 0.06417] 
[Global iteration 1288], [iter 12 / 58], [train loss 0.06480] 
[Global iteration 1291], [iter 15 / 58], [train loss 0.06455] 
[Global iteration 1294], [iter 18 / 58], [train loss 0.06185] 
[Global iteration 1297], [iter 21 / 58], [train loss 0.06931] 
[Global iteration 1300], [iter 24 / 58], [train loss 0.06742] 
[Global iteration 1303], [iter 27 / 58], [train loss 0.06323] 
[Global iteration 1306], [iter 30 / 58], [train loss 0.06507] 
[Global iteration 1309], [iter 33 / 58], [train loss 0.06424] 
[Global iteration 1312], [iter 36 / 58], [train loss 0.06832] 
[Global iteration 1315], [iter 39 / 58], [train loss 0.06764] 
[Global iteration 1318], [iter 42 / 58], [train loss 0.06736] 
[Global iteration 1321], [iter 45 / 58], [train loss 0.06555] 
[Global iteration 1324], [iter 48 / 58], [train loss 0.06613] 
[Global iteration 1327], [iter 51 / 58], [train loss 0.06686] 
[Global iteration 1330], [iter 54 / 58], [train loss 0.06803] 
[Global iteration 1333], [iter 57 / 58], [train loss 0.06750] 
----------------- Epoch scores summary -------------------------
[epoch 23], [val loss 0.00245], [acc 99.88], [precision 78.78], [recall 79.36], [f1score 78.59]
---------------------------------------------------------------- 
	 Epoch step finished: 56s 
	 ------ Epoch: 24 ------ 
[Global iteration 1337], [iter 3 / 58], [train loss 0.03984] 
[Global iteration 1340], [iter 6 / 58], [train loss 0.05266] 
[Global iteration 1343], [iter 9 / 58], [train loss 0.04671] 
[Global iteration 1346], [iter 12 / 58], [train loss 0.04734] 
[Global iteration 1349], [iter 15 / 58], [train loss 0.05297] 
[Global iteration 1352], [iter 18 / 58], [train loss 0.05005] 
[Global iteration 1355], [iter 21 / 58], [train loss 0.05886] 
[Global iteration 1358], [iter 24 / 58], [train loss 0.06007] 
[Global iteration 1361], [iter 27 / 58], [train loss 0.05889] 
[Global iteration 1364], [iter 30 / 58], [train loss 0.05814] 
[Global iteration 1367], [iter 33 / 58], [train loss 0.05905] 
[Global iteration 1370], [iter 36 / 58], [train loss 0.05821] 
[Global iteration 1373], [iter 39 / 58], [train loss 0.05825] 
[Global iteration 1376], [iter 42 / 58], [train loss 0.05841] 
[Global iteration 1379], [iter 45 / 58], [train loss 0.05801] 
[Global iteration 1382], [iter 48 / 58], [train loss 0.05758] 
[Global iteration 1385], [iter 51 / 58], [train loss 0.05796] 
[Global iteration 1388], [iter 54 / 58], [train loss 0.05693] 
[Global iteration 1391], [iter 57 / 58], [train loss 0.05671] 
----------------- Epoch scores summary -------------------------
[epoch 24], [val loss 0.00216], [acc 99.88], [precision 78.71], [recall 79.43], [f1score 77.52]
---------------------------------------------------------------- 
	 Epoch step finished: 53s 
	 ------ Epoch: 25 ------ 
[Global iteration 1395], [iter 3 / 58], [train loss 0.04017] 
[Global iteration 1398], [iter 6 / 58], [train loss 0.05011] 
[Global iteration 1401], [iter 9 / 58], [train loss 0.05015] 
[Global iteration 1404], [iter 12 / 58], [train loss 0.05479] 
[Global iteration 1407], [iter 15 / 58], [train loss 0.05645] 
[Global iteration 1410], [iter 18 / 58], [train loss 0.05959] 
[Global iteration 1413], [iter 21 / 58], [train loss 0.05569] 
[Global iteration 1416], [iter 24 / 58], [train loss 0.05590] 
[Global iteration 1419], [iter 27 / 58], [train loss 0.05577] 
[Global iteration 1422], [iter 30 / 58], [train loss 0.05919] 
[Global iteration 1425], [iter 33 / 58], [train loss 0.05752] 
[Global iteration 1428], [iter 36 / 58], [train loss 0.05697] 
[Global iteration 1431], [iter 39 / 58], [train loss 0.05552] 
[Global iteration 1434], [iter 42 / 58], [train loss 0.05624] 
[Global iteration 1437], [iter 45 / 58], [train loss 0.05881] 
[Global iteration 1440], [iter 48 / 58], [train loss 0.06014] 
[Global iteration 1443], [iter 51 / 58], [train loss 0.06098] 
[Global iteration 1446], [iter 54 / 58], [train loss 0.05933] 
[Global iteration 1449], [iter 57 / 58], [train loss 0.06025] 
----------------- Epoch scores summary -------------------------
[epoch 25], [val loss 0.00221], [acc 99.90], [precision 78.76], [recall 79.12], [f1score 78.11]
---------------------------------------------------------------- 
	 Epoch step finished: 53s 
----------------- Scores summary --------------------
[val loss 0.00221], [acc 99.90], [precision 78.76], [recall 79.12], [f1score 78.11]
---------------------------------------------------------------- 
----------------- Scores summary --------------------
[val loss 0.00191], [acc 99.88], [precision 78.79], [recall 78.15], [f1score 77.68]
---------------------------------------------------------------- 
