
- Starting train <--- 
	 ------ Epoch: 1 ------ 
[Global iteration 10], [iter 10 / 190], [train loss 3.76731] 
[Global iteration 20], [iter 20 / 190], [train loss 3.91915] 
[Global iteration 30], [iter 30 / 190], [train loss 4.10514] 
[Global iteration 40], [iter 40 / 190], [train loss 4.26634] 
[Global iteration 50], [iter 50 / 190], [train loss 4.78510] 
[Global iteration 60], [iter 60 / 190], [train loss 5.75015] 
[Global iteration 70], [iter 70 / 190], [train loss 6.49168] 
[Global iteration 80], [iter 80 / 190], [train loss 7.17213] 
[Global iteration 90], [iter 90 / 190], [train loss 7.71961] 
[Global iteration 100], [iter 100 / 190], [train loss 8.45716] 
[Global iteration 110], [iter 110 / 190], [train loss 9.12078] 
[Global iteration 120], [iter 120 / 190], [train loss 9.50808] 
[Global iteration 130], [iter 130 / 190], [train loss 9.78687] 
[Global iteration 140], [iter 140 / 190], [train loss 10.04353] 
[Global iteration 150], [iter 150 / 190], [train loss 10.32215] 
[Global iteration 160], [iter 160 / 190], [train loss 10.69446] 
[Global iteration 170], [iter 170 / 190], [train loss 10.99382] 
[Global iteration 180], [iter 180 / 190], [train loss 11.55032] 
[Global iteration 190], [iter 190 / 190], [train loss 12.36971] 
----------------- Epoch scores summary -------------------------
[epoch 1], [val loss 0.76847], [acc 97.44], [precision 2.23], [recall 3.74], [f1score 2.62]
---------------------------------------------------------------- 
	 Epoch step finished: 91s 
	 ------ Epoch: 2 ------ 
[Global iteration 200], [iter 10 / 190], [train loss 21.12909] 
[Global iteration 210], [iter 20 / 190], [train loss 21.37381] 
[Global iteration 220], [iter 30 / 190], [train loss 20.18718] 
[Global iteration 230], [iter 40 / 190], [train loss 20.17064] 
[Global iteration 240], [iter 50 / 190], [train loss 19.62351] 
[Global iteration 250], [iter 60 / 190], [train loss 19.62891] 

- Starting train <--- 
	 ------ Epoch: 1 ------ 
[Global iteration 10], [iter 10 / 190], [train loss 3.59844] 
[Global iteration 20], [iter 20 / 190], [train loss 3.59960] 
[Global iteration 30], [iter 30 / 190], [train loss 3.61617] 
[Global iteration 40], [iter 40 / 190], [train loss 3.61865] 
[Global iteration 50], [iter 50 / 190], [train loss 3.61652] 
[Global iteration 60], [iter 60 / 190], [train loss 3.63154] 
[Global iteration 70], [iter 70 / 190], [train loss 3.63352] 
[Global iteration 80], [iter 80 / 190], [train loss 3.62678] 
[Global iteration 90], [iter 90 / 190], [train loss 3.63713] 
[Global iteration 100], [iter 100 / 190], [train loss 3.63207] 
[Global iteration 110], [iter 110 / 190], [train loss 3.63083] 
[Global iteration 120], [iter 120 / 190], [train loss 3.61985] 
[Global iteration 130], [iter 130 / 190], [train loss 3.60993] 
[Global iteration 140], [iter 140 / 190], [train loss 3.58519] 
[Global iteration 150], [iter 150 / 190], [train loss 3.55661] 
[Global iteration 160], [iter 160 / 190], [train loss 3.52183] 
[Global iteration 170], [iter 170 / 190], [train loss 3.49100] 
[Global iteration 180], [iter 180 / 190], [train loss 3.44827] 
[Global iteration 190], [iter 190 / 190], [train loss 3.41434] 
----------------- Epoch scores summary -------------------------
[epoch 1], [val loss 1.12567], [acc 97.32], [precision 1.84], [recall 3.49], [f1score 2.31]
---------------------------------------------------------------- 
	 Epoch step finished: 91s 
	 ------ Epoch: 2 ------ 
[Global iteration 200], [iter 10 / 190], [train loss 2.74626] 
[Global iteration 210], [iter 20 / 190], [train loss 2.79674] 
[Global iteration 220], [iter 30 / 190], [train loss 2.79197] 
[Global iteration 230], [iter 40 / 190], [train loss 2.77149] 
[Global iteration 240], [iter 50 / 190], [train loss 2.77873] 
[Global iteration 250], [iter 60 / 190], [train loss 2.73292] 
[Global iteration 260], [iter 70 / 190], [train loss 2.72148] 
[Global iteration 270], [iter 80 / 190], [train loss 2.74573] 
[Global iteration 280], [iter 90 / 190], [train loss 2.70594] 
[Global iteration 290], [iter 100 / 190], [train loss 2.69442] 
[Global iteration 300], [iter 110 / 190], [train loss 2.66628] 
[Global iteration 310], [iter 120 / 190], [train loss 2.65550] 
[Global iteration 320], [iter 130 / 190], [train loss 2.63885] 
[Global iteration 330], [iter 140 / 190], [train loss 2.62501] 
[Global iteration 340], [iter 150 / 190], [train loss 2.61736] 
[Global iteration 350], [iter 160 / 190], [train loss 2.60074] 
[Global iteration 360], [iter 170 / 190], [train loss 2.59359] 
[Global iteration 370], [iter 180 / 190], [train loss 2.57934] 
[Global iteration 380], [iter 190 / 190], [train loss 2.56642] 
----------------- Epoch scores summary -------------------------
[epoch 2], [val loss 0.01960], [acc 98.53], [precision 11.62], [recall 14.37], [f1score 11.92]
---------------------------------------------------------------- 
	 Epoch step finished: 93s 
	 ------ Epoch: 3 ------ 
[Global iteration 390], [iter 10 / 190], [train loss 2.31291] 
[Global iteration 400], [iter 20 / 190], [train loss 2.30550] 
[Global iteration 410], [iter 30 / 190], [train loss 2.25828] 
[Global iteration 420], [iter 40 / 190], [train loss 2.22568] 
[Global iteration 430], [iter 50 / 190], [train loss 2.22892] 
[Global iteration 440], [iter 60 / 190], [train loss 2.22807] 
[Global iteration 450], [iter 70 / 190], [train loss 2.23252] 
[Global iteration 460], [iter 80 / 190], [train loss 2.21773] 
[Global iteration 470], [iter 90 / 190], [train loss 2.21370] 
[Global iteration 480], [iter 100 / 190], [train loss 2.21076] 
[Global iteration 490], [iter 110 / 190], [train loss 2.20481] 
[Global iteration 500], [iter 120 / 190], [train loss 2.19728] 
[Global iteration 510], [iter 130 / 190], [train loss 2.20373] 
[Global iteration 520], [iter 140 / 190], [train loss 2.22108] 
[Global iteration 530], [iter 150 / 190], [train loss 2.22034] 
[Global iteration 540], [iter 160 / 190], [train loss 2.22785] 
[Global iteration 550], [iter 170 / 190], [train loss 2.23118] 
[Global iteration 560], [iter 180 / 190], [train loss 2.23746] 
[Global iteration 570], [iter 190 / 190], [train loss 2.23595] 
----------------- Epoch scores summary -------------------------
[epoch 3], [val loss 0.02484], [acc 98.05], [precision 7.98], [recall 11.60], [f1score 8.40]
---------------------------------------------------------------- 
	 Epoch step finished: 92s 
	 ------ Epoch: 4 ------ 
[Global iteration 580], [iter 10 / 190], [train loss 2.24710] 
[Global iteration 590], [iter 20 / 190], [train loss 2.15863] 
[Global iteration 600], [iter 30 / 190], [train loss 2.13605] 
[Global iteration 610], [iter 40 / 190], [train loss 2.13383] 
[Global iteration 620], [iter 50 / 190], [train loss 2.14587] 
[Global iteration 630], [iter 60 / 190], [train loss 2.11925] 
[Global iteration 640], [iter 70 / 190], [train loss 2.11620] 
[Global iteration 650], [iter 80 / 190], [train loss 2.11038] 
[Global iteration 660], [iter 90 / 190], [train loss 2.08557] 
[Global iteration 670], [iter 100 / 190], [train loss 2.08221] 
[Global iteration 680], [iter 110 / 190], [train loss 2.07819] 
[Global iteration 690], [iter 120 / 190], [train loss 2.06907] 
[Global iteration 700], [iter 130 / 190], [train loss 2.06438] 
[Global iteration 710], [iter 140 / 190], [train loss 2.05034] 
[Global iteration 720], [iter 150 / 190], [train loss 2.05356] 
[Global iteration 730], [iter 160 / 190], [train loss 2.04380] 
[Global iteration 740], [iter 170 / 190], [train loss 2.03646] 
[Global iteration 750], [iter 180 / 190], [train loss 2.03504] 
[Global iteration 760], [iter 190 / 190], [train loss 2.02749] 
----------------- Epoch scores summary -------------------------
[epoch 4], [val loss 0.01650], [acc 98.61], [precision 12.18], [recall 14.44], [f1score 11.76]
---------------------------------------------------------------- 
	 Epoch step finished: 92s 
	 ------ Epoch: 5 ------ 
[Global iteration 770], [iter 10 / 190], [train loss 1.83472] 
[Global iteration 780], [iter 20 / 190], [train loss 1.82558] 
[Global iteration 790], [iter 30 / 190], [train loss 1.83371] 
[Global iteration 800], [iter 40 / 190], [train loss 1.81882] 
[Global iteration 810], [iter 50 / 190], [train loss 1.81440] 
[Global iteration 820], [iter 60 / 190], [train loss 1.78015] 
[Global iteration 830], [iter 70 / 190], [train loss 1.79831] 
[Global iteration 840], [iter 80 / 190], [train loss 1.80116] 
[Global iteration 850], [iter 90 / 190], [train loss 1.81413] 
[Global iteration 860], [iter 100 / 190], [train loss 1.81314] 
[Global iteration 870], [iter 110 / 190], [train loss 1.80915] 
[Global iteration 880], [iter 120 / 190], [train loss 1.81667] 
[Global iteration 890], [iter 130 / 190], [train loss 1.81430] 
[Global iteration 900], [iter 140 / 190], [train loss 1.80933] 
[Global iteration 910], [iter 150 / 190], [train loss 1.80055] 
[Global iteration 920], [iter 160 / 190], [train loss 1.80457] 
[Global iteration 930], [iter 170 / 190], [train loss 1.80514] 
[Global iteration 940], [iter 180 / 190], [train loss 1.80080] 
[Global iteration 950], [iter 190 / 190], [train loss 1.79288] 
----------------- Epoch scores summary -------------------------
[epoch 5], [val loss 0.01645], [acc 98.69], [precision 13.57], [recall 17.46], [f1score 13.19]
---------------------------------------------------------------- 
	 Epoch step finished: 92s 
	 ------ Epoch: 6 ------ 
[Global iteration 960], [iter 10 / 190], [train loss 1.72554] 
[Global iteration 970], [iter 20 / 190], [train loss 1.79303] 
[Global iteration 980], [iter 30 / 190], [train loss 1.75807] 
[Global iteration 990], [iter 40 / 190], [train loss 1.72610] 
[Global iteration 1000], [iter 50 / 190], [train loss 1.71909] 
[Global iteration 1010], [iter 60 / 190], [train loss 1.71708] 
[Global iteration 1020], [iter 70 / 190], [train loss 1.71478] 
[Global iteration 1030], [iter 80 / 190], [train loss 1.71102] 
[Global iteration 1040], [iter 90 / 190], [train loss 1.71681] 
[Global iteration 1050], [iter 100 / 190], [train loss 1.70165] 
[Global iteration 1060], [iter 110 / 190], [train loss 1.70026] 
[Global iteration 1070], [iter 120 / 190], [train loss 1.70433] 
[Global iteration 1080], [iter 130 / 190], [train loss 1.71075] 
[Global iteration 1090], [iter 140 / 190], [train loss 1.70246] 
[Global iteration 1100], [iter 150 / 190], [train loss 1.70645] 
[Global iteration 1110], [iter 160 / 190], [train loss 1.70266] 
[Global iteration 1120], [iter 170 / 190], [train loss 1.69740] 
[Global iteration 1130], [iter 180 / 190], [train loss 1.69124] 
[Global iteration 1140], [iter 190 / 190], [train loss 1.68721] 
----------------- Epoch scores summary -------------------------
[epoch 6], [val loss 0.01565], [acc 98.63], [precision 15.50], [recall 14.29], [f1score 12.83]
---------------------------------------------------------------- 
	 Epoch step finished: 92s 
	 ------ Epoch: 7 ------ 
[Global iteration 1150], [iter 10 / 190], [train loss 1.61888] 
[Global iteration 1160], [iter 20 / 190], [train loss 1.59865] 
[Global iteration 1170], [iter 30 / 190], [train loss 1.63296] 
[Global iteration 1180], [iter 40 / 190], [train loss 1.60173] 
[Global iteration 1190], [iter 50 / 190], [train loss 1.59968] 
[Global iteration 1200], [iter 60 / 190], [train loss 1.58294] 
[Global iteration 1210], [iter 70 / 190], [train loss 1.57681] 
[Global iteration 1220], [iter 80 / 190], [train loss 1.57863] 
[Global iteration 1230], [iter 90 / 190], [train loss 1.57575] 
[Global iteration 1240], [iter 100 / 190], [train loss 1.57903] 
[Global iteration 1250], [iter 110 / 190], [train loss 1.57126] 
[Global iteration 1260], [iter 120 / 190], [train loss 1.56733] 
[Global iteration 1270], [iter 130 / 190], [train loss 1.55151] 
[Global iteration 1280], [iter 140 / 190], [train loss 1.53779] 
[Global iteration 1290], [iter 150 / 190], [train loss 1.52296] 
[Global iteration 1300], [iter 160 / 190], [train loss 1.51858] 
[Global iteration 1310], [iter 170 / 190], [train loss 1.51730] 
[Global iteration 1320], [iter 180 / 190], [train loss 1.51075] 
[Global iteration 1330], [iter 190 / 190], [train loss 1.50571] 
----------------- Epoch scores summary -------------------------
[epoch 7], [val loss 0.01638], [acc 98.63], [precision 18.03], [recall 20.55], [f1score 15.54]
---------------------------------------------------------------- 
	 Epoch step finished: 92s 
	 ------ Epoch: 8 ------ 
[Global iteration 1340], [iter 10 / 190], [train loss 1.31666] 
[Global iteration 1350], [iter 20 / 190], [train loss 1.36477] 
[Global iteration 1360], [iter 30 / 190], [train loss 1.39398] 
[Global iteration 1370], [iter 40 / 190], [train loss 1.40666] 
[Global iteration 1380], [iter 50 / 190], [train loss 1.39291] 
[Global iteration 1390], [iter 60 / 190], [train loss 1.40733] 
[Global iteration 1400], [iter 70 / 190], [train loss 1.38904] 
[Global iteration 1410], [iter 80 / 190], [train loss 1.39619] 
[Global iteration 1420], [iter 90 / 190], [train loss 1.39759] 
[Global iteration 1430], [iter 100 / 190], [train loss 1.39556] 
[Global iteration 1440], [iter 110 / 190], [train loss 1.38474] 
[Global iteration 1450], [iter 120 / 190], [train loss 1.37838] 
[Global iteration 1460], [iter 130 / 190], [train loss 1.37207] 
[Global iteration 1470], [iter 140 / 190], [train loss 1.36048] 
[Global iteration 1480], [iter 150 / 190], [train loss 1.36437] 
[Global iteration 1490], [iter 160 / 190], [train loss 1.35909] 
[Global iteration 1500], [iter 170 / 190], [train loss 1.36210] 
[Global iteration 1510], [iter 180 / 190], [train loss 1.36048] 
[Global iteration 1520], [iter 190 / 190], [train loss 1.36012] 
----------------- Epoch scores summary -------------------------
[epoch 8], [val loss 0.01629], [acc 98.67], [precision 16.34], [recall 15.90], [f1score 14.97]
---------------------------------------------------------------- 
	 Epoch step finished: 92s 
	 ------ Epoch: 9 ------ 
[Global iteration 1530], [iter 10 / 190], [train loss 1.34810] 
[Global iteration 1540], [iter 20 / 190], [train loss 1.36453] 
[Global iteration 1550], [iter 30 / 190], [train loss 1.36517] 
[Global iteration 1560], [iter 40 / 190], [train loss 1.34001] 
[Global iteration 1570], [iter 50 / 190], [train loss 1.31238] 
[Global iteration 1580], [iter 60 / 190], [train loss 1.31422] 
[Global iteration 1590], [iter 70 / 190], [train loss 1.30126] 
[Global iteration 1600], [iter 80 / 190], [train loss 1.28517] 
[Global iteration 1610], [iter 90 / 190], [train loss 1.28413] 
[Global iteration 1620], [iter 100 / 190], [train loss 1.26170] 
[Global iteration 1630], [iter 110 / 190], [train loss 1.25268] 
[Global iteration 1640], [iter 120 / 190], [train loss 1.24820] 
[Global iteration 1650], [iter 130 / 190], [train loss 1.24698] 
[Global iteration 1660], [iter 140 / 190], [train loss 1.24466] 
[Global iteration 1670], [iter 150 / 190], [train loss 1.23826] 
[Global iteration 1680], [iter 160 / 190], [train loss 1.23347] 
[Global iteration 1690], [iter 170 / 190], [train loss 1.21912] 
[Global iteration 1700], [iter 180 / 190], [train loss 1.20538] 
[Global iteration 1710], [iter 190 / 190], [train loss 1.19814] 
----------------- Epoch scores summary -------------------------
[epoch 9], [val loss 0.01484], [acc 98.79], [precision 21.30], [recall 17.61], [f1score 16.58]
---------------------------------------------------------------- 
	 Epoch step finished: 93s 
	 ------ Epoch: 10 ------ 
[Global iteration 1720], [iter 10 / 190], [train loss 0.91998] 
[Global iteration 1730], [iter 20 / 190], [train loss 0.94135] 
[Global iteration 1740], [iter 30 / 190], [train loss 0.95584] 
[Global iteration 1750], [iter 40 / 190], [train loss 0.97544] 
[Global iteration 1760], [iter 50 / 190], [train loss 0.97643] 
[Global iteration 1770], [iter 60 / 190], [train loss 0.99109] 
[Global iteration 1780], [iter 70 / 190], [train loss 1.00072] 
[Global iteration 1790], [iter 80 / 190], [train loss 1.00127] 
[Global iteration 1800], [iter 90 / 190], [train loss 0.99920] 
[Global iteration 1810], [iter 100 / 190], [train loss 0.99909] 
[Global iteration 1820], [iter 110 / 190], [train loss 0.99370] 
[Global iteration 1830], [iter 120 / 190], [train loss 0.99615] 
[Global iteration 1840], [iter 130 / 190], [train loss 0.99202] 
[Global iteration 1850], [iter 140 / 190], [train loss 0.98949] 
[Global iteration 1860], [iter 150 / 190], [train loss 0.98269] 
[Global iteration 1870], [iter 160 / 190], [train loss 0.97741] 
[Global iteration 1880], [iter 170 / 190], [train loss 0.96832] 
[Global iteration 1890], [iter 180 / 190], [train loss 0.95947] 
[Global iteration 1900], [iter 190 / 190], [train loss 0.95072] 
----------------- Epoch scores summary -------------------------
[epoch 10], [val loss 0.00951], [acc 99.17], [precision 31.62], [recall 31.82], [f1score 29.37]
---------------------------------------------------------------- 
	 Epoch step finished: 93s 
	 ------ Epoch: 11 ------ 
[Global iteration 1910], [iter 10 / 190], [train loss 0.75081] 
[Global iteration 1920], [iter 20 / 190], [train loss 0.82477] 
[Global iteration 1930], [iter 30 / 190], [train loss 0.79949] 
[Global iteration 1940], [iter 40 / 190], [train loss 0.78200] 
[Global iteration 1950], [iter 50 / 190], [train loss 0.78391] 
[Global iteration 1960], [iter 60 / 190], [train loss 0.78673] 
[Global iteration 1970], [iter 70 / 190], [train loss 0.77992] 
[Global iteration 1980], [iter 80 / 190], [train loss 0.77014] 
[Global iteration 1990], [iter 90 / 190], [train loss 0.77475] 
[Global iteration 2000], [iter 100 / 190], [train loss 0.77834] 
[Global iteration 2010], [iter 110 / 190], [train loss 0.77153] 
[Global iteration 2020], [iter 120 / 190], [train loss 0.77745] 
[Global iteration 2030], [iter 130 / 190], [train loss 0.77351] 
[Global iteration 2040], [iter 140 / 190], [train loss 0.77415] 
[Global iteration 2050], [iter 150 / 190], [train loss 0.76847] 
[Global iteration 2060], [iter 160 / 190], [train loss 0.75951] 
[Global iteration 2070], [iter 170 / 190], [train loss 0.76101] 
[Global iteration 2080], [iter 180 / 190], [train loss 0.76121] 
[Global iteration 2090], [iter 190 / 190], [train loss 0.75596] 
----------------- Epoch scores summary -------------------------
[epoch 11], [val loss 0.00973], [acc 99.20], [precision 36.37], [recall 33.37], [f1score 31.75]
---------------------------------------------------------------- 
	 Epoch step finished: 93s 
	 ------ Epoch: 12 ------ 
[Global iteration 2100], [iter 10 / 190], [train loss 0.60489] 
[Global iteration 2110], [iter 20 / 190], [train loss 0.60656] 
[Global iteration 2120], [iter 30 / 190], [train loss 0.58634] 
[Global iteration 2130], [iter 40 / 190], [train loss 0.59316] 
[Global iteration 2140], [iter 50 / 190], [train loss 0.59420] 
[Global iteration 2150], [iter 60 / 190], [train loss 0.60011] 
[Global iteration 2160], [iter 70 / 190], [train loss 0.61160] 
[Global iteration 2170], [iter 80 / 190], [train loss 0.61580] 
[Global iteration 2180], [iter 90 / 190], [train loss 0.61647] 
[Global iteration 2190], [iter 100 / 190], [train loss 0.62559] 
[Global iteration 2200], [iter 110 / 190], [train loss 0.63045] 
[Global iteration 2210], [iter 120 / 190], [train loss 0.63931] 
[Global iteration 2220], [iter 130 / 190], [train loss 0.63717] 
[Global iteration 2230], [iter 140 / 190], [train loss 0.63652] 
[Global iteration 2240], [iter 150 / 190], [train loss 0.63461] 
[Global iteration 2250], [iter 160 / 190], [train loss 0.63691] 
[Global iteration 2260], [iter 170 / 190], [train loss 0.63204] 
[Global iteration 2270], [iter 180 / 190], [train loss 0.63140] 
[Global iteration 2280], [iter 190 / 190], [train loss 0.62998] 
----------------- Epoch scores summary -------------------------
[epoch 12], [val loss 0.00995], [acc 99.20], [precision 37.25], [recall 35.22], [f1score 31.16]
---------------------------------------------------------------- 
	 Epoch step finished: 92s 
	 ------ Epoch: 13 ------ 
[Global iteration 2290], [iter 10 / 190], [train loss 0.56512] 
[Global iteration 2300], [iter 20 / 190], [train loss 0.57829] 
[Global iteration 2310], [iter 30 / 190], [train loss 0.58897] 
[Global iteration 2320], [iter 40 / 190], [train loss 0.56216] 
[Global iteration 2330], [iter 50 / 190], [train loss 0.55604] 
[Global iteration 2340], [iter 60 / 190], [train loss 0.55102] 
[Global iteration 2350], [iter 70 / 190], [train loss 0.55385] 
[Global iteration 2360], [iter 80 / 190], [train loss 0.54434] 
[Global iteration 2370], [iter 90 / 190], [train loss 0.53926] 
[Global iteration 2380], [iter 100 / 190], [train loss 0.53211] 
[Global iteration 2390], [iter 110 / 190], [train loss 0.53117] 
[Global iteration 2400], [iter 120 / 190], [train loss 0.52217] 
[Global iteration 2410], [iter 130 / 190], [train loss 0.52180] 
[Global iteration 2420], [iter 140 / 190], [train loss 0.52239] 
[Global iteration 2430], [iter 150 / 190], [train loss 0.52121] 
[Global iteration 2440], [iter 160 / 190], [train loss 0.52305] 
[Global iteration 2450], [iter 170 / 190], [train loss 0.52000] 
[Global iteration 2460], [iter 180 / 190], [train loss 0.51804] 
[Global iteration 2470], [iter 190 / 190], [train loss 0.51479] 
----------------- Epoch scores summary -------------------------
[epoch 13], [val loss 0.00881], [acc 99.28], [precision 39.74], [recall 35.43], [f1score 33.46]
---------------------------------------------------------------- 
	 Epoch step finished: 92s 
	 ------ Epoch: 14 ------ 
[Global iteration 2480], [iter 10 / 190], [train loss 0.46993] 
[Global iteration 2490], [iter 20 / 190], [train loss 0.47739] 
[Global iteration 2500], [iter 30 / 190], [train loss 0.45876] 
[Global iteration 2510], [iter 40 / 190], [train loss 0.45941] 
[Global iteration 2520], [iter 50 / 190], [train loss 0.45256] 
[Global iteration 2530], [iter 60 / 190], [train loss 0.44821] 
[Global iteration 2540], [iter 70 / 190], [train loss 0.45526] 
[Global iteration 2550], [iter 80 / 190], [train loss 0.44642] 
[Global iteration 2560], [iter 90 / 190], [train loss 0.44706] 
[Global iteration 2570], [iter 100 / 190], [train loss 0.44419] 
[Global iteration 2580], [iter 110 / 190], [train loss 0.45101] 
[Global iteration 2590], [iter 120 / 190], [train loss 0.44694] 
[Global iteration 2600], [iter 130 / 190], [train loss 0.44668] 
[Global iteration 2610], [iter 140 / 190], [train loss 0.44402] 
[Global iteration 2620], [iter 150 / 190], [train loss 0.44517] 
[Global iteration 2630], [iter 160 / 190], [train loss 0.44715] 
[Global iteration 2640], [iter 170 / 190], [train loss 0.44799] 
[Global iteration 2650], [iter 180 / 190], [train loss 0.44874] 
[Global iteration 2660], [iter 190 / 190], [train loss 0.44628] 
----------------- Epoch scores summary -------------------------
[epoch 14], [val loss 0.00980], [acc 99.22], [precision 34.04], [recall 37.97], [f1score 32.11]
---------------------------------------------------------------- 
	 Epoch step finished: 92s 
	 ------ Epoch: 15 ------ 
[Global iteration 2670], [iter 10 / 190], [train loss 0.33259] 
[Global iteration 2680], [iter 20 / 190], [train loss 0.35764] 
[Global iteration 2690], [iter 30 / 190], [train loss 0.38932] 
[Global iteration 2700], [iter 40 / 190], [train loss 0.40227] 
[Global iteration 2710], [iter 50 / 190], [train loss 0.40924] 
[Global iteration 2720], [iter 60 / 190], [train loss 0.41705] 
[Global iteration 2730], [iter 70 / 190], [train loss 0.42468] 
[Global iteration 2740], [iter 80 / 190], [train loss 0.42064] 
[Global iteration 2750], [iter 90 / 190], [train loss 0.42458] 
[Global iteration 2760], [iter 100 / 190], [train loss 0.42616] 
[Global iteration 2770], [iter 110 / 190], [train loss 0.42549] 
[Global iteration 2780], [iter 120 / 190], [train loss 0.42677] 
[Global iteration 2790], [iter 130 / 190], [train loss 0.42383] 
[Global iteration 2800], [iter 140 / 190], [train loss 0.42190] 
[Global iteration 2810], [iter 150 / 190], [train loss 0.42191] 
[Global iteration 2820], [iter 160 / 190], [train loss 0.42055] 
[Global iteration 2830], [iter 170 / 190], [train loss 0.41809] 
[Global iteration 2840], [iter 180 / 190], [train loss 0.42239] 
[Global iteration 2850], [iter 190 / 190], [train loss 0.42161] 
----------------- Epoch scores summary -------------------------
[epoch 15], [val loss 0.00853], [acc 99.38], [precision 36.26], [recall 34.66], [f1score 33.43]
---------------------------------------------------------------- 
	 Epoch step finished: 92s 
	 ------ Epoch: 16 ------ 
[Global iteration 2860], [iter 10 / 190], [train loss 0.30136] 
[Global iteration 2870], [iter 20 / 190], [train loss 0.28050] 
[Global iteration 2880], [iter 30 / 190], [train loss 0.31299] 
[Global iteration 2890], [iter 40 / 190], [train loss 0.31761] 
[Global iteration 2900], [iter 50 / 190], [train loss 0.31994] 
[Global iteration 2910], [iter 60 / 190], [train loss 0.32165] 
[Global iteration 2920], [iter 70 / 190], [train loss 0.31869] 
[Global iteration 2930], [iter 80 / 190], [train loss 0.32419] 
[Global iteration 2940], [iter 90 / 190], [train loss 0.32588] 
[Global iteration 2950], [iter 100 / 190], [train loss 0.31944] 
[Global iteration 2960], [iter 110 / 190], [train loss 0.32066] 
[Global iteration 2970], [iter 120 / 190], [train loss 0.32504] 
[Global iteration 2980], [iter 130 / 190], [train loss 0.32946] 
[Global iteration 2990], [iter 140 / 190], [train loss 0.33111] 
[Global iteration 3000], [iter 150 / 190], [train loss 0.33465] 
[Global iteration 3010], [iter 160 / 190], [train loss 0.33679] 
[Global iteration 3020], [iter 170 / 190], [train loss 0.33915] 
[Global iteration 3030], [iter 180 / 190], [train loss 0.33999] 
[Global iteration 3040], [iter 190 / 190], [train loss 0.34372] 
----------------- Epoch scores summary -------------------------
[epoch 16], [val loss 0.00807], [acc 99.32], [precision 48.72], [recall 41.03], [f1score 40.20]
---------------------------------------------------------------- 
	 Epoch step finished: 92s 
	 ------ Epoch: 17 ------ 
[Global iteration 3050], [iter 10 / 190], [train loss 0.29516] 
[Global iteration 3060], [iter 20 / 190], [train loss 0.32033] 
[Global iteration 3070], [iter 30 / 190], [train loss 0.32454] 
[Global iteration 3080], [iter 40 / 190], [train loss 0.33647] 
[Global iteration 3090], [iter 50 / 190], [train loss 0.31685] 
[Global iteration 3100], [iter 60 / 190], [train loss 0.31957] 
[Global iteration 3110], [iter 70 / 190], [train loss 0.31701] 
[Global iteration 3120], [iter 80 / 190], [train loss 0.31252] 
[Global iteration 3130], [iter 90 / 190], [train loss 0.30985] 
[Global iteration 3140], [iter 100 / 190], [train loss 0.31674] 
[Global iteration 3150], [iter 110 / 190], [train loss 0.31543] 
[Global iteration 3160], [iter 120 / 190], [train loss 0.31192] 
[Global iteration 3170], [iter 130 / 190], [train loss 0.31251] 
[Global iteration 3180], [iter 140 / 190], [train loss 0.31077] 
[Global iteration 3190], [iter 150 / 190], [train loss 0.31016] 
[Global iteration 3200], [iter 160 / 190], [train loss 0.30788] 
[Global iteration 3210], [iter 170 / 190], [train loss 0.31259] 
[Global iteration 3220], [iter 180 / 190], [train loss 0.30925] 
[Global iteration 3230], [iter 190 / 190], [train loss 0.30975] 
----------------- Epoch scores summary -------------------------
[epoch 17], [val loss 0.01095], [acc 99.29], [precision 33.46], [recall 35.57], [f1score 32.47]
---------------------------------------------------------------- 
	 Epoch step finished: 92s 
	 ------ Epoch: 18 ------ 
[Global iteration 3240], [iter 10 / 190], [train loss 0.29204] 
[Global iteration 3250], [iter 20 / 190], [train loss 0.28157] 
[Global iteration 3260], [iter 30 / 190], [train loss 0.27341] 
[Global iteration 3270], [iter 40 / 190], [train loss 0.27670] 
[Global iteration 3280], [iter 50 / 190], [train loss 0.27641] 
[Global iteration 3290], [iter 60 / 190], [train loss 0.27944] 
[Global iteration 3300], [iter 70 / 190], [train loss 0.28033] 
[Global iteration 3310], [iter 80 / 190], [train loss 0.27898] 
[Global iteration 3320], [iter 90 / 190], [train loss 0.27696] 
[Global iteration 3330], [iter 100 / 190], [train loss 0.28257] 
[Global iteration 3340], [iter 110 / 190], [train loss 0.28185] 
[Global iteration 3350], [iter 120 / 190], [train loss 0.27921] 
[Global iteration 3360], [iter 130 / 190], [train loss 0.28111] 
[Global iteration 3370], [iter 140 / 190], [train loss 0.27987] 
[Global iteration 3380], [iter 150 / 190], [train loss 0.27994] 
[Global iteration 3390], [iter 160 / 190], [train loss 0.28435] 
[Global iteration 3400], [iter 170 / 190], [train loss 0.28534] 
[Global iteration 3410], [iter 180 / 190], [train loss 0.28185] 
[Global iteration 3420], [iter 190 / 190], [train loss 0.28459] 
----------------- Epoch scores summary -------------------------
[epoch 18], [val loss 0.00684], [acc 99.52], [precision 43.69], [recall 43.49], [f1score 41.04]
---------------------------------------------------------------- 
	 Epoch step finished: 92s 
	 ------ Epoch: 19 ------ 
[Global iteration 3430], [iter 10 / 190], [train loss 0.22818] 
[Global iteration 3440], [iter 20 / 190], [train loss 0.21757] 
[Global iteration 3450], [iter 30 / 190], [train loss 0.22665] 
[Global iteration 3460], [iter 40 / 190], [train loss 0.22580] 
[Global iteration 3470], [iter 50 / 190], [train loss 0.23266] 
[Global iteration 3480], [iter 60 / 190], [train loss 0.23542] 
[Global iteration 3490], [iter 70 / 190], [train loss 0.23530] 
[Global iteration 3500], [iter 80 / 190], [train loss 0.23200] 
[Global iteration 3510], [iter 90 / 190], [train loss 0.23632] 
[Global iteration 3520], [iter 100 / 190], [train loss 0.23912] 
[Global iteration 3530], [iter 110 / 190], [train loss 0.23586] 
[Global iteration 3540], [iter 120 / 190], [train loss 0.23809] 
[Global iteration 3550], [iter 130 / 190], [train loss 0.23784] 
[Global iteration 3560], [iter 140 / 190], [train loss 0.23547] 
[Global iteration 3570], [iter 150 / 190], [train loss 0.23621] 
[Global iteration 3580], [iter 160 / 190], [train loss 0.23920] 
[Global iteration 3590], [iter 170 / 190], [train loss 0.23903] 
[Global iteration 3600], [iter 180 / 190], [train loss 0.24059] 
[Global iteration 3610], [iter 190 / 190], [train loss 0.24209] 
----------------- Epoch scores summary -------------------------
[epoch 19], [val loss 0.00727], [acc 99.46], [precision 54.56], [recall 46.87], [f1score 46.61]
---------------------------------------------------------------- 
	 Epoch step finished: 92s 
	 ------ Epoch: 20 ------ 
[Global iteration 3620], [iter 10 / 190], [train loss 0.24276] 
[Global iteration 3630], [iter 20 / 190], [train loss 0.22331] 
[Global iteration 3640], [iter 30 / 190], [train loss 0.22432] 
[Global iteration 3650], [iter 40 / 190], [train loss 0.22026] 
[Global iteration 3660], [iter 50 / 190], [train loss 0.22255] 
[Global iteration 3670], [iter 60 / 190], [train loss 0.22570] 
[Global iteration 3680], [iter 70 / 190], [train loss 0.22732] 
[Global iteration 3690], [iter 80 / 190], [train loss 0.22473] 
[Global iteration 3700], [iter 90 / 190], [train loss 0.22764] 
[Global iteration 3710], [iter 100 / 190], [train loss 0.22691] 
[Global iteration 3720], [iter 110 / 190], [train loss 0.22777] 
[Global iteration 3730], [iter 120 / 190], [train loss 0.23123] 
[Global iteration 3740], [iter 130 / 190], [train loss 0.23188] 
[Global iteration 3750], [iter 140 / 190], [train loss 0.22848] 
[Global iteration 3760], [iter 150 / 190], [train loss 0.23020] 
[Global iteration 3770], [iter 160 / 190], [train loss 0.23425] 
[Global iteration 3780], [iter 170 / 190], [train loss 0.23191] 
[Global iteration 3790], [iter 180 / 190], [train loss 0.23241] 
[Global iteration 3800], [iter 190 / 190], [train loss 0.23579] 
----------------- Epoch scores summary -------------------------
[epoch 20], [val loss 0.00684], [acc 99.51], [precision 44.89], [recall 42.29], [f1score 40.30]
---------------------------------------------------------------- 
	 Epoch step finished: 92s 
	 ------ Epoch: 21 ------ 
[Global iteration 3810], [iter 10 / 190], [train loss 0.20229] 
[Global iteration 3820], [iter 20 / 190], [train loss 0.21040] 
[Global iteration 3830], [iter 30 / 190], [train loss 0.21347] 
[Global iteration 3840], [iter 40 / 190], [train loss 0.22981] 
[Global iteration 3850], [iter 50 / 190], [train loss 0.22680] 
[Global iteration 3860], [iter 60 / 190], [train loss 0.23055] 
[Global iteration 3870], [iter 70 / 190], [train loss 0.23450] 
[Global iteration 3880], [iter 80 / 190], [train loss 0.23890] 
[Global iteration 3890], [iter 90 / 190], [train loss 0.24131] 
[Global iteration 3900], [iter 100 / 190], [train loss 0.24409] 
[Global iteration 3910], [iter 110 / 190], [train loss 0.24661] 
[Global iteration 3920], [iter 120 / 190], [train loss 0.24727] 
[Global iteration 3930], [iter 130 / 190], [train loss 0.24603] 
[Global iteration 3940], [iter 140 / 190], [train loss 0.24163] 
[Global iteration 3950], [iter 150 / 190], [train loss 0.24143] 
[Global iteration 3960], [iter 160 / 190], [train loss 0.24046] 
[Global iteration 3970], [iter 170 / 190], [train loss 0.24204] 
[Global iteration 3980], [iter 180 / 190], [train loss 0.24444] 
[Global iteration 3990], [iter 190 / 190], [train loss 0.24389] 
----------------- Epoch scores summary -------------------------
[epoch 21], [val loss 0.00706], [acc 99.39], [precision 49.61], [recall 51.80], [f1score 47.66]
---------------------------------------------------------------- 
	 Epoch step finished: 93s 
	 ------ Epoch: 22 ------ 
[Global iteration 4000], [iter 10 / 190], [train loss 0.18326] 
[Global iteration 4010], [iter 20 / 190], [train loss 0.19208] 
[Global iteration 4020], [iter 30 / 190], [train loss 0.19469] 
[Global iteration 4030], [iter 40 / 190], [train loss 0.19458] 
[Global iteration 4040], [iter 50 / 190], [train loss 0.20758] 
[Global iteration 4050], [iter 60 / 190], [train loss 0.21206] 
[Global iteration 4060], [iter 70 / 190], [train loss 0.21290] 
[Global iteration 4070], [iter 80 / 190], [train loss 0.21368] 
[Global iteration 4080], [iter 90 / 190], [train loss 0.22049] 
[Global iteration 4090], [iter 100 / 190], [train loss 0.21885] 
[Global iteration 4100], [iter 110 / 190], [train loss 0.21654] 
[Global iteration 4110], [iter 120 / 190], [train loss 0.21565] 
[Global iteration 4120], [iter 130 / 190], [train loss 0.21721] 
[Global iteration 4130], [iter 140 / 190], [train loss 0.21852] 
[Global iteration 4140], [iter 150 / 190], [train loss 0.21945] 
[Global iteration 4150], [iter 160 / 190], [train loss 0.22180] 
[Global iteration 4160], [iter 170 / 190], [train loss 0.22029] 
[Global iteration 4170], [iter 180 / 190], [train loss 0.21618] 
[Global iteration 4180], [iter 190 / 190], [train loss 0.21545] 
----------------- Epoch scores summary -------------------------
[epoch 22], [val loss 0.00783], [acc 99.31], [precision 42.70], [recall 43.32], [f1score 38.17]
---------------------------------------------------------------- 
	 Epoch step finished: 93s 
	 ------ Epoch: 23 ------ 
[Global iteration 4190], [iter 10 / 190], [train loss 0.19746] 
[Global iteration 4200], [iter 20 / 190], [train loss 0.21584] 
[Global iteration 4210], [iter 30 / 190], [train loss 0.19367] 
[Global iteration 4220], [iter 40 / 190], [train loss 0.20691] 
[Global iteration 4230], [iter 50 / 190], [train loss 0.20034] 
[Global iteration 4240], [iter 60 / 190], [train loss 0.19662] 
[Global iteration 4250], [iter 70 / 190], [train loss 0.19475] 
[Global iteration 4260], [iter 80 / 190], [train loss 0.20027] 
[Global iteration 4270], [iter 90 / 190], [train loss 0.19711] 
[Global iteration 4280], [iter 100 / 190], [train loss 0.20117] 
[Global iteration 4290], [iter 110 / 190], [train loss 0.20271] 
[Global iteration 4300], [iter 120 / 190], [train loss 0.20377] 
[Global iteration 4310], [iter 130 / 190], [train loss 0.19999] 
[Global iteration 4320], [iter 140 / 190], [train loss 0.19592] 
[Global iteration 4330], [iter 150 / 190], [train loss 0.19900] 
[Global iteration 4340], [iter 160 / 190], [train loss 0.19796] 
[Global iteration 4350], [iter 170 / 190], [train loss 0.19795] 
[Global iteration 4360], [iter 180 / 190], [train loss 0.19955] 
[Global iteration 4370], [iter 190 / 190], [train loss 0.19964] 
----------------- Epoch scores summary -------------------------
[epoch 23], [val loss 0.00917], [acc 99.29], [precision 39.09], [recall 39.04], [f1score 36.59]
---------------------------------------------------------------- 
	 Epoch step finished: 93s 
	 ------ Epoch: 24 ------ 
[Global iteration 4380], [iter 10 / 190], [train loss 0.19258] 
[Global iteration 4390], [iter 20 / 190], [train loss 0.20875] 
[Global iteration 4400], [iter 30 / 190], [train loss 0.19284] 
[Global iteration 4410], [iter 40 / 190], [train loss 0.19329] 
[Global iteration 4420], [iter 50 / 190], [train loss 0.19345] 
[Global iteration 4430], [iter 60 / 190], [train loss 0.19297] 
[Global iteration 4440], [iter 70 / 190], [train loss 0.19309] 
[Global iteration 4450], [iter 80 / 190], [train loss 0.19128] 
[Global iteration 4460], [iter 90 / 190], [train loss 0.18866] 
[Global iteration 4470], [iter 100 / 190], [train loss 0.18665] 
[Global iteration 4480], [iter 110 / 190], [train loss 0.18322] 
[Global iteration 4490], [iter 120 / 190], [train loss 0.18439] 
[Global iteration 4500], [iter 130 / 190], [train loss 0.18383] 
[Global iteration 4510], [iter 140 / 190], [train loss 0.18289] 
[Global iteration 4520], [iter 150 / 190], [train loss 0.18556] 
[Global iteration 4530], [iter 160 / 190], [train loss 0.18375] 
[Global iteration 4540], [iter 170 / 190], [train loss 0.18540] 
[Global iteration 4550], [iter 180 / 190], [train loss 0.18472] 
[Global iteration 4560], [iter 190 / 190], [train loss 0.18293] 
----------------- Epoch scores summary -------------------------
[epoch 24], [val loss 0.00514], [acc 99.62], [precision 55.64], [recall 54.18], [f1score 52.52]
---------------------------------------------------------------- 
	 Epoch step finished: 93s 
	 ------ Epoch: 25 ------ 
[Global iteration 4570], [iter 10 / 190], [train loss 0.16406] 
[Global iteration 4580], [iter 20 / 190], [train loss 0.15768] 
[Global iteration 4590], [iter 30 / 190], [train loss 0.16979] 
[Global iteration 4600], [iter 40 / 190], [train loss 0.16051] 
[Global iteration 4610], [iter 50 / 190], [train loss 0.16209] 
[Global iteration 4620], [iter 60 / 190], [train loss 0.16653] 
[Global iteration 4630], [iter 70 / 190], [train loss 0.16741] 
[Global iteration 4640], [iter 80 / 190], [train loss 0.17347] 
[Global iteration 4650], [iter 90 / 190], [train loss 0.17147] 
[Global iteration 4660], [iter 100 / 190], [train loss 0.16907] 
[Global iteration 4670], [iter 110 / 190], [train loss 0.16844] 
[Global iteration 4680], [iter 120 / 190], [train loss 0.17037] 
[Global iteration 4690], [iter 130 / 190], [train loss 0.16977] 
[Global iteration 4700], [iter 140 / 190], [train loss 0.17134] 
[Global iteration 4710], [iter 150 / 190], [train loss 0.17235] 
[Global iteration 4720], [iter 160 / 190], [train loss 0.17311] 
[Global iteration 4730], [iter 170 / 190], [train loss 0.17261] 
[Global iteration 4740], [iter 180 / 190], [train loss 0.17384] 
[Global iteration 4750], [iter 190 / 190], [train loss 0.17240] 
----------------- Epoch scores summary -------------------------
[epoch 25], [val loss 0.00579], [acc 99.58], [precision 55.05], [recall 53.87], [f1score 51.83]
---------------------------------------------------------------- 
	 Epoch step finished: 93s 
----------------- Scores summary --------------------
[val loss 0.00579], [acc 99.58], [precision 55.05], [recall 53.87], [f1score 51.83]
---------------------------------------------------------------- 
----------------- Scores summary --------------------
[val loss 0.00302], [acc 99.75], [precision 87.22], [recall 87.64], [f1score 87.06]
---------------------------------------------------------------- 
