
- Starting train <--- 
	 ------ Epoch: 1 ------ 
[Global iteration 38], [iter 38 / 751], [train loss 2.09123] 
[Global iteration 76], [iter 76 / 751], [train loss 2.08939] 
[Global iteration 114], [iter 114 / 751], [train loss 2.08674] 
[Global iteration 152], [iter 152 / 751], [train loss 2.08358] 
[Global iteration 190], [iter 190 / 751], [train loss 2.07996] 
[Global iteration 228], [iter 228 / 751], [train loss 2.07605] 
[Global iteration 266], [iter 266 / 751], [train loss 2.07185] 
[Global iteration 304], [iter 304 / 751], [train loss 2.06746] 
[Global iteration 342], [iter 342 / 751], [train loss 2.06313] 
[Global iteration 380], [iter 380 / 751], [train loss 2.05857] 
[Global iteration 418], [iter 418 / 751], [train loss 2.05397] 
[Global iteration 456], [iter 456 / 751], [train loss 2.04946] 
[Global iteration 494], [iter 494 / 751], [train loss 2.04475] 
[Global iteration 532], [iter 532 / 751], [train loss 2.04008] 
[Global iteration 570], [iter 570 / 751], [train loss 2.03542] 
[Global iteration 608], [iter 608 / 751], [train loss 2.03062] 
[Global iteration 646], [iter 646 / 751], [train loss 2.02619] 
[Global iteration 684], [iter 684 / 751], [train loss 2.02147] 
[Global iteration 722], [iter 722 / 751], [train loss 2.01691] 
----------------- Epoch scores summary -------------------------
[epoch 1], [val loss 0.02401], [acc 87.02], [precision 6.01], [recall 12.50], [f1score 8.12]
---------------------------------------------------------------- 
	 Epoch step finished: 130s 
	 ------ Epoch: 2 ------ 
[Global iteration 789], [iter 38 / 751], [train loss 1.91681] 
[Global iteration 827], [iter 76 / 751], [train loss 1.91436] 
[Global iteration 865], [iter 114 / 751], [train loss 1.90961] 
[Global iteration 903], [iter 152 / 751], [train loss 1.90462] 
[Global iteration 941], [iter 190 / 751], [train loss 1.90097] 
[Global iteration 979], [iter 228 / 751], [train loss 1.89686] 
[Global iteration 1017], [iter 266 / 751], [train loss 1.89319] 
[Global iteration 1055], [iter 304 / 751], [train loss 1.88875] 
[Global iteration 1093], [iter 342 / 751], [train loss 1.88448] 
[Global iteration 1131], [iter 380 / 751], [train loss 1.87979] 
[Global iteration 1169], [iter 418 / 751], [train loss 1.87588] 
[Global iteration 1207], [iter 456 / 751], [train loss 1.87171] 
[Global iteration 1245], [iter 494 / 751], [train loss 1.86741] 
[Global iteration 1283], [iter 532 / 751], [train loss 1.86348] 
[Global iteration 1321], [iter 570 / 751], [train loss 1.85935] 
[Global iteration 1359], [iter 608 / 751], [train loss 1.85557] 
[Global iteration 1397], [iter 646 / 751], [train loss 1.85193] 
[Global iteration 1435], [iter 684 / 751], [train loss 1.84791] 
